ERROR - 2023-12-25 17:00:10 --> mysqli_sql_exception: Table 'website.transaction' doesn't exist in C:\xampp-2\htdocs\magic_pro\website\system\Database\MySQLi\Connection.php:306
Stack trace:
#0 C:\xampp-2\htdocs\magic_pro\website\system\Database\MySQLi\Connection.php(306): mysqli->query('SELECT * FROM t...', 0)
#1 C:\xampp-2\htdocs\magic_pro\website\system\Database\BaseConnection.php(693): CodeIgniter\Database\MySQLi\Connection->execute('SELECT * FROM t...')
#2 C:\xampp-2\htdocs\magic_pro\website\system\Database\BaseConnection.php(607): CodeIgniter\Database\BaseConnection->simpleQuery('SELECT * FROM t...')
#3 C:\xampp-2\htdocs\magic_pro\website\app\Models\Comman_model.php(54): CodeIgniter\Database\BaseConnection->query('SELECT * FROM t...')
#4 C:\xampp-2\htdocs\magic_pro\website\app\Controllers\Includes.php(52): App\Models\Comman_model->get_all_data_by_query('SELECT * FROM t...')
#5 C:\xampp-2\htdocs\magic_pro\website\system\CodeIgniter.php(942): App\Controllers\Includes->fetch_posts_home()
#6 C:\xampp-2\htdocs\magic_pro\website\system\CodeIgniter.php(502): CodeIgniter\CodeIgniter->runController(Object(App\Controllers\Includes))
#7 C:\xampp-2\htdocs\magic_pro\website\system\CodeIgniter.php(361): CodeIgniter\CodeIgniter->handleRequest(NULL, Object(Config\Cache), false)
#8 C:\xampp-2\htdocs\magic_pro\website\public\index.php(79): CodeIgniter\CodeIgniter->run()
#9 {main}
CRITICAL - 2023-12-25 17:00:10 --> Table 'website.transaction' doesn't exist
in SYSTEMPATH\Database\BaseConnection.php on line 647.
 1 APPPATH\Models\Comman_model.php(54): CodeIgniter\Database\BaseConnection->query('SELECT * FROM transaction ORDER BY date DESC LIMIT 0,10')
 2 APPPATH\Controllers\Includes.php(52): App\Models\Comman_model->get_all_data_by_query('SELECT * FROM transaction ORDER BY date DESC LIMIT 0,10')
 3 SYSTEMPATH\CodeIgniter.php(942): App\Controllers\Includes->fetch_posts_home()
 4 SYSTEMPATH\CodeIgniter.php(502): CodeIgniter\CodeIgniter->runController(Object(App\Controllers\Includes))
 5 SYSTEMPATH\CodeIgniter.php(361): CodeIgniter\CodeIgniter->handleRequest(null, Object(Config\Cache), false)
 6 FCPATH\index.php(79): CodeIgniter\CodeIgniter->run()
CRITICAL - 2023-12-25 17:16:25 --> Path cannot be empty
in APPPATH\Helpers\functions_zone_helper.php on line 65.
 1 APPPATH\Helpers\functions_zone_helper.php(65): file_get_contents('')
 2 APPPATH\Controllers\Dashboard.php(114): file_upload('blog', 'image', '', '')
 3 SYSTEMPATH\CodeIgniter.php(942): App\Controllers\Dashboard->add_blog()
 4 SYSTEMPATH\CodeIgniter.php(502): CodeIgniter\CodeIgniter->runController(Object(App\Controllers\Dashboard))
 5 SYSTEMPATH\CodeIgniter.php(361): CodeIgniter\CodeIgniter->handleRequest(null, Object(Config\Cache), false)
 6 FCPATH\index.php(79): CodeIgniter\CodeIgniter->run()
CRITICAL - 2023-12-25 17:16:54 --> Path cannot be empty
in APPPATH\Helpers\functions_zone_helper.php on line 65.
 1 APPPATH\Helpers\functions_zone_helper.php(65): file_get_contents('')
 2 APPPATH\Controllers\Dashboard.php(114): file_upload('blog', 'image', '', '')
 3 SYSTEMPATH\CodeIgniter.php(942): App\Controllers\Dashboard->add_blog()
 4 SYSTEMPATH\CodeIgniter.php(502): CodeIgniter\CodeIgniter->runController(Object(App\Controllers\Dashboard))
 5 SYSTEMPATH\CodeIgniter.php(361): CodeIgniter\CodeIgniter->handleRequest(null, Object(Config\Cache), false)
 6 FCPATH\index.php(79): CodeIgniter\CodeIgniter->run()
CRITICAL - 2023-12-25 17:24:18 --> Undefined variable $blog_img
in APPPATH\Controllers\Dashboard.php on line 120.
 1 APPPATH\Controllers\Dashboard.php(120): CodeIgniter\Debug\Exceptions->errorHandler(2, 'Undefined variable $blog_img', 'C:\\xampp-2\\htdocs\\magic_pro\\website\\app\\Controllers\\Dashboard.php', 120)
 2 SYSTEMPATH\CodeIgniter.php(942): App\Controllers\Dashboard->add_blog()
 3 SYSTEMPATH\CodeIgniter.php(502): CodeIgniter\CodeIgniter->runController(Object(App\Controllers\Dashboard))
 4 SYSTEMPATH\CodeIgniter.php(361): CodeIgniter\CodeIgniter->handleRequest(null, Object(Config\Cache), false)
 5 FCPATH\index.php(79): CodeIgniter\CodeIgniter->run()
CRITICAL - 2023-12-25 17:24:32 --> Undefined variable $blog_img
in APPPATH\Controllers\Dashboard.php on line 120.
 1 APPPATH\Controllers\Dashboard.php(120): CodeIgniter\Debug\Exceptions->errorHandler(2, 'Undefined variable $blog_img', 'C:\\xampp-2\\htdocs\\magic_pro\\website\\app\\Controllers\\Dashboard.php', 120)
 2 SYSTEMPATH\CodeIgniter.php(942): App\Controllers\Dashboard->add_blog()
 3 SYSTEMPATH\CodeIgniter.php(502): CodeIgniter\CodeIgniter->runController(Object(App\Controllers\Dashboard))
 4 SYSTEMPATH\CodeIgniter.php(361): CodeIgniter\CodeIgniter->handleRequest(null, Object(Config\Cache), false)
 5 FCPATH\index.php(79): CodeIgniter\CodeIgniter->run()
CRITICAL - 2023-12-25 17:24:54 --> Too few arguments to function App\Models\Comman_model::insert_entry(), 1 passed in C:\xampp-2\htdocs\magic_pro\website\app\Controllers\Dashboard.php on line 125 and exactly 2 expected
in APPPATH\Models\Comman_model.php on line 31.
 1 APPPATH\Controllers\Dashboard.php(125): App\Models\Comman_model->insert_entry('blog')
 2 SYSTEMPATH\CodeIgniter.php(942): App\Controllers\Dashboard->add_blog()
 3 SYSTEMPATH\CodeIgniter.php(502): CodeIgniter\CodeIgniter->runController(Object(App\Controllers\Dashboard))
 4 SYSTEMPATH\CodeIgniter.php(361): CodeIgniter\CodeIgniter->handleRequest(null, Object(Config\Cache), false)
 5 FCPATH\index.php(79): CodeIgniter\CodeIgniter->run()
CRITICAL - 2023-12-25 17:25:17 --> Too few arguments to function App\Models\Comman_model::insert_entry(), 1 passed in C:\xampp-2\htdocs\magic_pro\website\app\Controllers\Dashboard.php on line 125 and exactly 2 expected
in APPPATH\Models\Comman_model.php on line 31.
 1 APPPATH\Controllers\Dashboard.php(125): App\Models\Comman_model->insert_entry('blog')
 2 SYSTEMPATH\CodeIgniter.php(942): App\Controllers\Dashboard->add_blog()
 3 SYSTEMPATH\CodeIgniter.php(502): CodeIgniter\CodeIgniter->runController(Object(App\Controllers\Dashboard))
 4 SYSTEMPATH\CodeIgniter.php(361): CodeIgniter\CodeIgniter->handleRequest(null, Object(Config\Cache), false)
 5 FCPATH\index.php(79): CodeIgniter\CodeIgniter->run()
CRITICAL - 2023-12-25 17:25:28 --> Too few arguments to function App\Models\Comman_model::insert_entry(), 1 passed in C:\xampp-2\htdocs\magic_pro\website\app\Controllers\Dashboard.php on line 125 and exactly 2 expected
in APPPATH\Models\Comman_model.php on line 31.
 1 APPPATH\Controllers\Dashboard.php(125): App\Models\Comman_model->insert_entry('blog')
 2 SYSTEMPATH\CodeIgniter.php(942): App\Controllers\Dashboard->add_blog()
 3 SYSTEMPATH\CodeIgniter.php(502): CodeIgniter\CodeIgniter->runController(Object(App\Controllers\Dashboard))
 4 SYSTEMPATH\CodeIgniter.php(361): CodeIgniter\CodeIgniter->handleRequest(null, Object(Config\Cache), false)
 5 FCPATH\index.php(79): CodeIgniter\CodeIgniter->run()
CRITICAL - 2023-12-25 17:25:30 --> Too few arguments to function App\Models\Comman_model::insert_entry(), 1 passed in C:\xampp-2\htdocs\magic_pro\website\app\Controllers\Dashboard.php on line 125 and exactly 2 expected
in APPPATH\Models\Comman_model.php on line 31.
 1 APPPATH\Controllers\Dashboard.php(125): App\Models\Comman_model->insert_entry('blog')
 2 SYSTEMPATH\CodeIgniter.php(942): App\Controllers\Dashboard->add_blog()
 3 SYSTEMPATH\CodeIgniter.php(502): CodeIgniter\CodeIgniter->runController(Object(App\Controllers\Dashboard))
 4 SYSTEMPATH\CodeIgniter.php(361): CodeIgniter\CodeIgniter->handleRequest(null, Object(Config\Cache), false)
 5 FCPATH\index.php(79): CodeIgniter\CodeIgniter->run()
CRITICAL - 2023-12-25 17:26:05 --> Too few arguments to function App\Models\Comman_model::insert_entry(), 1 passed in C:\xampp-2\htdocs\magic_pro\website\app\Controllers\Dashboard.php on line 125 and exactly 2 expected
in APPPATH\Models\Comman_model.php on line 31.
 1 APPPATH\Controllers\Dashboard.php(125): App\Models\Comman_model->insert_entry('blog')
 2 SYSTEMPATH\CodeIgniter.php(942): App\Controllers\Dashboard->add_blog()
 3 SYSTEMPATH\CodeIgniter.php(502): CodeIgniter\CodeIgniter->runController(Object(App\Controllers\Dashboard))
 4 SYSTEMPATH\CodeIgniter.php(361): CodeIgniter\CodeIgniter->handleRequest(null, Object(Config\Cache), false)
 5 FCPATH\index.php(79): CodeIgniter\CodeIgniter->run()
WARNING - 2023-12-25 17:26:34 --> [DEPRECATED] Creation of dynamic property App\Controllers\Dashboard::$comman_model is deprecated in APPPATH\Controllers\Dashboard.php on line 14.
 1 SYSTEMPATH\CodeIgniter.php(914): App\Controllers\Dashboard->__construct()
 2 SYSTEMPATH\CodeIgniter.php(493): CodeIgniter\CodeIgniter->createController()
 3 SYSTEMPATH\CodeIgniter.php(361): CodeIgniter\CodeIgniter->handleRequest(null, Object(Config\Cache), false)
 4 FCPATH\index.php(79): CodeIgniter\CodeIgniter->run()
INFO - 2023-12-25 17:26:34 --> Session: Class initialized using 'CodeIgniter\Session\Handlers\FileHandler' driver.
WARNING - 2023-12-25 17:26:34 --> [DEPRECATED] htmlentities(): Passing null to parameter #1 ($string) of type string is deprecated in APPPATH\Controllers\Dashboard.php on line 110.
 1 APPPATH\Controllers\Dashboard.php(110): htmlentities(null)
 2 SYSTEMPATH\CodeIgniter.php(942): App\Controllers\Dashboard->add_blog()
 3 SYSTEMPATH\CodeIgniter.php(502): CodeIgniter\CodeIgniter->runController(Object(App\Controllers\Dashboard))
 4 SYSTEMPATH\CodeIgniter.php(361): CodeIgniter\CodeIgniter->handleRequest(null, Object(Config\Cache), false)
 5 FCPATH\index.php(79): CodeIgniter\CodeIgniter->run()
WARNING - 2023-12-25 17:26:34 --> [DEPRECATED] Constant FILTER_SANITIZE_STRING is deprecated in APPPATH\Controllers\Dashboard.php on line 110.
 1 SYSTEMPATH\CodeIgniter.php(942): App\Controllers\Dashboard->add_blog()
 2 SYSTEMPATH\CodeIgniter.php(502): CodeIgniter\CodeIgniter->runController(Object(App\Controllers\Dashboard))
 3 SYSTEMPATH\CodeIgniter.php(361): CodeIgniter\CodeIgniter->handleRequest(null, Object(Config\Cache), false)
 4 FCPATH\index.php(79): CodeIgniter\CodeIgniter->run()
CRITICAL - 2023-12-25 17:26:34 --> Too few arguments to function App\Models\Comman_model::insert_entry(), 1 passed in C:\xampp-2\htdocs\magic_pro\website\app\Controllers\Dashboard.php on line 125 and exactly 2 expected
in APPPATH\Models\Comman_model.php on line 31.
 1 APPPATH\Controllers\Dashboard.php(125): App\Models\Comman_model->insert_entry('blog')
 2 SYSTEMPATH\CodeIgniter.php(942): App\Controllers\Dashboard->add_blog()
 3 SYSTEMPATH\CodeIgniter.php(502): CodeIgniter\CodeIgniter->runController(Object(App\Controllers\Dashboard))
 4 SYSTEMPATH\CodeIgniter.php(361): CodeIgniter\CodeIgniter->handleRequest(null, Object(Config\Cache), false)
 5 FCPATH\index.php(79): CodeIgniter\CodeIgniter->run()
WARNING - 2023-12-25 17:30:32 --> [DEPRECATED] Creation of dynamic property App\Controllers\Dashboard::$comman_model is deprecated in APPPATH\Controllers\Dashboard.php on line 14.
 1 SYSTEMPATH\CodeIgniter.php(914): App\Controllers\Dashboard->__construct()
 2 SYSTEMPATH\CodeIgniter.php(493): CodeIgniter\CodeIgniter->createController()
 3 SYSTEMPATH\CodeIgniter.php(361): CodeIgniter\CodeIgniter->handleRequest(null, Object(Config\Cache), false)
 4 FCPATH\index.php(79): CodeIgniter\CodeIgniter->run()
INFO - 2023-12-25 17:30:32 --> Session: Class initialized using 'CodeIgniter\Session\Handlers\FileHandler' driver.
WARNING - 2023-12-25 17:30:32 --> [DEPRECATED] htmlentities(): Passing null to parameter #1 ($string) of type string is deprecated in APPPATH\Controllers\Dashboard.php on line 110.
 1 APPPATH\Controllers\Dashboard.php(110): htmlentities(null)
 2 SYSTEMPATH\CodeIgniter.php(942): App\Controllers\Dashboard->add_blog()
 3 SYSTEMPATH\CodeIgniter.php(502): CodeIgniter\CodeIgniter->runController(Object(App\Controllers\Dashboard))
 4 SYSTEMPATH\CodeIgniter.php(361): CodeIgniter\CodeIgniter->handleRequest(null, Object(Config\Cache), false)
 5 FCPATH\index.php(79): CodeIgniter\CodeIgniter->run()
WARNING - 2023-12-25 17:30:32 --> [DEPRECATED] Constant FILTER_SANITIZE_STRING is deprecated in APPPATH\Controllers\Dashboard.php on line 110.
 1 SYSTEMPATH\CodeIgniter.php(942): App\Controllers\Dashboard->add_blog()
 2 SYSTEMPATH\CodeIgniter.php(502): CodeIgniter\CodeIgniter->runController(Object(App\Controllers\Dashboard))
 3 SYSTEMPATH\CodeIgniter.php(361): CodeIgniter\CodeIgniter->handleRequest(null, Object(Config\Cache), false)
 4 FCPATH\index.php(79): CodeIgniter\CodeIgniter->run()
CRITICAL - 2023-12-25 17:30:32 --> Too few arguments to function App\Models\Comman_model::insert_entry(), 1 passed in C:\xampp-2\htdocs\magic_pro\website\app\Controllers\Dashboard.php on line 125 and exactly 2 expected
in APPPATH\Models\Comman_model.php on line 31.
 1 APPPATH\Controllers\Dashboard.php(125): App\Models\Comman_model->insert_entry('blog')
 2 SYSTEMPATH\CodeIgniter.php(942): App\Controllers\Dashboard->add_blog()
 3 SYSTEMPATH\CodeIgniter.php(502): CodeIgniter\CodeIgniter->runController(Object(App\Controllers\Dashboard))
 4 SYSTEMPATH\CodeIgniter.php(361): CodeIgniter\CodeIgniter->handleRequest(null, Object(Config\Cache), false)
 5 FCPATH\index.php(79): CodeIgniter\CodeIgniter->run()
WARNING - 2023-12-25 17:31:13 --> [DEPRECATED] Creation of dynamic property App\Controllers\Dashboard::$comman_model is deprecated in APPPATH\Controllers\Dashboard.php on line 14.
 1 SYSTEMPATH\CodeIgniter.php(914): App\Controllers\Dashboard->__construct()
 2 SYSTEMPATH\CodeIgniter.php(493): CodeIgniter\CodeIgniter->createController()
 3 SYSTEMPATH\CodeIgniter.php(361): CodeIgniter\CodeIgniter->handleRequest(null, Object(Config\Cache), false)
 4 FCPATH\index.php(79): CodeIgniter\CodeIgniter->run()
INFO - 2023-12-25 17:31:13 --> Session: Class initialized using 'CodeIgniter\Session\Handlers\FileHandler' driver.
WARNING - 2023-12-25 17:31:13 --> [DEPRECATED] htmlentities(): Passing null to parameter #1 ($string) of type string is deprecated in APPPATH\Controllers\Dashboard.php on line 110.
 1 APPPATH\Controllers\Dashboard.php(110): htmlentities(null)
 2 SYSTEMPATH\CodeIgniter.php(942): App\Controllers\Dashboard->add_blog()
 3 SYSTEMPATH\CodeIgniter.php(502): CodeIgniter\CodeIgniter->runController(Object(App\Controllers\Dashboard))
 4 SYSTEMPATH\CodeIgniter.php(361): CodeIgniter\CodeIgniter->handleRequest(null, Object(Config\Cache), false)
 5 FCPATH\index.php(79): CodeIgniter\CodeIgniter->run()
WARNING - 2023-12-25 17:31:13 --> [DEPRECATED] Constant FILTER_SANITIZE_STRING is deprecated in APPPATH\Controllers\Dashboard.php on line 110.
 1 SYSTEMPATH\CodeIgniter.php(942): App\Controllers\Dashboard->add_blog()
 2 SYSTEMPATH\CodeIgniter.php(502): CodeIgniter\CodeIgniter->runController(Object(App\Controllers\Dashboard))
 3 SYSTEMPATH\CodeIgniter.php(361): CodeIgniter\CodeIgniter->handleRequest(null, Object(Config\Cache), false)
 4 FCPATH\index.php(79): CodeIgniter\CodeIgniter->run()
ERROR - 2023-12-25 17:31:13 --> mysqli_sql_exception: Column 'blog_text' cannot be null in C:\xampp-2\htdocs\magic_pro\website\system\Database\MySQLi\Connection.php:306
Stack trace:
#0 C:\xampp-2\htdocs\magic_pro\website\system\Database\MySQLi\Connection.php(306): mysqli->query('INSERT INTO `bl...', 0)
#1 C:\xampp-2\htdocs\magic_pro\website\system\Database\BaseConnection.php(693): CodeIgniter\Database\MySQLi\Connection->execute('INSERT INTO `bl...')
#2 C:\xampp-2\htdocs\magic_pro\website\system\Database\BaseConnection.php(607): CodeIgniter\Database\BaseConnection->simpleQuery('INSERT INTO `bl...')
#3 C:\xampp-2\htdocs\magic_pro\website\system\Database\BaseBuilder.php(2308): CodeIgniter\Database\BaseConnection->query('INSERT INTO `bl...', Array, false)
#4 C:\xampp-2\htdocs\magic_pro\website\app\Models\Comman_model.php(33): CodeIgniter\Database\BaseBuilder->insert(Array)
#5 C:\xampp-2\htdocs\magic_pro\website\app\Controllers\Dashboard.php(125): App\Models\Comman_model->insert_entry('blog', Array)
#6 C:\xampp-2\htdocs\magic_pro\website\system\CodeIgniter.php(942): App\Controllers\Dashboard->add_blog()
#7 C:\xampp-2\htdocs\magic_pro\website\system\CodeIgniter.php(502): CodeIgniter\CodeIgniter->runController(Object(App\Controllers\Dashboard))
#8 C:\xampp-2\htdocs\magic_pro\website\system\CodeIgniter.php(361): CodeIgniter\CodeIgniter->handleRequest(NULL, Object(Config\Cache), false)
#9 C:\xampp-2\htdocs\magic_pro\website\public\index.php(79): CodeIgniter\CodeIgniter->run()
#10 {main}
CRITICAL - 2023-12-25 17:31:13 --> Column 'blog_text' cannot be null
in SYSTEMPATH\Database\BaseConnection.php on line 647.
 1 SYSTEMPATH\Database\BaseBuilder.php(2308): CodeIgniter\Database\BaseConnection->query('INSERT INTO `blog` (`user_id`, `title`, `blog_text`, `blog_img`) VALUES (:user_id:, :title:, :blog_text:, :blog_img:)', [...], false)
 2 APPPATH\Models\Comman_model.php(33): CodeIgniter\Database\BaseBuilder->insert([...])
 3 APPPATH\Controllers\Dashboard.php(125): App\Models\Comman_model->insert_entry('blog', [...])
 4 SYSTEMPATH\CodeIgniter.php(942): App\Controllers\Dashboard->add_blog()
 5 SYSTEMPATH\CodeIgniter.php(502): CodeIgniter\CodeIgniter->runController(Object(App\Controllers\Dashboard))
 6 SYSTEMPATH\CodeIgniter.php(361): CodeIgniter\CodeIgniter->handleRequest(null, Object(Config\Cache), false)
 7 FCPATH\index.php(79): CodeIgniter\CodeIgniter->run()
WARNING - 2023-12-25 17:31:42 --> [DEPRECATED] Creation of dynamic property App\Controllers\Dashboard::$comman_model is deprecated in APPPATH\Controllers\Dashboard.php on line 14.
 1 SYSTEMPATH\CodeIgniter.php(914): App\Controllers\Dashboard->__construct()
 2 SYSTEMPATH\CodeIgniter.php(493): CodeIgniter\CodeIgniter->createController()
 3 SYSTEMPATH\CodeIgniter.php(361): CodeIgniter\CodeIgniter->handleRequest(null, Object(Config\Cache), false)
 4 FCPATH\index.php(79): CodeIgniter\CodeIgniter->run()
INFO - 2023-12-25 17:31:42 --> Session: Class initialized using 'CodeIgniter\Session\Handlers\FileHandler' driver.
WARNING - 2023-12-25 17:31:43 --> [DEPRECATED] Creation of dynamic property App\Controllers\Dashboard::$comman_model is deprecated in APPPATH\Controllers\Dashboard.php on line 14.
 1 SYSTEMPATH\CodeIgniter.php(914): App\Controllers\Dashboard->__construct()
 2 SYSTEMPATH\CodeIgniter.php(493): CodeIgniter\CodeIgniter->createController()
 3 SYSTEMPATH\CodeIgniter.php(361): CodeIgniter\CodeIgniter->handleRequest(null, Object(Config\Cache), false)
 4 FCPATH\index.php(79): CodeIgniter\CodeIgniter->run()
INFO - 2023-12-25 17:31:43 --> Session: Class initialized using 'CodeIgniter\Session\Handlers\FileHandler' driver.
WARNING - 2023-12-25 17:31:43 --> [DEPRECATED] Creation of dynamic property App\Controllers\Dashboard::$comman_model is deprecated in APPPATH\Controllers\Dashboard.php on line 14.
 1 SYSTEMPATH\CodeIgniter.php(914): App\Controllers\Dashboard->__construct()
 2 SYSTEMPATH\CodeIgniter.php(493): CodeIgniter\CodeIgniter->createController()
 3 SYSTEMPATH\CodeIgniter.php(361): CodeIgniter\CodeIgniter->handleRequest(null, Object(Config\Cache), false)
 4 FCPATH\index.php(79): CodeIgniter\CodeIgniter->run()
INFO - 2023-12-25 17:31:43 --> Session: Class initialized using 'CodeIgniter\Session\Handlers\FileHandler' driver.
WARNING - 2023-12-25 17:31:53 --> [DEPRECATED] Creation of dynamic property App\Controllers\Dashboard::$comman_model is deprecated in APPPATH\Controllers\Dashboard.php on line 14.
 1 SYSTEMPATH\CodeIgniter.php(914): App\Controllers\Dashboard->__construct()
 2 SYSTEMPATH\CodeIgniter.php(493): CodeIgniter\CodeIgniter->createController()
 3 SYSTEMPATH\CodeIgniter.php(361): CodeIgniter\CodeIgniter->handleRequest(null, Object(Config\Cache), false)
 4 FCPATH\index.php(79): CodeIgniter\CodeIgniter->run()
INFO - 2023-12-25 17:31:53 --> Session: Class initialized using 'CodeIgniter\Session\Handlers\FileHandler' driver.
WARNING - 2023-12-25 17:31:54 --> [DEPRECATED] Creation of dynamic property App\Controllers\Dashboard::$comman_model is deprecated in APPPATH\Controllers\Dashboard.php on line 14.
 1 SYSTEMPATH\CodeIgniter.php(914): App\Controllers\Dashboard->__construct()
 2 SYSTEMPATH\CodeIgniter.php(493): CodeIgniter\CodeIgniter->createController()
 3 SYSTEMPATH\CodeIgniter.php(361): CodeIgniter\CodeIgniter->handleRequest(null, Object(Config\Cache), false)
 4 FCPATH\index.php(79): CodeIgniter\CodeIgniter->run()
INFO - 2023-12-25 17:31:54 --> Session: Class initialized using 'CodeIgniter\Session\Handlers\FileHandler' driver.
WARNING - 2023-12-25 17:31:54 --> [DEPRECATED] Creation of dynamic property App\Controllers\Dashboard::$comman_model is deprecated in APPPATH\Controllers\Dashboard.php on line 14.
 1 SYSTEMPATH\CodeIgniter.php(914): App\Controllers\Dashboard->__construct()
 2 SYSTEMPATH\CodeIgniter.php(493): CodeIgniter\CodeIgniter->createController()
 3 SYSTEMPATH\CodeIgniter.php(361): CodeIgniter\CodeIgniter->handleRequest(null, Object(Config\Cache), false)
 4 FCPATH\index.php(79): CodeIgniter\CodeIgniter->run()
INFO - 2023-12-25 17:31:54 --> Session: Class initialized using 'CodeIgniter\Session\Handlers\FileHandler' driver.
CRITICAL - 2023-12-25 17:59:10 --> Too few arguments to function App\Controllers\Home::page(), 0 passed in C:\xampp-2\htdocs\magic_pro\website\system\CodeIgniter.php on line 942 and exactly 1 expected
in APPPATH\Controllers\Home.php on line 32.
 1 SYSTEMPATH\CodeIgniter.php(942): App\Controllers\Home->page()
 2 SYSTEMPATH\CodeIgniter.php(502): CodeIgniter\CodeIgniter->runController(Object(App\Controllers\Home))
 3 SYSTEMPATH\CodeIgniter.php(361): CodeIgniter\CodeIgniter->handleRequest(null, Object(Config\Cache), false)
 4 FCPATH\index.php(79): CodeIgniter\CodeIgniter->run()
CRITICAL - 2023-12-25 17:59:46 --> Undefined property: App\Controllers\Home::$load
in APPPATH\Controllers\Home.php on line 84.
 1 APPPATH\Controllers\Home.php(84): CodeIgniter\Debug\Exceptions->errorHandler(2, 'Undefined property: App\\Controllers\\Home::$load', 'C:\\xampp-2\\htdocs\\magic_pro\\website\\app\\Controllers\\Home.php', 84)
 2 SYSTEMPATH\CodeIgniter.php(942): App\Controllers\Home->blog()
 3 SYSTEMPATH\CodeIgniter.php(502): CodeIgniter\CodeIgniter->runController(Object(App\Controllers\Home))
 4 SYSTEMPATH\CodeIgniter.php(361): CodeIgniter\CodeIgniter->handleRequest(null, Object(Config\Cache), false)
 5 FCPATH\index.php(79): CodeIgniter\CodeIgniter->run()
CRITICAL - 2023-12-25 18:07:02 --> Undefined property: App\Controllers\Home::$load
in APPPATH\Controllers\Home.php on line 84.
 1 APPPATH\Controllers\Home.php(84): CodeIgniter\Debug\Exceptions->errorHandler(2, 'Undefined property: App\\Controllers\\Home::$load', 'C:\\xampp-2\\htdocs\\magic_pro\\website\\app\\Controllers\\Home.php', 84)
 2 SYSTEMPATH\CodeIgniter.php(942): App\Controllers\Home->blog()
 3 SYSTEMPATH\CodeIgniter.php(502): CodeIgniter\CodeIgniter->runController(Object(App\Controllers\Home))
 4 SYSTEMPATH\CodeIgniter.php(361): CodeIgniter\CodeIgniter->handleRequest(null, Object(Config\Cache), false)
 5 FCPATH\index.php(79): CodeIgniter\CodeIgniter->run()
CRITICAL - 2023-12-25 18:07:23 --> Undefined property: CodeIgniter\View\View::$load
in APPPATH\Views\home\page.php on line 2.
 1 APPPATH\Views\home\page.php(2): CodeIgniter\Debug\Exceptions->errorHandler(2, 'Undefined property: CodeIgniter\\View\\View::$load', 'C:\\xampp-2\\htdocs\\magic_pro\\website\\app\\Views\\home\\page.php', 2)
 2 SYSTEMPATH\View\View.php(228): include('C:\\xampp-2\\htdocs\\magic_pro\\website\\app\\Views\\home\\page.php')
 3 SYSTEMPATH\View\View.php(231): CodeIgniter\View\View->CodeIgniter\View\{closure}()
 4 SYSTEMPATH\Common.php(1190): CodeIgniter\View\View->render('home/page', [], true)
 5 APPPATH\Controllers\Home.php(84): view('home/page', [...])
 6 SYSTEMPATH\CodeIgniter.php(942): App\Controllers\Home->blog()
 7 SYSTEMPATH\CodeIgniter.php(502): CodeIgniter\CodeIgniter->runController(Object(App\Controllers\Home))
 8 SYSTEMPATH\CodeIgniter.php(361): CodeIgniter\CodeIgniter->handleRequest(null, Object(Config\Cache), false)
 9 FCPATH\index.php(79): CodeIgniter\CodeIgniter->run()
CRITICAL - 2023-12-25 18:09:57 --> Undefined property: CodeIgniter\View\View::$load
in APPPATH\Views\home\page.php on line 2.
 1 APPPATH\Views\home\page.php(2): CodeIgniter\Debug\Exceptions->errorHandler(2, 'Undefined property: CodeIgniter\\View\\View::$load', 'C:\\xampp-2\\htdocs\\magic_pro\\website\\app\\Views\\home\\page.php', 2)
 2 SYSTEMPATH\View\View.php(228): include('C:\\xampp-2\\htdocs\\magic_pro\\website\\app\\Views\\home\\page.php')
 3 SYSTEMPATH\View\View.php(231): CodeIgniter\View\View->CodeIgniter\View\{closure}()
 4 SYSTEMPATH\Common.php(1190): CodeIgniter\View\View->render('home/page', [], true)
 5 APPPATH\Controllers\Home.php(84): view('home/page', [...])
 6 SYSTEMPATH\CodeIgniter.php(942): App\Controllers\Home->blog()
 7 SYSTEMPATH\CodeIgniter.php(502): CodeIgniter\CodeIgniter->runController(Object(App\Controllers\Home))
 8 SYSTEMPATH\CodeIgniter.php(361): CodeIgniter\CodeIgniter->handleRequest(null, Object(Config\Cache), false)
 9 FCPATH\index.php(79): CodeIgniter\CodeIgniter->run()
CRITICAL - 2023-12-25 18:10:14 --> Undefined variable $page
in APPPATH\Views\includes\head_info.php on line 3.
 1 APPPATH\Views\includes\head_info.php(3): CodeIgniter\Debug\Exceptions->errorHandler(2, 'Undefined variable $page', 'C:\\xampp-2\\htdocs\\magic_pro\\website\\app\\Views\\includes\\head_info.php', 3)
 2 SYSTEMPATH\View\View.php(228): include('C:\\xampp-2\\htdocs\\magic_pro\\website\\app\\Views\\includes\\head_info.php')
 3 SYSTEMPATH\View\View.php(231): CodeIgniter\View\View->CodeIgniter\View\{closure}()
 4 SYSTEMPATH\Common.php(1190): CodeIgniter\View\View->render('includes/head_info', [], true)
 5 APPPATH\Views\home\page.php(4): view('includes/head_info')
 6 SYSTEMPATH\View\View.php(228): include('C:\\xampp-2\\htdocs\\magic_pro\\website\\app\\Views\\home\\page.php')
 7 SYSTEMPATH\View\View.php(231): CodeIgniter\View\View->CodeIgniter\View\{closure}()
 8 SYSTEMPATH\Common.php(1190): CodeIgniter\View\View->render('home/page', [], true)
 9 APPPATH\Controllers\Home.php(84): view('home/page', [...])
10 SYSTEMPATH\CodeIgniter.php(942): App\Controllers\Home->blog()
11 SYSTEMPATH\CodeIgniter.php(502): CodeIgniter\CodeIgniter->runController(Object(App\Controllers\Home))
12 SYSTEMPATH\CodeIgniter.php(361): CodeIgniter\CodeIgniter->handleRequest(null, Object(Config\Cache), false)
13 FCPATH\index.php(79): CodeIgniter\CodeIgniter->run()
CRITICAL - 2023-12-25 18:11:52 --> Undefined variable $data
in APPPATH\Views\home\page.php on line 4.
 1 APPPATH\Views\home\page.php(4): CodeIgniter\Debug\Exceptions->errorHandler(2, 'Undefined variable $data', 'C:\\xampp-2\\htdocs\\magic_pro\\website\\app\\Views\\home\\page.php', 4)
 2 SYSTEMPATH\View\View.php(228): include('C:\\xampp-2\\htdocs\\magic_pro\\website\\app\\Views\\home\\page.php')
 3 SYSTEMPATH\View\View.php(231): CodeIgniter\View\View->CodeIgniter\View\{closure}()
 4 SYSTEMPATH\Common.php(1190): CodeIgniter\View\View->render('home/page', [], true)
 5 APPPATH\Controllers\Home.php(84): view('home/page', [...])
 6 SYSTEMPATH\CodeIgniter.php(942): App\Controllers\Home->blog()
 7 SYSTEMPATH\CodeIgniter.php(502): CodeIgniter\CodeIgniter->runController(Object(App\Controllers\Home))
 8 SYSTEMPATH\CodeIgniter.php(361): CodeIgniter\CodeIgniter->handleRequest(null, Object(Config\Cache), false)
 9 FCPATH\index.php(79): CodeIgniter\CodeIgniter->run()
CRITICAL - 2023-12-25 18:12:40 --> Undefined variable $page
in APPPATH\Views\includes\head_info.php on line 3.
 1 APPPATH\Views\includes\head_info.php(3): CodeIgniter\Debug\Exceptions->errorHandler(2, 'Undefined variable $page', 'C:\\xampp-2\\htdocs\\magic_pro\\website\\app\\Views\\includes\\head_info.php', 3)
 2 SYSTEMPATH\View\View.php(228): include('C:\\xampp-2\\htdocs\\magic_pro\\website\\app\\Views\\includes\\head_info.php')
 3 SYSTEMPATH\View\View.php(231): CodeIgniter\View\View->CodeIgniter\View\{closure}()
 4 SYSTEMPATH\Common.php(1190): CodeIgniter\View\View->render('includes/head_info', [], true)
 5 APPPATH\Views\home\page.php(4): view('includes/head_info')
 6 SYSTEMPATH\View\View.php(228): include('C:\\xampp-2\\htdocs\\magic_pro\\website\\app\\Views\\home\\page.php')
 7 SYSTEMPATH\View\View.php(231): CodeIgniter\View\View->CodeIgniter\View\{closure}()
 8 SYSTEMPATH\Common.php(1190): CodeIgniter\View\View->render('home/page', [], true)
 9 APPPATH\Controllers\Home.php(84): view('home/page', [...])
10 SYSTEMPATH\CodeIgniter.php(942): App\Controllers\Home->blog()
11 SYSTEMPATH\CodeIgniter.php(502): CodeIgniter\CodeIgniter->runController(Object(App\Controllers\Home))
12 SYSTEMPATH\CodeIgniter.php(361): CodeIgniter\CodeIgniter->handleRequest(null, Object(Config\Cache), false)
13 FCPATH\index.php(79): CodeIgniter\CodeIgniter->run()
CRITICAL - 2023-12-25 19:51:14 --> Call to undefined function resize_img()
in APPPATH\Helpers\functions_zone_helper.php on line 99.
 1 APPPATH\Controllers\Dashboard.php(116): file_upload('blog', 'image', '', '')
 2 SYSTEMPATH\CodeIgniter.php(942): App\Controllers\Dashboard->add_blog()
 3 SYSTEMPATH\CodeIgniter.php(502): CodeIgniter\CodeIgniter->runController(Object(App\Controllers\Dashboard))
 4 SYSTEMPATH\CodeIgniter.php(361): CodeIgniter\CodeIgniter->handleRequest(null, Object(Config\Cache), false)
 5 FCPATH\index.php(79): CodeIgniter\CodeIgniter->run()
ERROR - 2023-12-25 19:51:51 --> mysqli_sql_exception: Unknown column 'blog' in 'field list' in C:\xampp-2\htdocs\magic_pro\website\system\Database\MySQLi\Connection.php:306
Stack trace:
#0 C:\xampp-2\htdocs\magic_pro\website\system\Database\MySQLi\Connection.php(306): mysqli->query('INSERT INTO `bl...', 0)
#1 C:\xampp-2\htdocs\magic_pro\website\system\Database\BaseConnection.php(693): CodeIgniter\Database\MySQLi\Connection->execute('INSERT INTO `bl...')
#2 C:\xampp-2\htdocs\magic_pro\website\system\Database\BaseConnection.php(607): CodeIgniter\Database\BaseConnection->simpleQuery('INSERT INTO `bl...')
#3 C:\xampp-2\htdocs\magic_pro\website\system\Database\BaseBuilder.php(2308): CodeIgniter\Database\BaseConnection->query('INSERT INTO `bl...', Array, false)
#4 C:\xampp-2\htdocs\magic_pro\website\app\Models\Comman_model.php(33): CodeIgniter\Database\BaseBuilder->insert(Array)
#5 C:\xampp-2\htdocs\magic_pro\website\app\Controllers\Dashboard.php(129): App\Models\Comman_model->insert_entry('blog', Array)
#6 C:\xampp-2\htdocs\magic_pro\website\system\CodeIgniter.php(942): App\Controllers\Dashboard->add_blog()
#7 C:\xampp-2\htdocs\magic_pro\website\system\CodeIgniter.php(502): CodeIgniter\CodeIgniter->runController(Object(App\Controllers\Dashboard))
#8 C:\xampp-2\htdocs\magic_pro\website\system\CodeIgniter.php(361): CodeIgniter\CodeIgniter->handleRequest(NULL, Object(Config\Cache), false)
#9 C:\xampp-2\htdocs\magic_pro\website\public\index.php(79): CodeIgniter\CodeIgniter->run()
#10 {main}
CRITICAL - 2023-12-25 19:51:51 --> Unknown column 'blog' in 'field list'
in SYSTEMPATH\Database\BaseConnection.php on line 647.
 1 SYSTEMPATH\Database\BaseBuilder.php(2308): CodeIgniter\Database\BaseConnection->query('INSERT INTO `blog` (`user_id`, `title`, `blog_text`, `blog_img`, `blog`, `see`) VALUES (:user_id:, :title:, :blog_text:, :blog_img:, :blog:, :see:)', [...], false)
 2 APPPATH\Models\Comman_model.php(33): CodeIgniter\Database\BaseBuilder->insert([...])
 3 APPPATH\Controllers\Dashboard.php(129): App\Models\Comman_model->insert_entry('blog', [...])
 4 SYSTEMPATH\CodeIgniter.php(942): App\Controllers\Dashboard->add_blog()
 5 SYSTEMPATH\CodeIgniter.php(502): CodeIgniter\CodeIgniter->runController(Object(App\Controllers\Dashboard))
 6 SYSTEMPATH\CodeIgniter.php(361): CodeIgniter\CodeIgniter->handleRequest(null, Object(Config\Cache), false)
 7 FCPATH\index.php(79): CodeIgniter\CodeIgniter->run()
ERROR - 2023-12-25 19:51:56 --> mysqli_sql_exception: Unknown column 'blog' in 'field list' in C:\xampp-2\htdocs\magic_pro\website\system\Database\MySQLi\Connection.php:306
Stack trace:
#0 C:\xampp-2\htdocs\magic_pro\website\system\Database\MySQLi\Connection.php(306): mysqli->query('INSERT INTO `bl...', 0)
#1 C:\xampp-2\htdocs\magic_pro\website\system\Database\BaseConnection.php(693): CodeIgniter\Database\MySQLi\Connection->execute('INSERT INTO `bl...')
#2 C:\xampp-2\htdocs\magic_pro\website\system\Database\BaseConnection.php(607): CodeIgniter\Database\BaseConnection->simpleQuery('INSERT INTO `bl...')
#3 C:\xampp-2\htdocs\magic_pro\website\system\Database\BaseBuilder.php(2308): CodeIgniter\Database\BaseConnection->query('INSERT INTO `bl...', Array, false)
#4 C:\xampp-2\htdocs\magic_pro\website\app\Models\Comman_model.php(33): CodeIgniter\Database\BaseBuilder->insert(Array)
#5 C:\xampp-2\htdocs\magic_pro\website\app\Controllers\Dashboard.php(129): App\Models\Comman_model->insert_entry('blog', Array)
#6 C:\xampp-2\htdocs\magic_pro\website\system\CodeIgniter.php(942): App\Controllers\Dashboard->add_blog()
#7 C:\xampp-2\htdocs\magic_pro\website\system\CodeIgniter.php(502): CodeIgniter\CodeIgniter->runController(Object(App\Controllers\Dashboard))
#8 C:\xampp-2\htdocs\magic_pro\website\system\CodeIgniter.php(361): CodeIgniter\CodeIgniter->handleRequest(NULL, Object(Config\Cache), false)
#9 C:\xampp-2\htdocs\magic_pro\website\public\index.php(79): CodeIgniter\CodeIgniter->run()
#10 {main}
CRITICAL - 2023-12-25 19:51:56 --> Unknown column 'blog' in 'field list'
in SYSTEMPATH\Database\BaseConnection.php on line 647.
 1 SYSTEMPATH\Database\BaseBuilder.php(2308): CodeIgniter\Database\BaseConnection->query('INSERT INTO `blog` (`user_id`, `title`, `blog_text`, `blog_img`, `blog`, `see`) VALUES (:user_id:, :title:, :blog_text:, :blog_img:, :blog:, :see:)', [...], false)
 2 APPPATH\Models\Comman_model.php(33): CodeIgniter\Database\BaseBuilder->insert([...])
 3 APPPATH\Controllers\Dashboard.php(129): App\Models\Comman_model->insert_entry('blog', [...])
 4 SYSTEMPATH\CodeIgniter.php(942): App\Controllers\Dashboard->add_blog()
 5 SYSTEMPATH\CodeIgniter.php(502): CodeIgniter\CodeIgniter->runController(Object(App\Controllers\Dashboard))
 6 SYSTEMPATH\CodeIgniter.php(361): CodeIgniter\CodeIgniter->handleRequest(null, Object(Config\Cache), false)
 7 FCPATH\index.php(79): CodeIgniter\CodeIgniter->run()
ERROR - 2023-12-25 19:52:21 --> mysqli_sql_exception: Unknown column 'blog' in 'field list' in C:\xampp-2\htdocs\magic_pro\website\system\Database\MySQLi\Connection.php:306
Stack trace:
#0 C:\xampp-2\htdocs\magic_pro\website\system\Database\MySQLi\Connection.php(306): mysqli->query('INSERT INTO `bl...', 0)
#1 C:\xampp-2\htdocs\magic_pro\website\system\Database\BaseConnection.php(693): CodeIgniter\Database\MySQLi\Connection->execute('INSERT INTO `bl...')
#2 C:\xampp-2\htdocs\magic_pro\website\system\Database\BaseConnection.php(607): CodeIgniter\Database\BaseConnection->simpleQuery('INSERT INTO `bl...')
#3 C:\xampp-2\htdocs\magic_pro\website\system\Database\BaseBuilder.php(2308): CodeIgniter\Database\BaseConnection->query('INSERT INTO `bl...', Array, false)
#4 C:\xampp-2\htdocs\magic_pro\website\app\Models\Comman_model.php(33): CodeIgniter\Database\BaseBuilder->insert(Array)
#5 C:\xampp-2\htdocs\magic_pro\website\app\Controllers\Dashboard.php(129): App\Models\Comman_model->insert_entry('blog', Array)
#6 C:\xampp-2\htdocs\magic_pro\website\system\CodeIgniter.php(942): App\Controllers\Dashboard->add_blog()
#7 C:\xampp-2\htdocs\magic_pro\website\system\CodeIgniter.php(502): CodeIgniter\CodeIgniter->runController(Object(App\Controllers\Dashboard))
#8 C:\xampp-2\htdocs\magic_pro\website\system\CodeIgniter.php(361): CodeIgniter\CodeIgniter->handleRequest(NULL, Object(Config\Cache), false)
#9 C:\xampp-2\htdocs\magic_pro\website\public\index.php(79): CodeIgniter\CodeIgniter->run()
#10 {main}
CRITICAL - 2023-12-25 19:52:21 --> Unknown column 'blog' in 'field list'
in SYSTEMPATH\Database\BaseConnection.php on line 647.
 1 SYSTEMPATH\Database\BaseBuilder.php(2308): CodeIgniter\Database\BaseConnection->query('INSERT INTO `blog` (`user_id`, `title`, `blog_text`, `blog_img`, `blog`, `see`) VALUES (:user_id:, :title:, :blog_text:, :blog_img:, :blog:, :see:)', [...], false)
 2 APPPATH\Models\Comman_model.php(33): CodeIgniter\Database\BaseBuilder->insert([...])
 3 APPPATH\Controllers\Dashboard.php(129): App\Models\Comman_model->insert_entry('blog', [...])
 4 SYSTEMPATH\CodeIgniter.php(942): App\Controllers\Dashboard->add_blog()
 5 SYSTEMPATH\CodeIgniter.php(502): CodeIgniter\CodeIgniter->runController(Object(App\Controllers\Dashboard))
 6 SYSTEMPATH\CodeIgniter.php(361): CodeIgniter\CodeIgniter->handleRequest(null, Object(Config\Cache), false)
 7 FCPATH\index.php(79): CodeIgniter\CodeIgniter->run()
CRITICAL - 2023-12-25 19:52:49 --> Call to undefined function resize_img()
in APPPATH\Helpers\functions_zone_helper.php on line 99.
 1 APPPATH\Controllers\Dashboard.php(116): file_upload('blog', 'image', '', '')
 2 SYSTEMPATH\CodeIgniter.php(942): App\Controllers\Dashboard->add_blog()
 3 SYSTEMPATH\CodeIgniter.php(502): CodeIgniter\CodeIgniter->runController(Object(App\Controllers\Dashboard))
 4 SYSTEMPATH\CodeIgniter.php(361): CodeIgniter\CodeIgniter->handleRequest(null, Object(Config\Cache), false)
 5 FCPATH\index.php(79): CodeIgniter\CodeIgniter->run()
CRITICAL - 2023-12-25 19:52:52 --> Call to undefined function resize_img()
in APPPATH\Helpers\functions_zone_helper.php on line 99.
 1 APPPATH\Controllers\Dashboard.php(116): file_upload('blog', 'image', '', '')
 2 SYSTEMPATH\CodeIgniter.php(942): App\Controllers\Dashboard->add_blog()
 3 SYSTEMPATH\CodeIgniter.php(502): CodeIgniter\CodeIgniter->runController(Object(App\Controllers\Dashboard))
 4 SYSTEMPATH\CodeIgniter.php(361): CodeIgniter\CodeIgniter->handleRequest(null, Object(Config\Cache), false)
 5 FCPATH\index.php(79): CodeIgniter\CodeIgniter->run()
CRITICAL - 2023-12-25 19:53:05 --> Undefined array key "blog_text"
in APPPATH\Controllers\Dashboard.php on line 113.
 1 APPPATH\Controllers\Dashboard.php(113): CodeIgniter\Debug\Exceptions->errorHandler(2, 'Undefined array key "blog_text"', 'C:\\xampp-2\\htdocs\\magic_pro\\website\\app\\Controllers\\Dashboard.php', 113)
 2 SYSTEMPATH\CodeIgniter.php(942): App\Controllers\Dashboard->add_blog()
 3 SYSTEMPATH\CodeIgniter.php(502): CodeIgniter\CodeIgniter->runController(Object(App\Controllers\Dashboard))
 4 SYSTEMPATH\CodeIgniter.php(361): CodeIgniter\CodeIgniter->handleRequest(null, Object(Config\Cache), false)
 5 FCPATH\index.php(79): CodeIgniter\CodeIgniter->run()
CRITICAL - 2023-12-25 19:55:13 --> Undefined array key "blog_text"
in APPPATH\Controllers\Dashboard.php on line 122.
 1 APPPATH\Controllers\Dashboard.php(122): CodeIgniter\Debug\Exceptions->errorHandler(2, 'Undefined array key "blog_text"', 'C:\\xampp-2\\htdocs\\magic_pro\\website\\app\\Controllers\\Dashboard.php', 122)
 2 SYSTEMPATH\CodeIgniter.php(942): App\Controllers\Dashboard->add_blog()
 3 SYSTEMPATH\CodeIgniter.php(502): CodeIgniter\CodeIgniter->runController(Object(App\Controllers\Dashboard))
 4 SYSTEMPATH\CodeIgniter.php(361): CodeIgniter\CodeIgniter->handleRequest(null, Object(Config\Cache), false)
 5 FCPATH\index.php(79): CodeIgniter\CodeIgniter->run()
CRITICAL - 2023-12-25 19:55:32 --> Call to undefined function resize_img()
in APPPATH\Helpers\functions_zone_helper.php on line 99.
 1 APPPATH\Controllers\Dashboard.php(115): file_upload('blog', 'image', '', '')
 2 SYSTEMPATH\CodeIgniter.php(942): App\Controllers\Dashboard->add_blog()
 3 SYSTEMPATH\CodeIgniter.php(502): CodeIgniter\CodeIgniter->runController(Object(App\Controllers\Dashboard))
 4 SYSTEMPATH\CodeIgniter.php(361): CodeIgniter\CodeIgniter->handleRequest(null, Object(Config\Cache), false)
 5 FCPATH\index.php(79): CodeIgniter\CodeIgniter->run()
CRITICAL - 2023-12-25 19:56:23 --> Undefined array key "blog_text"
in APPPATH\Controllers\Dashboard.php on line 113.
 1 APPPATH\Controllers\Dashboard.php(113): CodeIgniter\Debug\Exceptions->errorHandler(2, 'Undefined array key "blog_text"', 'C:\\xampp-2\\htdocs\\magic_pro\\website\\app\\Controllers\\Dashboard.php', 113)
 2 SYSTEMPATH\CodeIgniter.php(942): App\Controllers\Dashboard->add_blog()
 3 SYSTEMPATH\CodeIgniter.php(502): CodeIgniter\CodeIgniter->runController(Object(App\Controllers\Dashboard))
 4 SYSTEMPATH\CodeIgniter.php(361): CodeIgniter\CodeIgniter->handleRequest(null, Object(Config\Cache), false)
 5 FCPATH\index.php(79): CodeIgniter\CodeIgniter->run()
CRITICAL - 2023-12-25 19:56:25 --> Undefined array key "blog_text"
in APPPATH\Controllers\Dashboard.php on line 113.
 1 APPPATH\Controllers\Dashboard.php(113): CodeIgniter\Debug\Exceptions->errorHandler(2, 'Undefined array key "blog_text"', 'C:\\xampp-2\\htdocs\\magic_pro\\website\\app\\Controllers\\Dashboard.php', 113)
 2 SYSTEMPATH\CodeIgniter.php(942): App\Controllers\Dashboard->add_blog()
 3 SYSTEMPATH\CodeIgniter.php(502): CodeIgniter\CodeIgniter->runController(Object(App\Controllers\Dashboard))
 4 SYSTEMPATH\CodeIgniter.php(361): CodeIgniter\CodeIgniter->handleRequest(null, Object(Config\Cache), false)
 5 FCPATH\index.php(79): CodeIgniter\CodeIgniter->run()
CRITICAL - 2023-12-25 19:56:53 --> Undefined variable $blog_text
in APPPATH\Controllers\Dashboard.php on line 125.
 1 APPPATH\Controllers\Dashboard.php(125): CodeIgniter\Debug\Exceptions->errorHandler(2, 'Undefined variable $blog_text', 'C:\\xampp-2\\htdocs\\magic_pro\\website\\app\\Controllers\\Dashboard.php', 125)
 2 SYSTEMPATH\CodeIgniter.php(942): App\Controllers\Dashboard->add_blog()
 3 SYSTEMPATH\CodeIgniter.php(502): CodeIgniter\CodeIgniter->runController(Object(App\Controllers\Dashboard))
 4 SYSTEMPATH\CodeIgniter.php(361): CodeIgniter\CodeIgniter->handleRequest(null, Object(Config\Cache), false)
 5 FCPATH\index.php(79): CodeIgniter\CodeIgniter->run()
ERROR - 2023-12-25 19:57:13 --> mysqli_sql_exception: Unknown column 'blog' in 'field list' in C:\xampp-2\htdocs\magic_pro\website\system\Database\MySQLi\Connection.php:306
Stack trace:
#0 C:\xampp-2\htdocs\magic_pro\website\system\Database\MySQLi\Connection.php(306): mysqli->query('INSERT INTO `bl...', 0)
#1 C:\xampp-2\htdocs\magic_pro\website\system\Database\BaseConnection.php(693): CodeIgniter\Database\MySQLi\Connection->execute('INSERT INTO `bl...')
#2 C:\xampp-2\htdocs\magic_pro\website\system\Database\BaseConnection.php(607): CodeIgniter\Database\BaseConnection->simpleQuery('INSERT INTO `bl...')
#3 C:\xampp-2\htdocs\magic_pro\website\system\Database\BaseBuilder.php(2308): CodeIgniter\Database\BaseConnection->query('INSERT INTO `bl...', Array, false)
#4 C:\xampp-2\htdocs\magic_pro\website\app\Models\Comman_model.php(33): CodeIgniter\Database\BaseBuilder->insert(Array)
#5 C:\xampp-2\htdocs\magic_pro\website\app\Controllers\Dashboard.php(133): App\Models\Comman_model->insert_entry('blog', Array)
#6 C:\xampp-2\htdocs\magic_pro\website\system\CodeIgniter.php(942): App\Controllers\Dashboard->add_blog()
#7 C:\xampp-2\htdocs\magic_pro\website\system\CodeIgniter.php(502): CodeIgniter\CodeIgniter->runController(Object(App\Controllers\Dashboard))
#8 C:\xampp-2\htdocs\magic_pro\website\system\CodeIgniter.php(361): CodeIgniter\CodeIgniter->handleRequest(NULL, Object(Config\Cache), false)
#9 C:\xampp-2\htdocs\magic_pro\website\public\index.php(79): CodeIgniter\CodeIgniter->run()
#10 {main}
CRITICAL - 2023-12-25 19:57:13 --> Unknown column 'blog' in 'field list'
in SYSTEMPATH\Database\BaseConnection.php on line 647.
 1 SYSTEMPATH\Database\BaseBuilder.php(2308): CodeIgniter\Database\BaseConnection->query('INSERT INTO `blog` (`user_id`, `title`, `blog_text`, `blog_img`, `blog`, `see`) VALUES (:user_id:, :title:, :blog_text:, :blog_img:, :blog:, :see:)', [...], false)
 2 APPPATH\Models\Comman_model.php(33): CodeIgniter\Database\BaseBuilder->insert([...])
 3 APPPATH\Controllers\Dashboard.php(133): App\Models\Comman_model->insert_entry('blog', [...])
 4 SYSTEMPATH\CodeIgniter.php(942): App\Controllers\Dashboard->add_blog()
 5 SYSTEMPATH\CodeIgniter.php(502): CodeIgniter\CodeIgniter->runController(Object(App\Controllers\Dashboard))
 6 SYSTEMPATH\CodeIgniter.php(361): CodeIgniter\CodeIgniter->handleRequest(null, Object(Config\Cache), false)
 7 FCPATH\index.php(79): CodeIgniter\CodeIgniter->run()
CRITICAL - 2023-12-25 19:58:24 --> Call to undefined function resize_img()
in APPPATH\Helpers\functions_zone_helper.php on line 99.
 1 APPPATH\Controllers\Dashboard.php(120): file_upload('blog', 'image', '', '')
 2 SYSTEMPATH\CodeIgniter.php(942): App\Controllers\Dashboard->add_blog()
 3 SYSTEMPATH\CodeIgniter.php(502): CodeIgniter\CodeIgniter->runController(Object(App\Controllers\Dashboard))
 4 SYSTEMPATH\CodeIgniter.php(361): CodeIgniter\CodeIgniter->handleRequest(null, Object(Config\Cache), false)
 5 FCPATH\index.php(79): CodeIgniter\CodeIgniter->run()
CRITICAL - 2023-12-25 20:00:15 --> Call to undefined function resize_img()
in APPPATH\Helpers\functions_zone_helper.php on line 99.
 1 APPPATH\Controllers\Dashboard.php(120): file_upload('blog', 'image', '', '')
 2 SYSTEMPATH\CodeIgniter.php(942): App\Controllers\Dashboard->add_blog()
 3 SYSTEMPATH\CodeIgniter.php(502): CodeIgniter\CodeIgniter->runController(Object(App\Controllers\Dashboard))
 4 SYSTEMPATH\CodeIgniter.php(361): CodeIgniter\CodeIgniter->handleRequest(null, Object(Config\Cache), false)
 5 FCPATH\index.php(79): CodeIgniter\CodeIgniter->run()
CRITICAL - 2023-12-25 20:00:33 --> Undefined variable $blog_img
in APPPATH\Controllers\Dashboard.php on line 128.
 1 APPPATH\Controllers\Dashboard.php(128): CodeIgniter\Debug\Exceptions->errorHandler(2, 'Undefined variable $blog_img', 'C:\\xampp-2\\htdocs\\magic_pro\\website\\app\\Controllers\\Dashboard.php', 128)
 2 SYSTEMPATH\CodeIgniter.php(942): App\Controllers\Dashboard->add_blog()
 3 SYSTEMPATH\CodeIgniter.php(502): CodeIgniter\CodeIgniter->runController(Object(App\Controllers\Dashboard))
 4 SYSTEMPATH\CodeIgniter.php(361): CodeIgniter\CodeIgniter->handleRequest(null, Object(Config\Cache), false)
 5 FCPATH\index.php(79): CodeIgniter\CodeIgniter->run()
CRITICAL - 2023-12-25 20:00:44 --> Undefined variable $update
in APPPATH\Controllers\Dashboard.php on line 125.
 1 APPPATH\Controllers\Dashboard.php(125): CodeIgniter\Debug\Exceptions->errorHandler(2, 'Undefined variable $update', 'C:\\xampp-2\\htdocs\\magic_pro\\website\\app\\Controllers\\Dashboard.php', 125)
 2 SYSTEMPATH\CodeIgniter.php(942): App\Controllers\Dashboard->add_blog()
 3 SYSTEMPATH\CodeIgniter.php(502): CodeIgniter\CodeIgniter->runController(Object(App\Controllers\Dashboard))
 4 SYSTEMPATH\CodeIgniter.php(361): CodeIgniter\CodeIgniter->handleRequest(null, Object(Config\Cache), false)
 5 FCPATH\index.php(79): CodeIgniter\CodeIgniter->run()
CRITICAL - 2023-12-25 20:02:24 --> Call to undefined function resize_img()
in APPPATH\Helpers\functions_zone_helper.php on line 99.
 1 APPPATH\Controllers\Dashboard.php(120): file_upload('blog', 'image', '', '')
 2 SYSTEMPATH\CodeIgniter.php(942): App\Controllers\Dashboard->add_blog()
 3 SYSTEMPATH\CodeIgniter.php(502): CodeIgniter\CodeIgniter->runController(Object(App\Controllers\Dashboard))
 4 SYSTEMPATH\CodeIgniter.php(361): CodeIgniter\CodeIgniter->handleRequest(null, Object(Config\Cache), false)
 5 FCPATH\index.php(79): CodeIgniter\CodeIgniter->run()
CRITICAL - 2023-12-25 20:05:36 --> Call to undefined function resize_img()
in APPPATH\Helpers\functions_zone_helper.php on line 99.
 1 APPPATH\Controllers\Dashboard.php(120): file_upload('blog', 'image', '', '')
 2 SYSTEMPATH\CodeIgniter.php(942): App\Controllers\Dashboard->add_blog()
 3 SYSTEMPATH\CodeIgniter.php(502): CodeIgniter\CodeIgniter->runController(Object(App\Controllers\Dashboard))
 4 SYSTEMPATH\CodeIgniter.php(361): CodeIgniter\CodeIgniter->handleRequest(null, Object(Config\Cache), false)
 5 FCPATH\index.php(79): CodeIgniter\CodeIgniter->run()
CRITICAL - 2023-12-25 20:06:04 --> Call to undefined function resize_img()
in APPPATH\Helpers\functions_zone_helper.php on line 99.
 1 APPPATH\Controllers\Dashboard.php(120): file_upload('blog', 'image', '', '')
 2 SYSTEMPATH\CodeIgniter.php(942): App\Controllers\Dashboard->add_blog()
 3 SYSTEMPATH\CodeIgniter.php(502): CodeIgniter\CodeIgniter->runController(Object(App\Controllers\Dashboard))
 4 SYSTEMPATH\CodeIgniter.php(361): CodeIgniter\CodeIgniter->handleRequest(null, Object(Config\Cache), false)
 5 FCPATH\index.php(79): CodeIgniter\CodeIgniter->run()
