WARNING - 2023-12-01 18:30:24 --> [DEPRECATED] Creation of dynamic property App\Controllers\Install::$comman_model is deprecated in APPPATH\Controllers\Install.php on line 14.
 1 SYSTEMPATH\CodeIgniter.php(914): App\Controllers\Install->__construct()
 2 SYSTEMPATH\CodeIgniter.php(493): CodeIgniter\CodeIgniter->createController()
 3 SYSTEMPATH\CodeIgniter.php(361): CodeIgniter\CodeIgniter->handleRequest(null, Object(Config\Cache), false)
 4 FCPATH\index.php(79): CodeIgniter\CodeIgniter->run()
INFO - 2023-12-01 18:30:24 --> Session: Class initialized using 'CodeIgniter\Session\Handlers\FileHandler' driver.
WARNING - 2023-12-01 18:31:11 --> [DEPRECATED] Creation of dynamic property App\Controllers\Install::$comman_model is deprecated in APPPATH\Controllers\Install.php on line 14.
 1 SYSTEMPATH\CodeIgniter.php(914): App\Controllers\Install->__construct()
 2 SYSTEMPATH\CodeIgniter.php(493): CodeIgniter\CodeIgniter->createController()
 3 SYSTEMPATH\CodeIgniter.php(361): CodeIgniter\CodeIgniter->handleRequest(null, Object(Config\Cache), false)
 4 FCPATH\index.php(79): CodeIgniter\CodeIgniter->run()
INFO - 2023-12-01 18:31:11 --> Session: Class initialized using 'CodeIgniter\Session\Handlers\FileHandler' driver.
WARNING - 2023-12-01 18:31:21 --> [DEPRECATED] Creation of dynamic property App\Controllers\Install::$comman_model is deprecated in APPPATH\Controllers\Install.php on line 14.
 1 SYSTEMPATH\CodeIgniter.php(914): App\Controllers\Install->__construct()
 2 SYSTEMPATH\CodeIgniter.php(493): CodeIgniter\CodeIgniter->createController()
 3 SYSTEMPATH\CodeIgniter.php(361): CodeIgniter\CodeIgniter->handleRequest(null, Object(Config\Cache), false)
 4 FCPATH\index.php(79): CodeIgniter\CodeIgniter->run()
INFO - 2023-12-01 18:31:21 --> Session: Class initialized using 'CodeIgniter\Session\Handlers\FileHandler' driver.
WARNING - 2023-12-01 18:31:29 --> [DEPRECATED] Creation of dynamic property App\Controllers\Install::$comman_model is deprecated in APPPATH\Controllers\Install.php on line 14.
 1 SYSTEMPATH\CodeIgniter.php(914): App\Controllers\Install->__construct()
 2 SYSTEMPATH\CodeIgniter.php(493): CodeIgniter\CodeIgniter->createController()
 3 SYSTEMPATH\CodeIgniter.php(361): CodeIgniter\CodeIgniter->handleRequest(null, Object(Config\Cache), false)
 4 FCPATH\index.php(79): CodeIgniter\CodeIgniter->run()
INFO - 2023-12-01 18:31:29 --> Session: Class initialized using 'CodeIgniter\Session\Handlers\FileHandler' driver.
WARNING - 2023-12-01 18:31:32 --> [DEPRECATED] Creation of dynamic property App\Controllers\Install::$comman_model is deprecated in APPPATH\Controllers\Install.php on line 14.
 1 SYSTEMPATH\CodeIgniter.php(914): App\Controllers\Install->__construct()
 2 SYSTEMPATH\CodeIgniter.php(493): CodeIgniter\CodeIgniter->createController()
 3 SYSTEMPATH\CodeIgniter.php(361): CodeIgniter\CodeIgniter->handleRequest(null, Object(Config\Cache), false)
 4 FCPATH\index.php(79): CodeIgniter\CodeIgniter->run()
INFO - 2023-12-01 18:31:32 --> Session: Class initialized using 'CodeIgniter\Session\Handlers\FileHandler' driver.
WARNING - 2023-12-01 18:40:23 --> [DEPRECATED] Creation of dynamic property App\Controllers\Install::$comman_model is deprecated in APPPATH\Controllers\Install.php on line 14.
 1 SYSTEMPATH\CodeIgniter.php(914): App\Controllers\Install->__construct()
 2 SYSTEMPATH\CodeIgniter.php(493): CodeIgniter\CodeIgniter->createController()
 3 SYSTEMPATH\CodeIgniter.php(361): CodeIgniter\CodeIgniter->handleRequest(null, Object(Config\Cache), false)
 4 FCPATH\index.php(79): CodeIgniter\CodeIgniter->run()
INFO - 2023-12-01 18:40:23 --> Session: Class initialized using 'CodeIgniter\Session\Handlers\FileHandler' driver.
WARNING - 2023-12-01 18:42:42 --> [DEPRECATED] Creation of dynamic property App\Controllers\Install::$comman_model is deprecated in APPPATH\Controllers\Install.php on line 14.
 1 SYSTEMPATH\CodeIgniter.php(914): App\Controllers\Install->__construct()
 2 SYSTEMPATH\CodeIgniter.php(493): CodeIgniter\CodeIgniter->createController()
 3 SYSTEMPATH\CodeIgniter.php(361): CodeIgniter\CodeIgniter->handleRequest(null, Object(Config\Cache), false)
 4 FCPATH\index.php(79): CodeIgniter\CodeIgniter->run()
INFO - 2023-12-01 18:42:42 --> Session: Class initialized using 'CodeIgniter\Session\Handlers\FileHandler' driver.
WARNING - 2023-12-01 18:43:05 --> [DEPRECATED] Creation of dynamic property App\Controllers\Install::$comman_model is deprecated in APPPATH\Controllers\Install.php on line 14.
 1 SYSTEMPATH\CodeIgniter.php(914): App\Controllers\Install->__construct()
 2 SYSTEMPATH\CodeIgniter.php(493): CodeIgniter\CodeIgniter->createController()
 3 SYSTEMPATH\CodeIgniter.php(361): CodeIgniter\CodeIgniter->handleRequest(null, Object(Config\Cache), false)
 4 FCPATH\index.php(79): CodeIgniter\CodeIgniter->run()
INFO - 2023-12-01 18:43:05 --> Session: Class initialized using 'CodeIgniter\Session\Handlers\FileHandler' driver.
WARNING - 2023-12-01 18:47:04 --> [DEPRECATED] Creation of dynamic property App\Controllers\Install::$comman_model is deprecated in APPPATH\Controllers\Install.php on line 14.
 1 SYSTEMPATH\CodeIgniter.php(914): App\Controllers\Install->__construct()
 2 SYSTEMPATH\CodeIgniter.php(493): CodeIgniter\CodeIgniter->createController()
 3 SYSTEMPATH\CodeIgniter.php(361): CodeIgniter\CodeIgniter->handleRequest(null, Object(Config\Cache), false)
 4 FCPATH\index.php(79): CodeIgniter\CodeIgniter->run()
INFO - 2023-12-01 18:47:04 --> Session: Class initialized using 'CodeIgniter\Session\Handlers\FileHandler' driver.
CRITICAL - 2023-12-01 18:58:54 --> syntax error, unexpected token ")"
in APPPATH\Controllers\Install.php on line 229.
 1 SYSTEMPATH\Router\Router.php(514): CodeIgniter\Router\AutoRouter->getRoute('install', 'get')
 2 SYSTEMPATH\Router\Router.php(210): CodeIgniter\Router\Router->autoRoute('install')
 3 SYSTEMPATH\CodeIgniter.php(823): CodeIgniter\Router\Router->handle('install')
 4 SYSTEMPATH\CodeIgniter.php(450): CodeIgniter\CodeIgniter->tryToRouteIt(Object(CodeIgniter\Router\RouteCollection))
 5 SYSTEMPATH\CodeIgniter.php(361): CodeIgniter\CodeIgniter->handleRequest(null, Object(Config\Cache), false)
 6 FCPATH\index.php(79): CodeIgniter\CodeIgniter->run()
WARNING - 2023-12-01 18:59:07 --> [DEPRECATED] Creation of dynamic property App\Controllers\Install::$comman_model is deprecated in APPPATH\Controllers\Install.php on line 14.
 1 SYSTEMPATH\CodeIgniter.php(914): App\Controllers\Install->__construct()
 2 SYSTEMPATH\CodeIgniter.php(493): CodeIgniter\CodeIgniter->createController()
 3 SYSTEMPATH\CodeIgniter.php(361): CodeIgniter\CodeIgniter->handleRequest(null, Object(Config\Cache), false)
 4 FCPATH\index.php(79): CodeIgniter\CodeIgniter->run()
INFO - 2023-12-01 18:59:07 --> Session: Class initialized using 'CodeIgniter\Session\Handlers\FileHandler' driver.
WARNING - 2023-12-01 18:59:35 --> [DEPRECATED] Creation of dynamic property App\Controllers\Install::$comman_model is deprecated in APPPATH\Controllers\Install.php on line 14.
 1 SYSTEMPATH\CodeIgniter.php(914): App\Controllers\Install->__construct()
 2 SYSTEMPATH\CodeIgniter.php(493): CodeIgniter\CodeIgniter->createController()
 3 SYSTEMPATH\CodeIgniter.php(361): CodeIgniter\CodeIgniter->handleRequest(null, Object(Config\Cache), false)
 4 FCPATH\index.php(79): CodeIgniter\CodeIgniter->run()
INFO - 2023-12-01 18:59:35 --> Session: Class initialized using 'CodeIgniter\Session\Handlers\FileHandler' driver.
CRITICAL - 2023-12-01 18:59:35 --> Access denied for user ''@'localhost' (using password: NO)
in APPPATH\Controllers\Install.php on line 227.
 1 APPPATH\Controllers\Install.php(227): mysqli_connect(null, null, Object(SensitiveParameterValue), null)
 2 SYSTEMPATH\CodeIgniter.php(942): App\Controllers\Install->database()
 3 SYSTEMPATH\CodeIgniter.php(502): CodeIgniter\CodeIgniter->runController(Object(App\Controllers\Install))
 4 SYSTEMPATH\CodeIgniter.php(361): CodeIgniter\CodeIgniter->handleRequest(null, Object(Config\Cache), false)
 5 FCPATH\index.php(79): CodeIgniter\CodeIgniter->run()
WARNING - 2023-12-01 19:00:48 --> [DEPRECATED] Creation of dynamic property App\Controllers\Install::$comman_model is deprecated in APPPATH\Controllers\Install.php on line 14.
 1 SYSTEMPATH\CodeIgniter.php(914): App\Controllers\Install->__construct()
 2 SYSTEMPATH\CodeIgniter.php(493): CodeIgniter\CodeIgniter->createController()
 3 SYSTEMPATH\CodeIgniter.php(361): CodeIgniter\CodeIgniter->handleRequest(null, Object(Config\Cache), false)
 4 FCPATH\index.php(79): CodeIgniter\CodeIgniter->run()
INFO - 2023-12-01 19:00:48 --> Session: Class initialized using 'CodeIgniter\Session\Handlers\FileHandler' driver.
CRITICAL - 2023-12-01 19:00:48 --> file_get_contents(_database/project.sql): Failed to open stream: No such file or directory
in APPPATH\Controllers\Install.php on line 234.
 1 [internal function]: CodeIgniter\Debug\Exceptions->errorHandler(2, 'file_get_contents(_database/project.sql): Failed to open stream: No such file or directory', 'C:\\xampp-2\\htdocs\\magic_pro\\code\\app\\Controllers\\Install.php', 234)
 2 APPPATH\Controllers\Install.php(234): file_get_contents('_database/project.sql')
 3 SYSTEMPATH\CodeIgniter.php(942): App\Controllers\Install->database()
 4 SYSTEMPATH\CodeIgniter.php(502): CodeIgniter\CodeIgniter->runController(Object(App\Controllers\Install))
 5 SYSTEMPATH\CodeIgniter.php(361): CodeIgniter\CodeIgniter->handleRequest(null, Object(Config\Cache), false)
 6 FCPATH\index.php(79): CodeIgniter\CodeIgniter->run()
WARNING - 2023-12-01 19:01:14 --> [DEPRECATED] Creation of dynamic property App\Controllers\Install::$comman_model is deprecated in APPPATH\Controllers\Install.php on line 14.
 1 SYSTEMPATH\CodeIgniter.php(914): App\Controllers\Install->__construct()
 2 SYSTEMPATH\CodeIgniter.php(493): CodeIgniter\CodeIgniter->createController()
 3 SYSTEMPATH\CodeIgniter.php(361): CodeIgniter\CodeIgniter->handleRequest(null, Object(Config\Cache), false)
 4 FCPATH\index.php(79): CodeIgniter\CodeIgniter->run()
INFO - 2023-12-01 19:01:14 --> Session: Class initialized using 'CodeIgniter\Session\Handlers\FileHandler' driver.
WARNING - 2023-12-01 19:01:35 --> [DEPRECATED] Creation of dynamic property App\Controllers\Install::$comman_model is deprecated in APPPATH\Controllers\Install.php on line 14.
 1 SYSTEMPATH\CodeIgniter.php(914): App\Controllers\Install->__construct()
 2 SYSTEMPATH\CodeIgniter.php(493): CodeIgniter\CodeIgniter->createController()
 3 SYSTEMPATH\CodeIgniter.php(361): CodeIgniter\CodeIgniter->handleRequest(null, Object(Config\Cache), false)
 4 FCPATH\index.php(79): CodeIgniter\CodeIgniter->run()
INFO - 2023-12-01 19:01:35 --> Session: Class initialized using 'CodeIgniter\Session\Handlers\FileHandler' driver.
CRITICAL - 2023-12-01 19:20:31 --> syntax error, unexpected token "}"
in APPPATH\Controllers\Install.php on line 271.
 1 SYSTEMPATH\Router\Router.php(514): CodeIgniter\Router\AutoRouter->getRoute('install', 'get')
 2 SYSTEMPATH\Router\Router.php(210): CodeIgniter\Router\Router->autoRoute('install')
 3 SYSTEMPATH\CodeIgniter.php(823): CodeIgniter\Router\Router->handle('install')
 4 SYSTEMPATH\CodeIgniter.php(450): CodeIgniter\CodeIgniter->tryToRouteIt(Object(CodeIgniter\Router\RouteCollection))
 5 SYSTEMPATH\CodeIgniter.php(361): CodeIgniter\CodeIgniter->handleRequest(null, Object(Config\Cache), false)
 6 FCPATH\index.php(79): CodeIgniter\CodeIgniter->run()
WARNING - 2023-12-01 19:20:42 --> [DEPRECATED] Creation of dynamic property App\Controllers\Install::$comman_model is deprecated in APPPATH\Controllers\Install.php on line 14.
 1 SYSTEMPATH\CodeIgniter.php(914): App\Controllers\Install->__construct()
 2 SYSTEMPATH\CodeIgniter.php(493): CodeIgniter\CodeIgniter->createController()
 3 SYSTEMPATH\CodeIgniter.php(361): CodeIgniter\CodeIgniter->handleRequest(null, Object(Config\Cache), false)
 4 FCPATH\index.php(79): CodeIgniter\CodeIgniter->run()
INFO - 2023-12-01 19:20:42 --> Session: Class initialized using 'CodeIgniter\Session\Handlers\FileHandler' driver.
WARNING - 2023-12-01 19:21:18 --> [DEPRECATED] Creation of dynamic property App\Controllers\Install::$comman_model is deprecated in APPPATH\Controllers\Install.php on line 14.
 1 SYSTEMPATH\CodeIgniter.php(914): App\Controllers\Install->__construct()
 2 SYSTEMPATH\CodeIgniter.php(493): CodeIgniter\CodeIgniter->createController()
 3 SYSTEMPATH\CodeIgniter.php(361): CodeIgniter\CodeIgniter->handleRequest(null, Object(Config\Cache), false)
 4 FCPATH\index.php(79): CodeIgniter\CodeIgniter->run()
INFO - 2023-12-01 19:21:18 --> Session: Class initialized using 'CodeIgniter\Session\Handlers\FileHandler' driver.
WARNING - 2023-12-01 19:21:44 --> [DEPRECATED] Creation of dynamic property App\Controllers\Install::$comman_model is deprecated in APPPATH\Controllers\Install.php on line 14.
 1 SYSTEMPATH\CodeIgniter.php(914): App\Controllers\Install->__construct()
 2 SYSTEMPATH\CodeIgniter.php(493): CodeIgniter\CodeIgniter->createController()
 3 SYSTEMPATH\CodeIgniter.php(361): CodeIgniter\CodeIgniter->handleRequest(null, Object(Config\Cache), false)
 4 FCPATH\index.php(79): CodeIgniter\CodeIgniter->run()
INFO - 2023-12-01 19:21:44 --> Session: Class initialized using 'CodeIgniter\Session\Handlers\FileHandler' driver.
WARNING - 2023-12-01 19:21:58 --> [DEPRECATED] Creation of dynamic property App\Controllers\Install::$comman_model is deprecated in APPPATH\Controllers\Install.php on line 14.
 1 SYSTEMPATH\CodeIgniter.php(914): App\Controllers\Install->__construct()
 2 SYSTEMPATH\CodeIgniter.php(493): CodeIgniter\CodeIgniter->createController()
 3 SYSTEMPATH\CodeIgniter.php(361): CodeIgniter\CodeIgniter->handleRequest(null, Object(Config\Cache), false)
 4 FCPATH\index.php(79): CodeIgniter\CodeIgniter->run()
INFO - 2023-12-01 19:21:58 --> Session: Class initialized using 'CodeIgniter\Session\Handlers\FileHandler' driver.
WARNING - 2023-12-01 19:23:22 --> [DEPRECATED] Creation of dynamic property App\Controllers\Install::$comman_model is deprecated in APPPATH\Controllers\Install.php on line 14.
 1 SYSTEMPATH\CodeIgniter.php(914): App\Controllers\Install->__construct()
 2 SYSTEMPATH\CodeIgniter.php(493): CodeIgniter\CodeIgniter->createController()
 3 SYSTEMPATH\CodeIgniter.php(361): CodeIgniter\CodeIgniter->handleRequest(null, Object(Config\Cache), false)
 4 FCPATH\index.php(79): CodeIgniter\CodeIgniter->run()
INFO - 2023-12-01 19:23:22 --> Session: Class initialized using 'CodeIgniter\Session\Handlers\FileHandler' driver.
WARNING - 2023-12-01 19:26:28 --> [DEPRECATED] Creation of dynamic property App\Controllers\Install::$comman_model is deprecated in APPPATH\Controllers\Install.php on line 14.
 1 SYSTEMPATH\CodeIgniter.php(914): App\Controllers\Install->__construct()
 2 SYSTEMPATH\CodeIgniter.php(493): CodeIgniter\CodeIgniter->createController()
 3 SYSTEMPATH\CodeIgniter.php(361): CodeIgniter\CodeIgniter->handleRequest(null, Object(Config\Cache), false)
 4 FCPATH\index.php(79): CodeIgniter\CodeIgniter->run()
INFO - 2023-12-01 19:26:28 --> Session: Class initialized using 'CodeIgniter\Session\Handlers\FileHandler' driver.
WARNING - 2023-12-01 19:30:15 --> [DEPRECATED] Creation of dynamic property App\Controllers\Install::$comman_model is deprecated in APPPATH\Controllers\Install.php on line 14.
 1 SYSTEMPATH\CodeIgniter.php(914): App\Controllers\Install->__construct()
 2 SYSTEMPATH\CodeIgniter.php(493): CodeIgniter\CodeIgniter->createController()
 3 SYSTEMPATH\CodeIgniter.php(361): CodeIgniter\CodeIgniter->handleRequest(null, Object(Config\Cache), false)
 4 FCPATH\index.php(79): CodeIgniter\CodeIgniter->run()
INFO - 2023-12-01 19:30:15 --> Session: Class initialized using 'CodeIgniter\Session\Handlers\FileHandler' driver.
CRITICAL - 2023-12-01 19:30:15 --> preg_replace(): Delimiter must not be alphanumeric, backslash, or NUL
in APPPATH\Controllers\Install.php on line 255.
 1 [internal function]: CodeIgniter\Debug\Exceptions->errorHandler(2, 'preg_replace(): Delimiter must not be alphanumeric, backslash, or NUL', 'C:\\xampp-2\\htdocs\\magic_pro\\code\\app\\Controllers\\Install.php', 255)
 2 APPPATH\Controllers\Install.php(255): preg_replace('hi', 'bye', '#--------------------------------------------------------------------
# Example Environment Configuration file
#
# This file can be used as a starting point for your own
# custom .env files, and contains most of the possible settings
# available in a default install.
#
# By default, all of the settings are commented out. If you want
# to override the setting, you must un-comment it by removing the \'#\'
# at the beginning of the line.
#--------------------------------------------------------------------

#--------------------------------------------------------------------
# ENVIRONMENT
#--------------------------------------------------------------------

 CI_ENVIRONMENT = PRODUCTION

#--------------------------------------------------------------------
# APP
#--------------------------------------------------------------------

 app.baseURL = \'http://localhost/magic_pro/code/public\'
# If you have trouble with `.`, you could also use `_`.
# app_baseURL = \'\'
# app.forceGlobalSecureRequests = false
# app.CSPEnabled = false

#--------------------------------------------------------------------
# DATABASE
#--------------------------------------------------------------------
hi
 database.default.hostname = localhost
 database.default.database = test
 database.default.username = root
 database.default.password =
# database.default.DBPrefix =
# database.default.port = 3306

# database.tests.hostname = localhost
# database.tests.database = ci4_test
# database.tests.username = root
# database.tests.password = root
# database.tests.DBDriver = MySQLi
# database.tests.DBPrefix =
# database.tests.port = 3306

#--------------------------------------------------------------------
# APP INFO
#--------------------------------------------------------------------

PROJECT_NAME = "APP"
PROJECT_AUTHOR = "feras"
PROJECT_DESCRIPTION = "dkd"
PROJECT_VERSION = 1.0.0
MAIN_LANGUAGE_ARABIC = TRUE

#--------------------------------------------------------------------
# PROJECT SETTINGS
#--------------------------------------------------------------------

REGISTER_PAGE = TRUE
CAPTCHA = FALSE
LANDING_PAGE = FALSE
EMAIL_VERIFICATION = FALSE
PAYMENT = FALSE
TRAIL_DAYS = 0
DELETE_ACCOUNT = TRUE
DELETE_DATABASE = TRUE

#--------------------------------------------------------------------
# SERVICES
#--------------------------------------------------------------------

GOOGLE_CAPTCHA_PUBLIC_KEY =
GOOGLE_CAPTCHA_SECRET_KEY =
GOOGLE_SIGNUP_PUBLIC_KEY =
GOOGLE_SIGNUP_SECRET_KEY =

#--------------------------------------------------------------------
# EMAIL
#--------------------------------------------------------------------

EMAIL_HOST =
EMAIL_USERNAME =
EMAIL_PASSWORD =
EMAIL =
EMAIL_NAME =
ADMIN_EMAIL =

#--------------------------------------------------------------------
# TWILIO SMS
#--------------------------------------------------------------------

ACCOUNT_ID =
AUTH_TOKEN =
TWILIO_PHONE_NUMBER =

#--------------------------------------------------------------------
# CONTENT SECURITY POLICY
#--------------------------------------------------------------------

# contentsecuritypolicy.reportOnly = false
# contentsecuritypolicy.defaultSrc = \'none\'
# contentsecuritypolicy.scriptSrc = \'self\'
# contentsecuritypolicy.styleSrc = \'self\'
# contentsecuritypolicy.imageSrc = \'self\'
# contentsecuritypolicy.baseURI = null
# contentsecuritypolicy.childSrc = null
# contentsecuritypolicy.connectSrc = \'self\'
# contentsecuritypolicy.fontSrc = null
# contentsecuritypolicy.formAction = null
# contentsecuritypolicy.frameAncestors = null
# contentsecuritypolicy.frameSrc = null
# contentsecuritypolicy.mediaSrc = null
# contentsecuritypolicy.objectSrc = null
# contentsecuritypolicy.pluginTypes = null
# contentsecuritypolicy.reportURI = null
# contentsecuritypolicy.sandbox = false
# contentsecuritypolicy.upgradeInsecureRequests = false
# contentsecuritypolicy.styleNonceTag = \'{csp-style-nonce}\'
# contentsecuritypolicy.scriptNonceTag = \'{csp-script-nonce}\'
# contentsecuritypolicy.autoNonce = true

#--------------------------------------------------------------------
# COOKIE
#--------------------------------------------------------------------

# cookie.prefix = \'\'
# cookie.expires = 0
# cookie.path = \'/\'
# cookie.domain = \'\'
# cookie.secure = false
# cookie.httponly = false
# cookie.samesite = \'Lax\'
# cookie.raw = false

#--------------------------------------------------------------------
# ENCRYPTION
#--------------------------------------------------------------------

# encryption.key =
# encryption.driver = OpenSSL
# encryption.blockSize = 16
# encryption.digest = SHA512

#--------------------------------------------------------------------
# HONEYPOT
#--------------------------------------------------------------------

# honeypot.hidden = \'true\'
# honeypot.label = \'Fill This Field\'
# honeypot.name = \'honeypot\'
# honeypot.template = \'<label>{label}</label><input type="text" name="{name}" value=""/>\'
# honeypot.container = \'<div style="display:none">{template}</div>\'

#--------------------------------------------------------------------
# SECURITY
#--------------------------------------------------------------------

# security.csrfProtection = \'cookie\'
# security.tokenRandomize = false
# security.tokenName = \'csrf_token_name\'
# security.headerName = \'X-CSRF-TOKEN\'
# security.cookieName = \'csrf_cookie_name\'
# security.expires = 7200
# security.regenerate = true
# security.redirect = false
# security.samesite = \'Lax\'

#--------------------------------------------------------------------
# SESSION
#--------------------------------------------------------------------

# session.driver = \'CodeIgniter\\Session\\Handlers\\FileHandler\'
# session.cookieName = \'ci_session\'
# session.expiration = 7200
# session.savePath = null
# session.matchIP = false
# session.timeToUpdate = 300
# session.regenerateDestroy = false

#--------------------------------------------------------------------
# LOGGER
#--------------------------------------------------------------------

# logger.threshold = 4

#--------------------------------------------------------------------
# CURLRequest
#--------------------------------------------------------------------

# curlrequest.shareOptions = true
')
 3 SYSTEMPATH\CodeIgniter.php(942): App\Controllers\Install->database()
 4 SYSTEMPATH\CodeIgniter.php(502): CodeIgniter\CodeIgniter->runController(Object(App\Controllers\Install))
 5 SYSTEMPATH\CodeIgniter.php(361): CodeIgniter\CodeIgniter->handleRequest(null, Object(Config\Cache), false)
 6 FCPATH\index.php(79): CodeIgniter\CodeIgniter->run()
WARNING - 2023-12-01 19:30:52 --> [DEPRECATED] Creation of dynamic property App\Controllers\Install::$comman_model is deprecated in APPPATH\Controllers\Install.php on line 14.
 1 SYSTEMPATH\CodeIgniter.php(914): App\Controllers\Install->__construct()
 2 SYSTEMPATH\CodeIgniter.php(493): CodeIgniter\CodeIgniter->createController()
 3 SYSTEMPATH\CodeIgniter.php(361): CodeIgniter\CodeIgniter->handleRequest(null, Object(Config\Cache), false)
 4 FCPATH\index.php(79): CodeIgniter\CodeIgniter->run()
INFO - 2023-12-01 19:30:52 --> Session: Class initialized using 'CodeIgniter\Session\Handlers\FileHandler' driver.
WARNING - 2023-12-01 21:07:31 --> [DEPRECATED] Creation of dynamic property App\Controllers\Install::$comman_model is deprecated in APPPATH\Controllers\Install.php on line 14.
 1 SYSTEMPATH\CodeIgniter.php(914): App\Controllers\Install->__construct()
 2 SYSTEMPATH\CodeIgniter.php(493): CodeIgniter\CodeIgniter->createController()
 3 SYSTEMPATH\CodeIgniter.php(361): CodeIgniter\CodeIgniter->handleRequest(null, Object(Config\Cache), false)
 4 FCPATH\index.php(79): CodeIgniter\CodeIgniter->run()
INFO - 2023-12-01 21:07:31 --> Session: Class initialized using 'CodeIgniter\Session\Handlers\FileHandler' driver.
WARNING - 2023-12-01 21:07:32 --> [DEPRECATED] Creation of dynamic property App\Controllers\Install::$comman_model is deprecated in APPPATH\Controllers\Install.php on line 14.
 1 SYSTEMPATH\CodeIgniter.php(914): App\Controllers\Install->__construct()
 2 SYSTEMPATH\CodeIgniter.php(493): CodeIgniter\CodeIgniter->createController()
 3 SYSTEMPATH\CodeIgniter.php(361): CodeIgniter\CodeIgniter->handleRequest(null, Object(Config\Cache), false)
 4 FCPATH\index.php(79): CodeIgniter\CodeIgniter->run()
INFO - 2023-12-01 21:07:32 --> Session: Class initialized using 'CodeIgniter\Session\Handlers\FileHandler' driver.
CRITICAL - 2023-12-01 21:15:33 --> syntax error, unexpected token "=", expecting ")"
in APPPATH\Controllers\Install.php on line 296.
 1 SYSTEMPATH\Router\Router.php(514): CodeIgniter\Router\AutoRouter->getRoute('install/app_info', 'get')
 2 SYSTEMPATH\Router\Router.php(210): CodeIgniter\Router\Router->autoRoute('install/app_info')
 3 SYSTEMPATH\CodeIgniter.php(823): CodeIgniter\Router\Router->handle('install/app_info')
 4 SYSTEMPATH\CodeIgniter.php(450): CodeIgniter\CodeIgniter->tryToRouteIt(Object(CodeIgniter\Router\RouteCollection))
 5 SYSTEMPATH\CodeIgniter.php(361): CodeIgniter\CodeIgniter->handleRequest(null, Object(Config\Cache), false)
 6 FCPATH\index.php(79): CodeIgniter\CodeIgniter->run()
WARNING - 2023-12-01 21:16:31 --> [DEPRECATED] Creation of dynamic property App\Controllers\Install::$comman_model is deprecated in APPPATH\Controllers\Install.php on line 14.
 1 SYSTEMPATH\CodeIgniter.php(914): App\Controllers\Install->__construct()
 2 SYSTEMPATH\CodeIgniter.php(493): CodeIgniter\CodeIgniter->createController()
 3 SYSTEMPATH\CodeIgniter.php(361): CodeIgniter\CodeIgniter->handleRequest(null, Object(Config\Cache), false)
 4 FCPATH\index.php(79): CodeIgniter\CodeIgniter->run()
INFO - 2023-12-01 21:16:31 --> Session: Class initialized using 'CodeIgniter\Session\Handlers\FileHandler' driver.
WARNING - 2023-12-01 21:16:38 --> [DEPRECATED] Creation of dynamic property App\Controllers\Install::$comman_model is deprecated in APPPATH\Controllers\Install.php on line 14.
 1 SYSTEMPATH\CodeIgniter.php(914): App\Controllers\Install->__construct()
 2 SYSTEMPATH\CodeIgniter.php(493): CodeIgniter\CodeIgniter->createController()
 3 SYSTEMPATH\CodeIgniter.php(361): CodeIgniter\CodeIgniter->handleRequest(null, Object(Config\Cache), false)
 4 FCPATH\index.php(79): CodeIgniter\CodeIgniter->run()
INFO - 2023-12-01 21:16:38 --> Session: Class initialized using 'CodeIgniter\Session\Handlers\FileHandler' driver.
WARNING - 2023-12-01 21:16:49 --> [DEPRECATED] Creation of dynamic property App\Controllers\Install::$comman_model is deprecated in APPPATH\Controllers\Install.php on line 14.
 1 SYSTEMPATH\CodeIgniter.php(914): App\Controllers\Install->__construct()
 2 SYSTEMPATH\CodeIgniter.php(493): CodeIgniter\CodeIgniter->createController()
 3 SYSTEMPATH\CodeIgniter.php(361): CodeIgniter\CodeIgniter->handleRequest(null, Object(Config\Cache), false)
 4 FCPATH\index.php(79): CodeIgniter\CodeIgniter->run()
INFO - 2023-12-01 21:16:49 --> Session: Class initialized using 'CodeIgniter\Session\Handlers\FileHandler' driver.
WARNING - 2023-12-01 21:17:00 --> [DEPRECATED] Creation of dynamic property App\Controllers\Install::$comman_model is deprecated in APPPATH\Controllers\Install.php on line 14.
 1 SYSTEMPATH\CodeIgniter.php(914): App\Controllers\Install->__construct()
 2 SYSTEMPATH\CodeIgniter.php(493): CodeIgniter\CodeIgniter->createController()
 3 SYSTEMPATH\CodeIgniter.php(361): CodeIgniter\CodeIgniter->handleRequest(null, Object(Config\Cache), false)
 4 FCPATH\index.php(79): CodeIgniter\CodeIgniter->run()
INFO - 2023-12-01 21:17:00 --> Session: Class initialized using 'CodeIgniter\Session\Handlers\FileHandler' driver.
CRITICAL - 2023-12-01 21:17:00 --> Undefined variable $author_name
in APPPATH\Controllers\Install.php on line 303.
 1 APPPATH\Controllers\Install.php(303): CodeIgniter\Debug\Exceptions->errorHandler(2, 'Undefined variable $author_name', 'C:\\xampp-2\\htdocs\\magic_pro\\code\\app\\Controllers\\Install.php', 303)
 2 SYSTEMPATH\CodeIgniter.php(942): App\Controllers\Install->info()
 3 SYSTEMPATH\CodeIgniter.php(502): CodeIgniter\CodeIgniter->runController(Object(App\Controllers\Install))
 4 SYSTEMPATH\CodeIgniter.php(361): CodeIgniter\CodeIgniter->handleRequest(null, Object(Config\Cache), false)
 5 FCPATH\index.php(79): CodeIgniter\CodeIgniter->run()
WARNING - 2023-12-01 21:17:25 --> [DEPRECATED] Creation of dynamic property App\Controllers\Install::$comman_model is deprecated in APPPATH\Controllers\Install.php on line 14.
 1 SYSTEMPATH\CodeIgniter.php(914): App\Controllers\Install->__construct()
 2 SYSTEMPATH\CodeIgniter.php(493): CodeIgniter\CodeIgniter->createController()
 3 SYSTEMPATH\CodeIgniter.php(361): CodeIgniter\CodeIgniter->handleRequest(null, Object(Config\Cache), false)
 4 FCPATH\index.php(79): CodeIgniter\CodeIgniter->run()
INFO - 2023-12-01 21:17:25 --> Session: Class initialized using 'CodeIgniter\Session\Handlers\FileHandler' driver.
CRITICAL - 2023-12-01 21:17:25 --> Undefined variable $description
in APPPATH\Controllers\Install.php on line 310.
 1 APPPATH\Controllers\Install.php(310): CodeIgniter\Debug\Exceptions->errorHandler(2, 'Undefined variable $description', 'C:\\xampp-2\\htdocs\\magic_pro\\code\\app\\Controllers\\Install.php', 310)
 2 SYSTEMPATH\CodeIgniter.php(942): App\Controllers\Install->info()
 3 SYSTEMPATH\CodeIgniter.php(502): CodeIgniter\CodeIgniter->runController(Object(App\Controllers\Install))
 4 SYSTEMPATH\CodeIgniter.php(361): CodeIgniter\CodeIgniter->handleRequest(null, Object(Config\Cache), false)
 5 FCPATH\index.php(79): CodeIgniter\CodeIgniter->run()
WARNING - 2023-12-01 21:17:35 --> [DEPRECATED] Creation of dynamic property App\Controllers\Install::$comman_model is deprecated in APPPATH\Controllers\Install.php on line 14.
 1 SYSTEMPATH\CodeIgniter.php(914): App\Controllers\Install->__construct()
 2 SYSTEMPATH\CodeIgniter.php(493): CodeIgniter\CodeIgniter->createController()
 3 SYSTEMPATH\CodeIgniter.php(361): CodeIgniter\CodeIgniter->handleRequest(null, Object(Config\Cache), false)
 4 FCPATH\index.php(79): CodeIgniter\CodeIgniter->run()
INFO - 2023-12-01 21:17:35 --> Session: Class initialized using 'CodeIgniter\Session\Handlers\FileHandler' driver.
CRITICAL - 2023-12-01 21:17:36 --> Config\App::$baseURL is invalid.
in SYSTEMPATH\HTTP\SiteURI.php on line 199.
 1 SYSTEMPATH\HTTP\SiteURI.php(145): CodeIgniter\HTTP\SiteURI->normalizeBaseURL(Object(Config\App))
 2 SYSTEMPATH\HTTP\SiteURI.php(100): CodeIgniter\HTTP\SiteURI->determineBaseURL(Object(Config\App), null, null)
 3 SYSTEMPATH\HTTP\SiteURIFactory.php(224): CodeIgniter\HTTP\SiteURI->__construct(Object(Config\App), 'install/app_info', null)
 4 SYSTEMPATH\HTTP\SiteURIFactory.php(45): CodeIgniter\HTTP\SiteURIFactory->createURIFromRoutePath('install/app_info')
 5 SYSTEMPATH\Config\Services.php(799): CodeIgniter\HTTP\SiteURIFactory->createFromGlobals()
 6 SYSTEMPATH\Config\BaseService.php(258): CodeIgniter\Config\Services::uri(null, false)
 7 SYSTEMPATH\Config\BaseService.php(199): CodeIgniter\Config\BaseService::__callStatic('uri', [...])
 8 SYSTEMPATH\Config\Services.php(792): CodeIgniter\Config\BaseService::getSharedInstance('uri', null)
 9 SYSTEMPATH\Config\BaseService.php(258): CodeIgniter\Config\Services::uri()
10 SYSTEMPATH\Config\Services.php(566): CodeIgniter\Config\BaseService::__callStatic('uri', [])
11 SYSTEMPATH\Config\BaseService.php(258): CodeIgniter\Config\Services::incomingrequest(Object(Config\App), false)
12 SYSTEMPATH\Config\Services.php(524): CodeIgniter\Config\BaseService::__callStatic('incomingrequest', [...])
13 SYSTEMPATH\Config\BaseService.php(258): CodeIgniter\Config\Services::request(Object(Config\App), false)
14 SYSTEMPATH\Config\BaseService.php(199): CodeIgniter\Config\BaseService::__callStatic('request', [...])
15 SYSTEMPATH\Config\Services.php(559): CodeIgniter\Config\BaseService::getSharedInstance('request', Object(Config\App))
16 SYSTEMPATH\Config\BaseService.php(258): CodeIgniter\Config\Services::incomingrequest(Object(Config\App))
17 SYSTEMPATH\Config\Services.php(539): CodeIgniter\Config\BaseService::__callStatic('incomingrequest', [...])
18 SYSTEMPATH\Config\BaseService.php(258): CodeIgniter\Config\Services::createRequest(Object(Config\App))
19 SYSTEMPATH\CodeIgniter.php(655): CodeIgniter\Config\BaseService::__callStatic('createRequest', [...])
20 SYSTEMPATH\CodeIgniter.php(355): CodeIgniter\CodeIgniter->getRequestObject()
21 FCPATH\index.php(79): CodeIgniter\CodeIgniter->run()
CRITICAL - 2023-12-01 21:17:36 --> Uncaught CodeIgniter\Exceptions\ConfigException: Config\App::$baseURL is invalid. in C:\xampp-2\htdocs\magic_pro\code\system\HTTP\SiteURI.php:199
Stack trace:
#0 C:\xampp-2\htdocs\magic_pro\code\system\HTTP\SiteURI.php(145): CodeIgniter\HTTP\SiteURI->normalizeBaseURL(Object(Config\App))
#1 C:\xampp-2\htdocs\magic_pro\code\system\HTTP\SiteURI.php(100): CodeIgniter\HTTP\SiteURI->determineBaseURL(Object(Config\App), NULL, NULL)
#2 C:\xampp-2\htdocs\magic_pro\code\system\HTTP\SiteURIFactory.php(224): CodeIgniter\HTTP\SiteURI->__construct(Object(Config\App), 'install/app_inf...', NULL)
#3 C:\xampp-2\htdocs\magic_pro\code\system\HTTP\SiteURIFactory.php(45): CodeIgniter\HTTP\SiteURIFactory->createURIFromRoutePath('install/app_inf...')
#4 C:\xampp-2\htdocs\magic_pro\code\system\Config\Services.php(799): CodeIgniter\HTTP\SiteURIFactory->createFromGlobals()
#5 C:\xampp-2\htdocs\magic_pro\code\system\Config\BaseService.php(258): CodeIgniter\Config\Services::uri(NULL, false)
#6 C:\xampp-2\htdocs\magic_pro\code\system\Config\BaseService.php(199): CodeIgniter\Config\BaseService::__callStatic('uri', Array)
#7 C:\xampp-2\htdocs\magic_pro\code\system\Config\Services.php(792): CodeIgniter\Config\BaseService::getSharedInstance('uri', NULL)
#8 C:\xampp-2\htdocs\magic_pro\code\system\Config\BaseService.php(258): CodeIgniter\Config\Services::uri()
#9 C:\xampp-2\htdocs\magic_pro\code\system\Config\Services.php(566): CodeIgniter\Config\BaseService::__callStatic('uri', Array)
#10 C:\xampp-2\htdocs\magic_pro\code\system\Config\BaseService.php(258): CodeIgniter\Config\Services::incomingrequest(Object(Config\App), false)
#11 C:\xampp-2\htdocs\magic_pro\code\system\Config\Services.php(524): CodeIgniter\Config\BaseService::__callStatic('incomingrequest', Array)
#12 C:\xampp-2\htdocs\magic_pro\code\system\Config\BaseService.php(258): CodeIgniter\Config\Services::request(NULL, false)
#13 C:\xampp-2\htdocs\magic_pro\code\system\Config\BaseService.php(199): CodeIgniter\Config\BaseService::__callStatic('request', Array)
#14 C:\xampp-2\htdocs\magic_pro\code\system\Config\Services.php(520): CodeIgniter\Config\BaseService::getSharedInstance('request', NULL)
#15 C:\xampp-2\htdocs\magic_pro\code\system\Config\BaseService.php(258): CodeIgniter\Config\Services::request()
#16 C:\xampp-2\htdocs\magic_pro\code\system\Debug\Exceptions.php(137): CodeIgniter\Config\BaseService::__callStatic('request', Array)
#17 [internal function]: CodeIgniter\Debug\Exceptions->exceptionHandler(Object(CodeIgniter\Exceptions\ConfigException))
#18 {main}
  thrown
【Previous Exception】
CodeIgniter\Exceptions\ConfigException
Config\App::$baseURL is invalid.
#0 C:\xampp-2\htdocs\magic_pro\code\system\HTTP\SiteURI.php(145): CodeIgniter\HTTP\SiteURI->normalizeBaseURL(Object(Config\App))
#1 C:\xampp-2\htdocs\magic_pro\code\system\HTTP\SiteURI.php(100): CodeIgniter\HTTP\SiteURI->determineBaseURL(Object(Config\App), NULL, NULL)
#2 C:\xampp-2\htdocs\magic_pro\code\system\HTTP\SiteURIFactory.php(224): CodeIgniter\HTTP\SiteURI->__construct(Object(Config\App), 'install/app_inf...', NULL)
#3 C:\xampp-2\htdocs\magic_pro\code\system\HTTP\SiteURIFactory.php(45): CodeIgniter\HTTP\SiteURIFactory->createURIFromRoutePath('install/app_inf...')
#4 C:\xampp-2\htdocs\magic_pro\code\system\Config\Services.php(799): CodeIgniter\HTTP\SiteURIFactory->createFromGlobals()
#5 C:\xampp-2\htdocs\magic_pro\code\system\Config\BaseService.php(258): CodeIgniter\Config\Services::uri(NULL, false)
#6 C:\xampp-2\htdocs\magic_pro\code\system\Config\BaseService.php(199): CodeIgniter\Config\BaseService::__callStatic('uri', Array)
#7 C:\xampp-2\htdocs\magic_pro\code\system\Config\Services.php(792): CodeIgniter\Config\BaseService::getSharedInstance('uri', NULL)
#8 C:\xampp-2\htdocs\magic_pro\code\system\Config\BaseService.php(258): CodeIgniter\Config\Services::uri()
#9 C:\xampp-2\htdocs\magic_pro\code\system\Config\Services.php(566): CodeIgniter\Config\BaseService::__callStatic('uri', Array)
#10 C:\xampp-2\htdocs\magic_pro\code\system\Config\BaseService.php(258): CodeIgniter\Config\Services::incomingrequest(Object(Config\App), false)
#11 C:\xampp-2\htdocs\magic_pro\code\system\Config\Services.php(524): CodeIgniter\Config\BaseService::__callStatic('incomingrequest', Array)
#12 C:\xampp-2\htdocs\magic_pro\code\system\Config\BaseService.php(258): CodeIgniter\Config\Services::request(Object(Config\App), false)
#13 C:\xampp-2\htdocs\magic_pro\code\system\Config\BaseService.php(199): CodeIgniter\Config\BaseService::__callStatic('request', Array)
#14 C:\xampp-2\htdocs\magic_pro\code\system\Config\Services.php(559): CodeIgniter\Config\BaseService::getSharedInstance('request', Object(Config\App))
#15 C:\xampp-2\htdocs\magic_pro\code\system\Config\BaseService.php(258): CodeIgniter\Config\Services::incomingrequest(Object(Config\App))
#16 C:\xampp-2\htdocs\magic_pro\code\system\Config\Services.php(539): CodeIgniter\Config\BaseService::__callStatic('incomingrequest', Array)
#17 C:\xampp-2\htdocs\magic_pro\code\system\Config\BaseService.php(258): CodeIgniter\Config\Services::createRequest(Object(Config\App))
#18 C:\xampp-2\htdocs\magic_pro\code\system\CodeIgniter.php(655): CodeIgniter\Config\BaseService::__callStatic('createRequest', Array)
#19 C:\xampp-2\htdocs\magic_pro\code\system\CodeIgniter.php(355): CodeIgniter\CodeIgniter->getRequestObject()
#20 C:\xampp-2\htdocs\magic_pro\code\public\index.php(79): CodeIgniter\CodeIgniter->run()
#21 {main}
in SYSTEMPATH\HTTP\SiteURI.php on line 199.
 1 [internal function]: CodeIgniter\Debug\Exceptions->shutdownHandler()
CRITICAL - 2023-12-01 21:18:49 --> Config\App::$baseURL is invalid.
in SYSTEMPATH\HTTP\SiteURI.php on line 199.
 1 SYSTEMPATH\HTTP\SiteURI.php(145): CodeIgniter\HTTP\SiteURI->normalizeBaseURL(Object(Config\App))
 2 SYSTEMPATH\HTTP\SiteURI.php(100): CodeIgniter\HTTP\SiteURI->determineBaseURL(Object(Config\App), null, null)
 3 SYSTEMPATH\HTTP\SiteURIFactory.php(224): CodeIgniter\HTTP\SiteURI->__construct(Object(Config\App), 'install/app_info', null)
 4 SYSTEMPATH\HTTP\SiteURIFactory.php(45): CodeIgniter\HTTP\SiteURIFactory->createURIFromRoutePath('install/app_info')
 5 SYSTEMPATH\Config\Services.php(799): CodeIgniter\HTTP\SiteURIFactory->createFromGlobals()
 6 SYSTEMPATH\Config\BaseService.php(258): CodeIgniter\Config\Services::uri(null, false)
 7 SYSTEMPATH\Config\BaseService.php(199): CodeIgniter\Config\BaseService::__callStatic('uri', [...])
 8 SYSTEMPATH\Config\Services.php(792): CodeIgniter\Config\BaseService::getSharedInstance('uri', null)
 9 SYSTEMPATH\Config\BaseService.php(258): CodeIgniter\Config\Services::uri()
10 SYSTEMPATH\Config\Services.php(566): CodeIgniter\Config\BaseService::__callStatic('uri', [])
11 SYSTEMPATH\Config\BaseService.php(258): CodeIgniter\Config\Services::incomingrequest(Object(Config\App), false)
12 SYSTEMPATH\Config\Services.php(524): CodeIgniter\Config\BaseService::__callStatic('incomingrequest', [...])
13 SYSTEMPATH\Config\BaseService.php(258): CodeIgniter\Config\Services::request(Object(Config\App), false)
14 SYSTEMPATH\Config\BaseService.php(199): CodeIgniter\Config\BaseService::__callStatic('request', [...])
15 SYSTEMPATH\Config\Services.php(559): CodeIgniter\Config\BaseService::getSharedInstance('request', Object(Config\App))
16 SYSTEMPATH\Config\BaseService.php(258): CodeIgniter\Config\Services::incomingrequest(Object(Config\App))
17 SYSTEMPATH\Config\Services.php(539): CodeIgniter\Config\BaseService::__callStatic('incomingrequest', [...])
18 SYSTEMPATH\Config\BaseService.php(258): CodeIgniter\Config\Services::createRequest(Object(Config\App))
19 SYSTEMPATH\CodeIgniter.php(655): CodeIgniter\Config\BaseService::__callStatic('createRequest', [...])
20 SYSTEMPATH\CodeIgniter.php(355): CodeIgniter\CodeIgniter->getRequestObject()
21 FCPATH\index.php(79): CodeIgniter\CodeIgniter->run()
CRITICAL - 2023-12-01 21:18:49 --> Uncaught CodeIgniter\Exceptions\ConfigException: Config\App::$baseURL is invalid. in C:\xampp-2\htdocs\magic_pro\code\system\HTTP\SiteURI.php:199
Stack trace:
#0 C:\xampp-2\htdocs\magic_pro\code\system\HTTP\SiteURI.php(145): CodeIgniter\HTTP\SiteURI->normalizeBaseURL(Object(Config\App))
#1 C:\xampp-2\htdocs\magic_pro\code\system\HTTP\SiteURI.php(100): CodeIgniter\HTTP\SiteURI->determineBaseURL(Object(Config\App), NULL, NULL)
#2 C:\xampp-2\htdocs\magic_pro\code\system\HTTP\SiteURIFactory.php(224): CodeIgniter\HTTP\SiteURI->__construct(Object(Config\App), 'install/app_inf...', NULL)
#3 C:\xampp-2\htdocs\magic_pro\code\system\HTTP\SiteURIFactory.php(45): CodeIgniter\HTTP\SiteURIFactory->createURIFromRoutePath('install/app_inf...')
#4 C:\xampp-2\htdocs\magic_pro\code\system\Config\Services.php(799): CodeIgniter\HTTP\SiteURIFactory->createFromGlobals()
#5 C:\xampp-2\htdocs\magic_pro\code\system\Config\BaseService.php(258): CodeIgniter\Config\Services::uri(NULL, false)
#6 C:\xampp-2\htdocs\magic_pro\code\system\Config\BaseService.php(199): CodeIgniter\Config\BaseService::__callStatic('uri', Array)
#7 C:\xampp-2\htdocs\magic_pro\code\system\Config\Services.php(792): CodeIgniter\Config\BaseService::getSharedInstance('uri', NULL)
#8 C:\xampp-2\htdocs\magic_pro\code\system\Config\BaseService.php(258): CodeIgniter\Config\Services::uri()
#9 C:\xampp-2\htdocs\magic_pro\code\system\Config\Services.php(566): CodeIgniter\Config\BaseService::__callStatic('uri', Array)
#10 C:\xampp-2\htdocs\magic_pro\code\system\Config\BaseService.php(258): CodeIgniter\Config\Services::incomingrequest(Object(Config\App), false)
#11 C:\xampp-2\htdocs\magic_pro\code\system\Config\Services.php(524): CodeIgniter\Config\BaseService::__callStatic('incomingrequest', Array)
#12 C:\xampp-2\htdocs\magic_pro\code\system\Config\BaseService.php(258): CodeIgniter\Config\Services::request(NULL, false)
#13 C:\xampp-2\htdocs\magic_pro\code\system\Config\BaseService.php(199): CodeIgniter\Config\BaseService::__callStatic('request', Array)
#14 C:\xampp-2\htdocs\magic_pro\code\system\Config\Services.php(520): CodeIgniter\Config\BaseService::getSharedInstance('request', NULL)
#15 C:\xampp-2\htdocs\magic_pro\code\system\Config\BaseService.php(258): CodeIgniter\Config\Services::request()
#16 C:\xampp-2\htdocs\magic_pro\code\system\Debug\Exceptions.php(137): CodeIgniter\Config\BaseService::__callStatic('request', Array)
#17 [internal function]: CodeIgniter\Debug\Exceptions->exceptionHandler(Object(CodeIgniter\Exceptions\ConfigException))
#18 {main}
  thrown
【Previous Exception】
CodeIgniter\Exceptions\ConfigException
Config\App::$baseURL is invalid.
#0 C:\xampp-2\htdocs\magic_pro\code\system\HTTP\SiteURI.php(145): CodeIgniter\HTTP\SiteURI->normalizeBaseURL(Object(Config\App))
#1 C:\xampp-2\htdocs\magic_pro\code\system\HTTP\SiteURI.php(100): CodeIgniter\HTTP\SiteURI->determineBaseURL(Object(Config\App), NULL, NULL)
#2 C:\xampp-2\htdocs\magic_pro\code\system\HTTP\SiteURIFactory.php(224): CodeIgniter\HTTP\SiteURI->__construct(Object(Config\App), 'install/app_inf...', NULL)
#3 C:\xampp-2\htdocs\magic_pro\code\system\HTTP\SiteURIFactory.php(45): CodeIgniter\HTTP\SiteURIFactory->createURIFromRoutePath('install/app_inf...')
#4 C:\xampp-2\htdocs\magic_pro\code\system\Config\Services.php(799): CodeIgniter\HTTP\SiteURIFactory->createFromGlobals()
#5 C:\xampp-2\htdocs\magic_pro\code\system\Config\BaseService.php(258): CodeIgniter\Config\Services::uri(NULL, false)
#6 C:\xampp-2\htdocs\magic_pro\code\system\Config\BaseService.php(199): CodeIgniter\Config\BaseService::__callStatic('uri', Array)
#7 C:\xampp-2\htdocs\magic_pro\code\system\Config\Services.php(792): CodeIgniter\Config\BaseService::getSharedInstance('uri', NULL)
#8 C:\xampp-2\htdocs\magic_pro\code\system\Config\BaseService.php(258): CodeIgniter\Config\Services::uri()
#9 C:\xampp-2\htdocs\magic_pro\code\system\Config\Services.php(566): CodeIgniter\Config\BaseService::__callStatic('uri', Array)
#10 C:\xampp-2\htdocs\magic_pro\code\system\Config\BaseService.php(258): CodeIgniter\Config\Services::incomingrequest(Object(Config\App), false)
#11 C:\xampp-2\htdocs\magic_pro\code\system\Config\Services.php(524): CodeIgniter\Config\BaseService::__callStatic('incomingrequest', Array)
#12 C:\xampp-2\htdocs\magic_pro\code\system\Config\BaseService.php(258): CodeIgniter\Config\Services::request(Object(Config\App), false)
#13 C:\xampp-2\htdocs\magic_pro\code\system\Config\BaseService.php(199): CodeIgniter\Config\BaseService::__callStatic('request', Array)
#14 C:\xampp-2\htdocs\magic_pro\code\system\Config\Services.php(559): CodeIgniter\Config\BaseService::getSharedInstance('request', Object(Config\App))
#15 C:\xampp-2\htdocs\magic_pro\code\system\Config\BaseService.php(258): CodeIgniter\Config\Services::incomingrequest(Object(Config\App))
#16 C:\xampp-2\htdocs\magic_pro\code\system\Config\Services.php(539): CodeIgniter\Config\BaseService::__callStatic('incomingrequest', Array)
#17 C:\xampp-2\htdocs\magic_pro\code\system\Config\BaseService.php(258): CodeIgniter\Config\Services::createRequest(Object(Config\App))
#18 C:\xampp-2\htdocs\magic_pro\code\system\CodeIgniter.php(655): CodeIgniter\Config\BaseService::__callStatic('createRequest', Array)
#19 C:\xampp-2\htdocs\magic_pro\code\system\CodeIgniter.php(355): CodeIgniter\CodeIgniter->getRequestObject()
#20 C:\xampp-2\htdocs\magic_pro\code\public\index.php(79): CodeIgniter\CodeIgniter->run()
#21 {main}
in SYSTEMPATH\HTTP\SiteURI.php on line 199.
 1 [internal function]: CodeIgniter\Debug\Exceptions->shutdownHandler()
WARNING - 2023-12-01 21:19:24 --> [DEPRECATED] Creation of dynamic property App\Controllers\Install::$comman_model is deprecated in APPPATH\Controllers\Install.php on line 14.
 1 SYSTEMPATH\CodeIgniter.php(914): App\Controllers\Install->__construct()
 2 SYSTEMPATH\CodeIgniter.php(493): CodeIgniter\CodeIgniter->createController()
 3 SYSTEMPATH\CodeIgniter.php(361): CodeIgniter\CodeIgniter->handleRequest(null, Object(Config\Cache), false)
 4 FCPATH\index.php(79): CodeIgniter\CodeIgniter->run()
INFO - 2023-12-01 21:19:24 --> Session: Class initialized using 'CodeIgniter\Session\Handlers\FileHandler' driver.
WARNING - 2023-12-01 21:19:31 --> [DEPRECATED] Creation of dynamic property App\Controllers\Install::$comman_model is deprecated in APPPATH\Controllers\Install.php on line 14.
 1 SYSTEMPATH\CodeIgniter.php(914): App\Controllers\Install->__construct()
 2 SYSTEMPATH\CodeIgniter.php(493): CodeIgniter\CodeIgniter->createController()
 3 SYSTEMPATH\CodeIgniter.php(361): CodeIgniter\CodeIgniter->handleRequest(null, Object(Config\Cache), false)
 4 FCPATH\index.php(79): CodeIgniter\CodeIgniter->run()
INFO - 2023-12-01 21:19:31 --> Session: Class initialized using 'CodeIgniter\Session\Handlers\FileHandler' driver.
WARNING - 2023-12-01 21:19:49 --> [DEPRECATED] Creation of dynamic property App\Controllers\Install::$comman_model is deprecated in APPPATH\Controllers\Install.php on line 14.
 1 SYSTEMPATH\CodeIgniter.php(914): App\Controllers\Install->__construct()
 2 SYSTEMPATH\CodeIgniter.php(493): CodeIgniter\CodeIgniter->createController()
 3 SYSTEMPATH\CodeIgniter.php(361): CodeIgniter\CodeIgniter->handleRequest(null, Object(Config\Cache), false)
 4 FCPATH\index.php(79): CodeIgniter\CodeIgniter->run()
INFO - 2023-12-01 21:19:49 --> Session: Class initialized using 'CodeIgniter\Session\Handlers\FileHandler' driver.
WARNING - 2023-12-01 21:19:49 --> [DEPRECATED] Creation of dynamic property App\Controllers\Install::$comman_model is deprecated in APPPATH\Controllers\Install.php on line 14.
 1 SYSTEMPATH\CodeIgniter.php(914): App\Controllers\Install->__construct()
 2 SYSTEMPATH\CodeIgniter.php(493): CodeIgniter\CodeIgniter->createController()
 3 SYSTEMPATH\CodeIgniter.php(361): CodeIgniter\CodeIgniter->handleRequest(null, Object(Config\Cache), false)
 4 FCPATH\index.php(79): CodeIgniter\CodeIgniter->run()
INFO - 2023-12-01 21:19:49 --> Session: Class initialized using 'CodeIgniter\Session\Handlers\FileHandler' driver.
WARNING - 2023-12-01 21:37:11 --> [DEPRECATED] Creation of dynamic property App\Controllers\Install::$comman_model is deprecated in APPPATH\Controllers\Install.php on line 14.
 1 SYSTEMPATH\CodeIgniter.php(914): App\Controllers\Install->__construct()
 2 SYSTEMPATH\CodeIgniter.php(493): CodeIgniter\CodeIgniter->createController()
 3 SYSTEMPATH\CodeIgniter.php(361): CodeIgniter\CodeIgniter->handleRequest(null, Object(Config\Cache), false)
 4 FCPATH\index.php(79): CodeIgniter\CodeIgniter->run()
INFO - 2023-12-01 21:37:11 --> Session: Class initialized using 'CodeIgniter\Session\Handlers\FileHandler' driver.
WARNING - 2023-12-01 21:37:17 --> [DEPRECATED] Creation of dynamic property App\Controllers\Install::$comman_model is deprecated in APPPATH\Controllers\Install.php on line 14.
 1 SYSTEMPATH\CodeIgniter.php(914): App\Controllers\Install->__construct()
 2 SYSTEMPATH\CodeIgniter.php(493): CodeIgniter\CodeIgniter->createController()
 3 SYSTEMPATH\CodeIgniter.php(361): CodeIgniter\CodeIgniter->handleRequest(null, Object(Config\Cache), false)
 4 FCPATH\index.php(79): CodeIgniter\CodeIgniter->run()
INFO - 2023-12-01 21:37:17 --> Session: Class initialized using 'CodeIgniter\Session\Handlers\FileHandler' driver.
CRITICAL - 2023-12-01 21:37:17 --> Undefined constant "App\Controllers\APPATH"
in APPPATH\Controllers\Install.php on line 321.
 1 SYSTEMPATH\CodeIgniter.php(942): App\Controllers\Install->delete_install()
 2 SYSTEMPATH\CodeIgniter.php(502): CodeIgniter\CodeIgniter->runController(Object(App\Controllers\Install))
 3 SYSTEMPATH\CodeIgniter.php(361): CodeIgniter\CodeIgniter->handleRequest(null, Object(Config\Cache), false)
 4 FCPATH\index.php(79): CodeIgniter\CodeIgniter->run()
WARNING - 2023-12-01 21:37:40 --> [DEPRECATED] Creation of dynamic property App\Controllers\Install::$comman_model is deprecated in APPPATH\Controllers\Install.php on line 14.
 1 SYSTEMPATH\CodeIgniter.php(914): App\Controllers\Install->__construct()
 2 SYSTEMPATH\CodeIgniter.php(493): CodeIgniter\CodeIgniter->createController()
 3 SYSTEMPATH\CodeIgniter.php(361): CodeIgniter\CodeIgniter->handleRequest(null, Object(Config\Cache), false)
 4 FCPATH\index.php(79): CodeIgniter\CodeIgniter->run()
INFO - 2023-12-01 21:37:40 --> Session: Class initialized using 'CodeIgniter\Session\Handlers\FileHandler' driver.
CRITICAL - 2023-12-01 21:37:40 --> file_get_contents(controllers/install): Failed to open stream: No such file or directory
in APPPATH\Controllers\Install.php on line 324.
 1 [internal function]: CodeIgniter\Debug\Exceptions->errorHandler(2, 'file_get_contents(controllers/install): Failed to open stream: No such file or directory', 'C:\\xampp-2\\htdocs\\magic_pro\\code\\app\\Controllers\\Install.php', 324)
 2 APPPATH\Controllers\Install.php(324): file_get_contents('controllers/install')
 3 SYSTEMPATH\CodeIgniter.php(942): App\Controllers\Install->delete_install()
 4 SYSTEMPATH\CodeIgniter.php(502): CodeIgniter\CodeIgniter->runController(Object(App\Controllers\Install))
 5 SYSTEMPATH\CodeIgniter.php(361): CodeIgniter\CodeIgniter->handleRequest(null, Object(Config\Cache), false)
 6 FCPATH\index.php(79): CodeIgniter\CodeIgniter->run()
WARNING - 2023-12-01 21:38:06 --> [DEPRECATED] Creation of dynamic property App\Controllers\Install::$comman_model is deprecated in APPPATH\Controllers\Install.php on line 14.
 1 SYSTEMPATH\CodeIgniter.php(914): App\Controllers\Install->__construct()
 2 SYSTEMPATH\CodeIgniter.php(493): CodeIgniter\CodeIgniter->createController()
 3 SYSTEMPATH\CodeIgniter.php(361): CodeIgniter\CodeIgniter->handleRequest(null, Object(Config\Cache), false)
 4 FCPATH\index.php(79): CodeIgniter\CodeIgniter->run()
INFO - 2023-12-01 21:38:06 --> Session: Class initialized using 'CodeIgniter\Session\Handlers\FileHandler' driver.
CRITICAL - 2023-12-01 21:38:06 --> file_get_contents(app/Controllers/install): Failed to open stream: No such file or directory
in APPPATH\Controllers\Install.php on line 324.
 1 [internal function]: CodeIgniter\Debug\Exceptions->errorHandler(2, 'file_get_contents(app/Controllers/install): Failed to open stream: No such file or directory', 'C:\\xampp-2\\htdocs\\magic_pro\\code\\app\\Controllers\\Install.php', 324)
 2 APPPATH\Controllers\Install.php(324): file_get_contents('app/Controllers/install')
 3 SYSTEMPATH\CodeIgniter.php(942): App\Controllers\Install->delete_install()
 4 SYSTEMPATH\CodeIgniter.php(502): CodeIgniter\CodeIgniter->runController(Object(App\Controllers\Install))
 5 SYSTEMPATH\CodeIgniter.php(361): CodeIgniter\CodeIgniter->handleRequest(null, Object(Config\Cache), false)
 6 FCPATH\index.php(79): CodeIgniter\CodeIgniter->run()
WARNING - 2023-12-01 21:38:40 --> [DEPRECATED] Creation of dynamic property App\Controllers\Install::$comman_model is deprecated in APPPATH\Controllers\Install.php on line 14.
 1 SYSTEMPATH\CodeIgniter.php(914): App\Controllers\Install->__construct()
 2 SYSTEMPATH\CodeIgniter.php(493): CodeIgniter\CodeIgniter->createController()
 3 SYSTEMPATH\CodeIgniter.php(361): CodeIgniter\CodeIgniter->handleRequest(null, Object(Config\Cache), false)
 4 FCPATH\index.php(79): CodeIgniter\CodeIgniter->run()
INFO - 2023-12-01 21:38:40 --> Session: Class initialized using 'CodeIgniter\Session\Handlers\FileHandler' driver.
CRITICAL - 2023-12-01 21:38:40 --> file_get_contents(http://localhost/magic_pro/code/app/Controllers/install): Failed to open stream: HTTP request failed! HTTP/1.1 403 Forbidden

in APPPATH\Controllers\Install.php on line 324.
 1 [internal function]: CodeIgniter\Debug\Exceptions->errorHandler(2, 'file_get_contents(http://localhost/magic_pro/code/app/Controllers/install): Failed to open stream: HTTP request failed! HTTP/1.1 403 Forbidden
', 'C:\\xampp-2\\htdocs\\magic_pro\\code\\app\\Controllers\\Install.php', 324)
 2 APPPATH\Controllers\Install.php(324): file_get_contents('http://localhost/magic_pro/code/app/Controllers/install')
 3 SYSTEMPATH\CodeIgniter.php(942): App\Controllers\Install->delete_install()
 4 SYSTEMPATH\CodeIgniter.php(502): CodeIgniter\CodeIgniter->runController(Object(App\Controllers\Install))
 5 SYSTEMPATH\CodeIgniter.php(361): CodeIgniter\CodeIgniter->handleRequest(null, Object(Config\Cache), false)
 6 FCPATH\index.php(79): CodeIgniter\CodeIgniter->run()
WARNING - 2023-12-01 21:38:51 --> [DEPRECATED] Creation of dynamic property App\Controllers\Install::$comman_model is deprecated in APPPATH\Controllers\Install.php on line 14.
 1 SYSTEMPATH\CodeIgniter.php(914): App\Controllers\Install->__construct()
 2 SYSTEMPATH\CodeIgniter.php(493): CodeIgniter\CodeIgniter->createController()
 3 SYSTEMPATH\CodeIgniter.php(361): CodeIgniter\CodeIgniter->handleRequest(null, Object(Config\Cache), false)
 4 FCPATH\index.php(79): CodeIgniter\CodeIgniter->run()
INFO - 2023-12-01 21:38:51 --> Session: Class initialized using 'CodeIgniter\Session\Handlers\FileHandler' driver.
CRITICAL - 2023-12-01 21:38:51 --> file_get_contents(http://localhost/magic_pro/code/app/Controllers/install): Failed to open stream: HTTP request failed! HTTP/1.1 403 Forbidden

in APPPATH\Controllers\Install.php on line 324.
 1 [internal function]: CodeIgniter\Debug\Exceptions->errorHandler(2, 'file_get_contents(http://localhost/magic_pro/code/app/Controllers/install): Failed to open stream: HTTP request failed! HTTP/1.1 403 Forbidden
', 'C:\\xampp-2\\htdocs\\magic_pro\\code\\app\\Controllers\\Install.php', 324)
 2 APPPATH\Controllers\Install.php(324): file_get_contents('http://localhost/magic_pro/code/app/Controllers/install')
 3 SYSTEMPATH\CodeIgniter.php(942): App\Controllers\Install->delete_install()
 4 SYSTEMPATH\CodeIgniter.php(502): CodeIgniter\CodeIgniter->runController(Object(App\Controllers\Install))
 5 SYSTEMPATH\CodeIgniter.php(361): CodeIgniter\CodeIgniter->handleRequest(null, Object(Config\Cache), false)
 6 FCPATH\index.php(79): CodeIgniter\CodeIgniter->run()
WARNING - 2023-12-01 21:40:02 --> [DEPRECATED] Creation of dynamic property App\Controllers\Install::$comman_model is deprecated in APPPATH\Controllers\Install.php on line 14.
 1 SYSTEMPATH\CodeIgniter.php(914): App\Controllers\Install->__construct()
 2 SYSTEMPATH\CodeIgniter.php(493): CodeIgniter\CodeIgniter->createController()
 3 SYSTEMPATH\CodeIgniter.php(361): CodeIgniter\CodeIgniter->handleRequest(null, Object(Config\Cache), false)
 4 FCPATH\index.php(79): CodeIgniter\CodeIgniter->run()
INFO - 2023-12-01 21:40:02 --> Session: Class initialized using 'CodeIgniter\Session\Handlers\FileHandler' driver.
CRITICAL - 2023-12-01 21:40:19 --> syntax error, unexpected identifier "helper"
in APPPATH\Controllers\Install.php on line 11.
 1 SYSTEMPATH\Router\Router.php(514): CodeIgniter\Router\AutoRouter->getRoute('install/delete_install', 'get')
 2 SYSTEMPATH\Router\Router.php(210): CodeIgniter\Router\Router->autoRoute('install/delete_install')
 3 SYSTEMPATH\CodeIgniter.php(823): CodeIgniter\Router\Router->handle('install/delete_install')
 4 SYSTEMPATH\CodeIgniter.php(450): CodeIgniter\CodeIgniter->tryToRouteIt(Object(CodeIgniter\Router\RouteCollection))
 5 SYSTEMPATH\CodeIgniter.php(361): CodeIgniter\CodeIgniter->handleRequest(null, Object(Config\Cache), false)
 6 FCPATH\index.php(79): CodeIgniter\CodeIgniter->run()
CRITICAL - 2023-12-01 21:41:48 --> syntax error, unexpected identifier "helper"
in APPPATH\Controllers\Install.php on line 11.
 1 SYSTEMPATH\Router\Router.php(514): CodeIgniter\Router\AutoRouter->getRoute('install/delete_install', 'get')
 2 SYSTEMPATH\Router\Router.php(210): CodeIgniter\Router\Router->autoRoute('install/delete_install')
 3 SYSTEMPATH\CodeIgniter.php(823): CodeIgniter\Router\Router->handle('install/delete_install')
 4 SYSTEMPATH\CodeIgniter.php(450): CodeIgniter\CodeIgniter->tryToRouteIt(Object(CodeIgniter\Router\RouteCollection))
 5 SYSTEMPATH\CodeIgniter.php(361): CodeIgniter\CodeIgniter->handleRequest(null, Object(Config\Cache), false)
 6 FCPATH\index.php(79): CodeIgniter\CodeIgniter->run()
CRITICAL - 2023-12-01 21:42:20 --> syntax error, unexpected variable "$fileContent", expecting ")"
in APPPATH\Controllers\Install.php on line 330.
 1 SYSTEMPATH\Router\Router.php(514): CodeIgniter\Router\AutoRouter->getRoute('install/delete_install', 'get')
 2 SYSTEMPATH\Router\Router.php(210): CodeIgniter\Router\Router->autoRoute('install/delete_install')
 3 SYSTEMPATH\CodeIgniter.php(823): CodeIgniter\Router\Router->handle('install/delete_install')
 4 SYSTEMPATH\CodeIgniter.php(450): CodeIgniter\CodeIgniter->tryToRouteIt(Object(CodeIgniter\Router\RouteCollection))
 5 SYSTEMPATH\CodeIgniter.php(361): CodeIgniter\CodeIgniter->handleRequest(null, Object(Config\Cache), false)
 6 FCPATH\index.php(79): CodeIgniter\CodeIgniter->run()
CRITICAL - 2023-12-01 21:42:44 --> syntax error, unexpected variable "$fileContent", expecting ")"
in APPPATH\Controllers\Install.php on line 330.
 1 SYSTEMPATH\Router\Router.php(514): CodeIgniter\Router\AutoRouter->getRoute('install/delete_install', 'get')
 2 SYSTEMPATH\Router\Router.php(210): CodeIgniter\Router\Router->autoRoute('install/delete_install')
 3 SYSTEMPATH\CodeIgniter.php(823): CodeIgniter\Router\Router->handle('install/delete_install')
 4 SYSTEMPATH\CodeIgniter.php(450): CodeIgniter\CodeIgniter->tryToRouteIt(Object(CodeIgniter\Router\RouteCollection))
 5 SYSTEMPATH\CodeIgniter.php(361): CodeIgniter\CodeIgniter->handleRequest(null, Object(Config\Cache), false)
 6 FCPATH\index.php(79): CodeIgniter\CodeIgniter->run()
CRITICAL - 2023-12-01 21:42:45 --> syntax error, unexpected variable "$fileContent", expecting ")"
in APPPATH\Controllers\Install.php on line 330.
 1 SYSTEMPATH\Router\Router.php(514): CodeIgniter\Router\AutoRouter->getRoute('install/delete_app', 'get')
 2 SYSTEMPATH\Router\Router.php(210): CodeIgniter\Router\Router->autoRoute('install/delete_app')
 3 SYSTEMPATH\CodeIgniter.php(823): CodeIgniter\Router\Router->handle('install/delete_app')
 4 SYSTEMPATH\CodeIgniter.php(450): CodeIgniter\CodeIgniter->tryToRouteIt(Object(CodeIgniter\Router\RouteCollection))
 5 SYSTEMPATH\CodeIgniter.php(361): CodeIgniter\CodeIgniter->handleRequest(null, Object(Config\Cache), false)
 6 FCPATH\index.php(79): CodeIgniter\CodeIgniter->run()
CRITICAL - 2023-12-01 21:42:46 --> syntax error, unexpected variable "$fileContent", expecting ")"
in APPPATH\Controllers\Install.php on line 330.
 1 SYSTEMPATH\Router\Router.php(514): CodeIgniter\Router\AutoRouter->getRoute('install/app_info', 'get')
 2 SYSTEMPATH\Router\Router.php(210): CodeIgniter\Router\Router->autoRoute('install/app_info')
 3 SYSTEMPATH\CodeIgniter.php(823): CodeIgniter\Router\Router->handle('install/app_info')
 4 SYSTEMPATH\CodeIgniter.php(450): CodeIgniter\CodeIgniter->tryToRouteIt(Object(CodeIgniter\Router\RouteCollection))
 5 SYSTEMPATH\CodeIgniter.php(361): CodeIgniter\CodeIgniter->handleRequest(null, Object(Config\Cache), false)
 6 FCPATH\index.php(79): CodeIgniter\CodeIgniter->run()
CRITICAL - 2023-12-01 21:43:05 --> syntax error, unexpected variable "$fileContent", expecting ")"
in APPPATH\Controllers\Install.php on line 330.
 1 SYSTEMPATH\Router\Router.php(514): CodeIgniter\Router\AutoRouter->getRoute('install', 'get')
 2 SYSTEMPATH\Router\Router.php(210): CodeIgniter\Router\Router->autoRoute('install')
 3 SYSTEMPATH\CodeIgniter.php(823): CodeIgniter\Router\Router->handle('install')
 4 SYSTEMPATH\CodeIgniter.php(450): CodeIgniter\CodeIgniter->tryToRouteIt(Object(CodeIgniter\Router\RouteCollection))
 5 SYSTEMPATH\CodeIgniter.php(361): CodeIgniter\CodeIgniter->handleRequest(null, Object(Config\Cache), false)
 6 FCPATH\index.php(79): CodeIgniter\CodeIgniter->run()
WARNING - 2023-12-01 21:43:50 --> [DEPRECATED] Creation of dynamic property App\Controllers\Install::$comman_model is deprecated in APPPATH\Controllers\Install.php on line 14.
 1 SYSTEMPATH\CodeIgniter.php(914): App\Controllers\Install->__construct()
 2 SYSTEMPATH\CodeIgniter.php(493): CodeIgniter\CodeIgniter->createController()
 3 SYSTEMPATH\CodeIgniter.php(361): CodeIgniter\CodeIgniter->handleRequest(null, Object(Config\Cache), false)
 4 FCPATH\index.php(79): CodeIgniter\CodeIgniter->run()
INFO - 2023-12-01 21:43:50 --> Session: Class initialized using 'CodeIgniter\Session\Handlers\FileHandler' driver.
WARNING - 2023-12-01 21:44:02 --> [DEPRECATED] Creation of dynamic property App\Controllers\Install::$comman_model is deprecated in APPPATH\Controllers\Install.php on line 14.
 1 SYSTEMPATH\CodeIgniter.php(914): App\Controllers\Install->__construct()
 2 SYSTEMPATH\CodeIgniter.php(493): CodeIgniter\CodeIgniter->createController()
 3 SYSTEMPATH\CodeIgniter.php(361): CodeIgniter\CodeIgniter->handleRequest(null, Object(Config\Cache), false)
 4 FCPATH\index.php(79): CodeIgniter\CodeIgniter->run()
INFO - 2023-12-01 21:44:02 --> Session: Class initialized using 'CodeIgniter\Session\Handlers\FileHandler' driver.
CRITICAL - 2023-12-01 21:44:05 --> syntax error, unexpected identifier "disable_me", expecting ")"
in APPPATH\Controllers\Install.php on line 329.
 1 SYSTEMPATH\Router\Router.php(514): CodeIgniter\Router\AutoRouter->getRoute('install/delete_install', 'get')
 2 SYSTEMPATH\Router\Router.php(210): CodeIgniter\Router\Router->autoRoute('install/delete_install')
 3 SYSTEMPATH\CodeIgniter.php(823): CodeIgniter\Router\Router->handle('install/delete_install')
 4 SYSTEMPATH\CodeIgniter.php(450): CodeIgniter\CodeIgniter->tryToRouteIt(Object(CodeIgniter\Router\RouteCollection))
 5 SYSTEMPATH\CodeIgniter.php(361): CodeIgniter\CodeIgniter->handleRequest(null, Object(Config\Cache), false)
 6 FCPATH\index.php(79): CodeIgniter\CodeIgniter->run()
CRITICAL - 2023-12-01 21:48:18 --> preg_replace(): Delimiter must not be alphanumeric, backslash, or NUL
in APPPATH\Controllers\Install.php on line 331.
 1 [internal function]: CodeIgniter\Debug\Exceptions->errorHandler(2, 'preg_replace(): Delimiter must not be alphanumeric, backslash, or NUL', 'C:\\xampp-2\\htdocs\\magic_pro\\code\\app\\Controllers\\Install.php', 331)
 2 APPPATH\Controllers\Install.php(331): preg_replace('disable_me = 0', 'disable_me = 1', '<?php
namespace App\\Controllers;

use CodeIgniter\\Controller;

class Install extends Controller {

   public function __construct()
 	{
$disable_me = 1;
if($disable_me == 1){
   header("HTTP/1.0 404 Not Found");
   return false;
}
 			helper(
 				[\'langs\']
 		);
    $this->comman_model = new \\App\\Models\\Comman_model();
 			LoadLang();

 	}
  public function app_info(){?>
    <!DOCTYPE html>
    <html lang="en">
    <head>
        <meta charset="UTF-8">
        <meta name="viewport" content="width=device-width, initial-scale=1.0">
        <title>Installation Page</title>
        <style>
            body {
                font-family: \'Arial\', sans-serif;
                background-color: #f1f1f1;
                margin: 0;
                padding: 0;
                display: flex;
                align-items: center;
                justify-content: center;
                height: 100vh;
            }

            .installation-container {
                background-color: #fff;
                padding: 20px;
                border-radius: 8px;
                box-shadow: 0 0 20px rgba(0, 0, 0, 0.1);
                width: 400px;
                text-align: center;
            }

            h2 {
                color: #333;
            }

            p {
                color: #777;
                margin-top: 10px;
            }

            form {
                margin-top: 20px;
            }

            label {
                display: block;
                margin-bottom: 8px;
                text-align: left;
            }

            input {
                width: 100%;
                padding: 8px;
                margin-bottom: 16px;
                box-sizing: border-box;
                border: 1px solid #ccc;
                border-radius: 4px;
            }

            button {
                background-color: #0073aa;
                color: #fff;
                padding: 10px 20px;
                border: none;
                border-radius: 4px;
                cursor: pointer;
                font-size: 16px;
                margin-top: 20px;
            }

            button:hover {
                background-color: #005580;
            }
        </style>
    </head>
    <body>

    <div class="installation-container">
        <h2>Welcome to Your Installation</h2>
        <p>Please add the database info.</p>

        <form action="info" method="post">
            <label for="app_url">Website URL:</label>
            <input type="text" id="app_url" name="app_url" required>
            <label for="app_name">App name:</label>
            <input type="text" id="app_name" name="app_name" required>
            <label for="description">App description:</label>
            <input type="text" id="description" name="description" required>
            <label for="author">App author:</label>
            <input type="text" id="author" name="author" required>

            <button type="submit">Install the App</button>
        </form>
    </div>

    </body>
    </html>

<?php
}
  public function index()
  {
?>
<!DOCTYPE html>
<html lang="en">
<head>
    <meta charset="UTF-8">
    <meta name="viewport" content="width=device-width, initial-scale=1.0">
    <title>Installation Page</title>
    <style>
        body {
            font-family: \'Arial\', sans-serif;
            background-color: #f1f1f1;
            margin: 0;
            padding: 0;
            display: flex;
            align-items: center;
            justify-content: center;
            height: 100vh;
        }

        .installation-container {
            background-color: #fff;
            padding: 20px;
            border-radius: 8px;
            box-shadow: 0 0 20px rgba(0, 0, 0, 0.1);
            width: 400px;
            text-align: center;
        }

        h2 {
            color: #333;
        }

        p {
            color: #777;
            margin-top: 10px;
        }

        form {
            margin-top: 20px;
        }

        label {
            display: block;
            margin-bottom: 8px;
            text-align: left;
        }

        input {
            width: 100%;
            padding: 8px;
            margin-bottom: 16px;
            box-sizing: border-box;
            border: 1px solid #ccc;
            border-radius: 4px;
        }

        button {
            background-color: #0073aa;
            color: #fff;
            padding: 10px 20px;
            border: none;
            border-radius: 4px;
            cursor: pointer;
            font-size: 16px;
            margin-top: 20px;
        }

        button:hover {
            background-color: #005580;
        }
    </style>
</head>
<body>

<div class="installation-container">
    <h2>Welcome to Your Installation</h2>
    <p>Please add the database info.</p>

    <form action="install/database" method="post">
        <label for="host">Host name:</label>
        <input type="text" id="host" name="host" required>
        <label for="username">Username:</label>
        <input type="text" id="username" name="username" required>
        <label for="password">Password:</label>
        <input type="password" id="password" name="password">
        <label for="database">Database name:</label>
        <input type="text" id="database" name="database" required>

        <button type="submit">Next</button>
    </form>
</div>

</body>
</html>


<?php
/*
- database
- app_info
- add admin user to DB
- delete install
*/
  }
	public function database()
	{
    $hostname = $this->request->getPost(\'host\');
    $username = $this->request->getPost(\'username\');
    $password = $this->request->getPost(\'password\');
    $database = $this->request->getPost(\'database\');
    $conn = mysqli_connect($hostname,$username,$password,$database)or die(mysqli_error());
    $conn->set_charset("utf8");
    if($hostname == NULL || $username == NULL || $database == NULL){
      echo "Complete all fields!";
    }
// Read the SQL file content
$sqlFile = \'../_database/project.sql\';
$sql = file_get_contents($sqlFile);

// Run the queries
if (mysqli_multi_query($conn, $sql)) {
} else {
    die("Error executing queries: " . mysqli_error($conn));
}

$filePath = \'../.env\';

// Read the content of the file
$fileContent = file_get_contents($filePath);

// Perform the replacement
$fileContent = preg_replace(
    \'/(database\\.default\\.hostname\\s*=\\s*)(.*)/\',
    \'database.default.hostname = \' . $hostname,
    $fileContent
);

$fileContent = preg_replace(
    \'/(database\\.default\\.database\\s*=\\s*)(.*)/\',
    \'database.default.database = \' . $database,
    $fileContent
);

$fileContent = preg_replace(
    \'/(database\\.default\\.username\\s*=\\s*)(.*)/\',
    \'database.default.username = \' . $username,
    $fileContent
);

$fileContent = preg_replace(
    \'/(database\\.default\\.password\\s*=\\s*)(.*)/\',
    \'database.default.password = \' . $password,
    $fileContent
);

// Write the modified content back to the file
file_put_contents($filePath, $fileContent);

return redirect()->to("install/app_info");
	}
  public function info()
  {
    $base_url = $this->request->getPost(\'app_url\');
    $app_name = $this->request->getPost(\'app_name\');
    $author_name = $this->request->getPost(\'author_name\');
    $description = $this->request->getPost(\'app_description\');

    $filePath = \'../.env\';

    // Read the content of the file
    $fileContent = file_get_contents($filePath);

    // Perform the replacement
    $fileContent = preg_replace(
        \'/(app\\.baseURL\\s*=\\s*)(.*)/\',
        \'app.baseURL = \' . $base_url,
        $fileContent
    );

    $fileContent = preg_replace(
        \'/(PROJECT_NAME\\s*=\\s*)(.*)/\',
        \'PROJECT_NAME = "\' . $app_name .\'"\',
        $fileContent
    );

    $fileContent = preg_replace(
      \'/(PROJECT_AUTHOR\\s*=\\s*)(.*)/\',
      \'PROJECT_AUTHOR = "\' . $author_name .\'"\',
        $fileContent
    );

    $fileContent = preg_replace(
      \'/(PROJECT_DESCRIPTION\\s*=\\s*)(.*)/\',
      \'PROJECT_DESCRIPTION = "\' . $description .\'"\',
        $fileContent
    );

    // Write the modified content back to the file
    file_put_contents($filePath, $fileContent);

    return redirect()->to("install/delete_install");
  }
  public function delete_install()
  {
    $filePath = APPPATH . \'Controllers/Install.php\';

    // Read the content of the file
    $fileContent = file_get_contents($filePath);

    // Perform the replacement
    $fileContent = preg_replace(
        \'disable_me = 0\',
        \'disable_me = 1\',
        $fileContent
    );
    file_put_contents($filePath, $fileContent);
  }
}
')
 3 SYSTEMPATH\CodeIgniter.php(942): App\Controllers\Install->delete_install()
 4 SYSTEMPATH\CodeIgniter.php(502): CodeIgniter\CodeIgniter->runController(Object(App\Controllers\Install))
 5 SYSTEMPATH\CodeIgniter.php(361): CodeIgniter\CodeIgniter->handleRequest(null, Object(Config\Cache), false)
 6 FCPATH\index.php(79): CodeIgniter\CodeIgniter->run()
WARNING - 2023-12-01 21:52:08 --> [DEPRECATED] Creation of dynamic property App\Controllers\Install::$comman_model is deprecated in APPPATH\Controllers\Install.php on line 18.
 1 SYSTEMPATH\CodeIgniter.php(914): App\Controllers\Install->__construct()
 2 SYSTEMPATH\CodeIgniter.php(493): CodeIgniter\CodeIgniter->createController()
 3 SYSTEMPATH\CodeIgniter.php(361): CodeIgniter\CodeIgniter->handleRequest(null, Object(Config\Cache), false)
 4 FCPATH\index.php(79): CodeIgniter\CodeIgniter->run()
INFO - 2023-12-01 21:52:08 --> Session: Class initialized using 'CodeIgniter\Session\Handlers\FileHandler' driver.
WARNING - 2023-12-01 21:52:43 --> [DEPRECATED] Creation of dynamic property App\Controllers\Install::$comman_model is deprecated in APPPATH\Controllers\Install.php on line 18.
 1 SYSTEMPATH\CodeIgniter.php(914): App\Controllers\Install->__construct()
 2 SYSTEMPATH\CodeIgniter.php(493): CodeIgniter\CodeIgniter->createController()
 3 SYSTEMPATH\CodeIgniter.php(361): CodeIgniter\CodeIgniter->handleRequest(null, Object(Config\Cache), false)
 4 FCPATH\index.php(79): CodeIgniter\CodeIgniter->run()
INFO - 2023-12-01 21:52:43 --> Session: Class initialized using 'CodeIgniter\Session\Handlers\FileHandler' driver.
CRITICAL - 2023-12-01 22:04:31 --> Call to undefined method App\Controllers\Install::show404()
in APPPATH\Controllers\Install.php on line 12.
 1 SYSTEMPATH\CodeIgniter.php(914): App\Controllers\Install->__construct()
 2 SYSTEMPATH\CodeIgniter.php(493): CodeIgniter\CodeIgniter->createController()
 3 SYSTEMPATH\CodeIgniter.php(361): CodeIgniter\CodeIgniter->handleRequest(null, Object(Config\Cache), false)
 4 FCPATH\index.php(79): CodeIgniter\CodeIgniter->run()
CRITICAL - 2023-12-01 22:05:23 --> Class "App\Controllers\PageNotFoundException" not found
in APPPATH\Controllers\Install.php on line 12.
 1 SYSTEMPATH\CodeIgniter.php(914): App\Controllers\Install->__construct()
 2 SYSTEMPATH\CodeIgniter.php(493): CodeIgniter\CodeIgniter->createController()
 3 SYSTEMPATH\CodeIgniter.php(361): CodeIgniter\CodeIgniter->handleRequest(null, Object(Config\Cache), false)
 4 FCPATH\index.php(79): CodeIgniter\CodeIgniter->run()
CRITICAL - 2023-12-01 22:06:38 --> Call to undefined method App\Controllers\Install::show404()
in APPPATH\Controllers\Install.php on line 12.
 1 SYSTEMPATH\CodeIgniter.php(914): App\Controllers\Install->__construct()
 2 SYSTEMPATH\CodeIgniter.php(493): CodeIgniter\CodeIgniter->createController()
 3 SYSTEMPATH\CodeIgniter.php(361): CodeIgniter\CodeIgniter->handleRequest(null, Object(Config\Cache), false)
 4 FCPATH\index.php(79): CodeIgniter\CodeIgniter->run()
CRITICAL - 2023-12-01 22:07:26 --> Class "App\Controllers\PageNotFoundException" not found
in APPPATH\Controllers\Install.php on line 12.
 1 SYSTEMPATH\CodeIgniter.php(914): App\Controllers\Install->__construct()
 2 SYSTEMPATH\CodeIgniter.php(493): CodeIgniter\CodeIgniter->createController()
 3 SYSTEMPATH\CodeIgniter.php(361): CodeIgniter\CodeIgniter->handleRequest(null, Object(Config\Cache), false)
 4 FCPATH\index.php(79): CodeIgniter\CodeIgniter->run()
CRITICAL - 2023-12-01 22:17:17 --> Class "App\Controllers\PageNotFoundException" not found
in APPPATH\Controllers\Install.php on line 12.
 1 SYSTEMPATH\CodeIgniter.php(914): App\Controllers\Install->__construct()
 2 SYSTEMPATH\CodeIgniter.php(493): CodeIgniter\CodeIgniter->createController()
 3 SYSTEMPATH\CodeIgniter.php(361): CodeIgniter\CodeIgniter->handleRequest(null, Object(Config\Cache), false)
 4 FCPATH\index.php(79): CodeIgniter\CodeIgniter->run()
CRITICAL - 2023-12-01 22:18:16 --> Call to undefined method App\Controllers\Install::failNotFound()
in APPPATH\Controllers\Install.php on line 12.
 1 SYSTEMPATH\CodeIgniter.php(914): App\Controllers\Install->__construct()
 2 SYSTEMPATH\CodeIgniter.php(493): CodeIgniter\CodeIgniter->createController()
 3 SYSTEMPATH\CodeIgniter.php(361): CodeIgniter\CodeIgniter->handleRequest(null, Object(Config\Cache), false)
 4 FCPATH\index.php(79): CodeIgniter\CodeIgniter->run()
CRITICAL - 2023-12-01 22:41:04 --> Call to undefined method App\Controllers\Install::failNotFound()
in APPPATH\Controllers\Install.php on line 12.
 1 SYSTEMPATH\CodeIgniter.php(914): App\Controllers\Install->__construct()
 2 SYSTEMPATH\CodeIgniter.php(493): CodeIgniter\CodeIgniter->createController()
 3 SYSTEMPATH\CodeIgniter.php(361): CodeIgniter\CodeIgniter->handleRequest(null, Object(Config\Cache), false)
 4 FCPATH\index.php(79): CodeIgniter\CodeIgniter->run()
WARNING - 2023-12-01 22:41:46 --> [DEPRECATED] Creation of dynamic property App\Controllers\Install::$comman_model is deprecated in APPPATH\Controllers\Install.php on line 13.
 1 SYSTEMPATH\CodeIgniter.php(914): App\Controllers\Install->__construct()
 2 SYSTEMPATH\CodeIgniter.php(493): CodeIgniter\CodeIgniter->createController()
 3 SYSTEMPATH\CodeIgniter.php(361): CodeIgniter\CodeIgniter->handleRequest(null, Object(Config\Cache), false)
 4 FCPATH\index.php(79): CodeIgniter\CodeIgniter->run()
INFO - 2023-12-01 22:41:46 --> Session: Class initialized using 'CodeIgniter\Session\Handlers\FileHandler' driver.
WARNING - 2023-12-01 22:42:47 --> [DEPRECATED] Creation of dynamic property App\Controllers\Install::$comman_model is deprecated in APPPATH\Controllers\Install.php on line 13.
 1 SYSTEMPATH\CodeIgniter.php(914): App\Controllers\Install->__construct()
 2 SYSTEMPATH\CodeIgniter.php(493): CodeIgniter\CodeIgniter->createController()
 3 SYSTEMPATH\CodeIgniter.php(361): CodeIgniter\CodeIgniter->handleRequest(null, Object(Config\Cache), false)
 4 FCPATH\index.php(79): CodeIgniter\CodeIgniter->run()
INFO - 2023-12-01 22:42:47 --> Session: Class initialized using 'CodeIgniter\Session\Handlers\FileHandler' driver.
WARNING - 2023-12-01 22:45:33 --> [DEPRECATED] Creation of dynamic property App\Controllers\Install::$comman_model is deprecated in APPPATH\Controllers\Install.php on line 13.
 1 SYSTEMPATH\CodeIgniter.php(914): App\Controllers\Install->__construct()
 2 SYSTEMPATH\CodeIgniter.php(493): CodeIgniter\CodeIgniter->createController()
 3 SYSTEMPATH\CodeIgniter.php(361): CodeIgniter\CodeIgniter->handleRequest(null, Object(Config\Cache), false)
 4 FCPATH\index.php(79): CodeIgniter\CodeIgniter->run()
INFO - 2023-12-01 22:45:33 --> Session: Class initialized using 'CodeIgniter\Session\Handlers\FileHandler' driver.
WARNING - 2023-12-01 22:46:25 --> [DEPRECATED] Creation of dynamic property App\Controllers\Install::$comman_model is deprecated in APPPATH\Controllers\Install.php on line 13.
 1 SYSTEMPATH\CodeIgniter.php(914): App\Controllers\Install->__construct()
 2 SYSTEMPATH\CodeIgniter.php(493): CodeIgniter\CodeIgniter->createController()
 3 SYSTEMPATH\CodeIgniter.php(361): CodeIgniter\CodeIgniter->handleRequest(null, Object(Config\Cache), false)
 4 FCPATH\index.php(79): CodeIgniter\CodeIgniter->run()
INFO - 2023-12-01 22:46:25 --> Session: Class initialized using 'CodeIgniter\Session\Handlers\FileHandler' driver.
WARNING - 2023-12-01 22:46:26 --> [DEPRECATED] Creation of dynamic property App\Controllers\Home::$comman_model is deprecated in APPPATH\Controllers\Home.php on line 28.
 1 SYSTEMPATH\CodeIgniter.php(914): App\Controllers\Home->__construct()
 2 SYSTEMPATH\CodeIgniter.php(493): CodeIgniter\CodeIgniter->createController()
 3 SYSTEMPATH\CodeIgniter.php(361): CodeIgniter\CodeIgniter->handleRequest(null, Object(Config\Cache), false)
 4 FCPATH\index.php(79): CodeIgniter\CodeIgniter->run()
INFO - 2023-12-01 22:46:26 --> Session: Class initialized using 'CodeIgniter\Session\Handlers\FileHandler' driver.
WARNING - 2023-12-01 22:46:26 --> [DEPRECATED] Creation of dynamic property App\Controllers\Account::$account_model is deprecated in APPPATH\Controllers\Account.php on line 10.
 1 SYSTEMPATH\CodeIgniter.php(914): App\Controllers\Account->__construct()
 2 SYSTEMPATH\CodeIgniter.php(493): CodeIgniter\CodeIgniter->createController()
 3 SYSTEMPATH\CodeIgniter.php(361): CodeIgniter\CodeIgniter->handleRequest(null, Object(Config\Cache), false)
 4 FCPATH\index.php(79): CodeIgniter\CodeIgniter->run()
WARNING - 2023-12-01 22:46:26 --> [DEPRECATED] Creation of dynamic property App\Controllers\Account::$comman_model is deprecated in APPPATH\Controllers\Account.php on line 11.
 1 SYSTEMPATH\CodeIgniter.php(914): App\Controllers\Account->__construct()
 2 SYSTEMPATH\CodeIgniter.php(493): CodeIgniter\CodeIgniter->createController()
 3 SYSTEMPATH\CodeIgniter.php(361): CodeIgniter\CodeIgniter->handleRequest(null, Object(Config\Cache), false)
 4 FCPATH\index.php(79): CodeIgniter\CodeIgniter->run()
WARNING - 2023-12-01 22:46:26 --> [DEPRECATED] Constant FILTER_SANITIZE_STRING is deprecated in APPPATH\Controllers\Account.php on line 13.
 1 SYSTEMPATH\CodeIgniter.php(914): App\Controllers\Account->__construct()
 2 SYSTEMPATH\CodeIgniter.php(493): CodeIgniter\CodeIgniter->createController()
 3 SYSTEMPATH\CodeIgniter.php(361): CodeIgniter\CodeIgniter->handleRequest(null, Object(Config\Cache), false)
 4 FCPATH\index.php(79): CodeIgniter\CodeIgniter->run()
WARNING - 2023-12-01 22:46:26 --> [DEPRECATED] htmlentities(): Passing null to parameter #1 ($string) of type string is deprecated in APPPATH\Controllers\Account.php on line 13.
 1 APPPATH\Controllers\Account.php(13): htmlentities(null, 513)
 2 SYSTEMPATH\CodeIgniter.php(914): App\Controllers\Account->__construct()
 3 SYSTEMPATH\CodeIgniter.php(493): CodeIgniter\CodeIgniter->createController()
 4 SYSTEMPATH\CodeIgniter.php(361): CodeIgniter\CodeIgniter->handleRequest(null, Object(Config\Cache), false)
 5 FCPATH\index.php(79): CodeIgniter\CodeIgniter->run()
INFO - 2023-12-01 22:46:26 --> Session: Class initialized using 'CodeIgniter\Session\Handlers\FileHandler' driver.
