CRITICAL - 2023-12-11 18:14:54 --> Undefined array key "extension"
in APPPATH\Views\editor\editor.php on line 59.
 1 APPPATH\Views\editor\editor.php(59): CodeIgniter\Debug\Exceptions->errorHandler(2, 'Undefined array key "extension"', 'C:\\xampp-2\\htdocs\\magic_pro\\website\\app\\Views\\editor\\editor.php', 59)
 2 SYSTEMPATH\View\View.php(228): include('C:\\xampp-2\\htdocs\\magic_pro\\website\\app\\Views\\editor\\editor.php')
 3 SYSTEMPATH\View\View.php(231): CodeIgniter\View\View->CodeIgniter\View\{closure}()
 4 SYSTEMPATH\Common.php(1190): CodeIgniter\View\View->render('editor/editor', [], true)
 5 APPPATH\Controllers\editor.php(22): view('editor/editor', [...])
 6 SYSTEMPATH\CodeIgniter.php(942): App\Controllers\Editor->edit()
 7 SYSTEMPATH\CodeIgniter.php(502): CodeIgniter\CodeIgniter->runController(Object(App\Controllers\Editor))
 8 SYSTEMPATH\CodeIgniter.php(361): CodeIgniter\CodeIgniter->handleRequest(null, Object(Config\Cache), false)
 9 FCPATH\index.php(79): CodeIgniter\CodeIgniter->run()
CRITICAL - 2023-12-11 18:15:01 --> syntax error, unexpected token "public"
in APPPATH\Controllers\Home.php on line 90.
 1 SYSTEMPATH\Autoloader\Autoloader.php(291): CodeIgniter\Autoloader\Autoloader->includeFile('C:\\xampp-2\\htdocs\\magic_pro\\website\\app\\Controllers\\Home.php')
 2 SYSTEMPATH\Autoloader\Autoloader.php(269): CodeIgniter\Autoloader\Autoloader->loadInNamespace('App\\Controllers\\Home')
 3 [internal function]: CodeIgniter\Autoloader\Autoloader->loadClass('App\\Controllers\\Home')
 4 SYSTEMPATH\CodeIgniter.php(900): class_exists('\\App\\Controllers\\Home', true)
 5 SYSTEMPATH\CodeIgniter.php(489): CodeIgniter\CodeIgniter->startController()
 6 SYSTEMPATH\CodeIgniter.php(361): CodeIgniter\CodeIgniter->handleRequest(null, Object(Config\Cache), false)
 7 FCPATH\index.php(79): CodeIgniter\CodeIgniter->run()
CRITICAL - 2023-12-11 18:16:40 --> Unmatched '}'
in APPPATH\Controllers\Home.php on line 105.
 1 SYSTEMPATH\Autoloader\Autoloader.php(291): CodeIgniter\Autoloader\Autoloader->includeFile('C:\\xampp-2\\htdocs\\magic_pro\\website\\app\\Controllers\\Home.php')
 2 SYSTEMPATH\Autoloader\Autoloader.php(269): CodeIgniter\Autoloader\Autoloader->loadInNamespace('App\\Controllers\\Home')
 3 [internal function]: CodeIgniter\Autoloader\Autoloader->loadClass('App\\Controllers\\Home')
 4 SYSTEMPATH\CodeIgniter.php(900): class_exists('\\App\\Controllers\\Home', true)
 5 SYSTEMPATH\CodeIgniter.php(489): CodeIgniter\CodeIgniter->startController()
 6 SYSTEMPATH\CodeIgniter.php(361): CodeIgniter\CodeIgniter->handleRequest(null, Object(Config\Cache), false)
 7 FCPATH\index.php(79): CodeIgniter\CodeIgniter->run()
CRITICAL - 2023-12-11 18:24:10 --> include(src/hi.html): Failed to open stream: No such file or directory
in APPPATH\Controllers\Home.php on line 78.
 1 APPPATH\Controllers\Home.php(78): CodeIgniter\Debug\Exceptions->errorHandler(2, 'include(src/hi.html): Failed to open stream: No such file or directory', 'C:\\xampp-2\\htdocs\\magic_pro\\website\\app\\Controllers\\Home.php', 78)
 2 APPPATH\Controllers\Home.php(78): include()
 3 SYSTEMPATH\CodeIgniter.php(942): App\Controllers\Home->index()
 4 SYSTEMPATH\CodeIgniter.php(502): CodeIgniter\CodeIgniter->runController(Object(App\Controllers\Home))
 5 SYSTEMPATH\CodeIgniter.php(361): CodeIgniter\CodeIgniter->handleRequest(null, Object(Config\Cache), false)
 6 FCPATH\index.php(79): CodeIgniter\CodeIgniter->run()
CRITICAL - 2023-12-11 18:30:09 --> Undefined variable $page
in APPPATH\Views\includes\head_info.php on line 3.
 1 APPPATH\Views\includes\head_info.php(3): CodeIgniter\Debug\Exceptions->errorHandler(2, 'Undefined variable $page', 'C:\\xampp-2\\htdocs\\magic_pro\\website\\app\\Views\\includes\\head_info.php', 3)
 2 SYSTEMPATH\View\View.php(228): include('C:\\xampp-2\\htdocs\\magic_pro\\website\\app\\Views\\includes\\head_info.php')
 3 SYSTEMPATH\View\View.php(231): CodeIgniter\View\View->CodeIgniter\View\{closure}()
 4 SYSTEMPATH\Common.php(1190): CodeIgniter\View\View->render('includes/head_info', [], true)
 5 APPPATH\Controllers\Home.php(76): view('includes/head_info')
 6 SYSTEMPATH\CodeIgniter.php(942): App\Controllers\Home->index()
 7 SYSTEMPATH\CodeIgniter.php(502): CodeIgniter\CodeIgniter->runController(Object(App\Controllers\Home))
 8 SYSTEMPATH\CodeIgniter.php(361): CodeIgniter\CodeIgniter->handleRequest(null, Object(Config\Cache), false)
 9 FCPATH\index.php(79): CodeIgniter\CodeIgniter->run()
CRITICAL - 2023-12-11 18:45:37 --> Undefined array key "pid"
in APPPATH\Controllers\Home.php on line 75.
 1 APPPATH\Controllers\Home.php(75): CodeIgniter\Debug\Exceptions->errorHandler(2, 'Undefined array key "pid"', 'C:\\xampp-2\\htdocs\\magic_pro\\website\\app\\Controllers\\Home.php', 75)
 2 SYSTEMPATH\CodeIgniter.php(942): App\Controllers\Home->index()
 3 SYSTEMPATH\CodeIgniter.php(502): CodeIgniter\CodeIgniter->runController(Object(App\Controllers\Home))
 4 SYSTEMPATH\CodeIgniter.php(361): CodeIgniter\CodeIgniter->handleRequest(null, Object(Config\Cache), false)
 5 FCPATH\index.php(79): CodeIgniter\CodeIgniter->run()
CRITICAL - 2023-12-11 18:46:12 --> Undefined array key "pid"
in APPPATH\Controllers\Home.php on line 81.
 1 APPPATH\Controllers\Home.php(81): CodeIgniter\Debug\Exceptions->errorHandler(2, 'Undefined array key "pid"', 'C:\\xampp-2\\htdocs\\magic_pro\\website\\app\\Controllers\\Home.php', 81)
 2 SYSTEMPATH\CodeIgniter.php(942): App\Controllers\Home->index()
 3 SYSTEMPATH\CodeIgniter.php(502): CodeIgniter\CodeIgniter->runController(Object(App\Controllers\Home))
 4 SYSTEMPATH\CodeIgniter.php(361): CodeIgniter\CodeIgniter->handleRequest(null, Object(Config\Cache), false)
 5 FCPATH\index.php(79): CodeIgniter\CodeIgniter->run()
CRITICAL - 2023-12-11 18:47:09 --> Undefined array key "pid"
in APPPATH\Controllers\Home.php on line 81.
 1 APPPATH\Controllers\Home.php(81): CodeIgniter\Debug\Exceptions->errorHandler(2, 'Undefined array key "pid"', 'C:\\xampp-2\\htdocs\\magic_pro\\website\\app\\Controllers\\Home.php', 81)
 2 SYSTEMPATH\CodeIgniter.php(942): App\Controllers\Home->index()
 3 SYSTEMPATH\CodeIgniter.php(502): CodeIgniter\CodeIgniter->runController(Object(App\Controllers\Home))
 4 SYSTEMPATH\CodeIgniter.php(361): CodeIgniter\CodeIgniter->handleRequest(null, Object(Config\Cache), false)
 5 FCPATH\index.php(79): CodeIgniter\CodeIgniter->run()
CRITICAL - 2023-12-11 18:47:12 --> Undefined array key "pid"
in APPPATH\Controllers\Home.php on line 81.
 1 APPPATH\Controllers\Home.php(81): CodeIgniter\Debug\Exceptions->errorHandler(2, 'Undefined array key "pid"', 'C:\\xampp-2\\htdocs\\magic_pro\\website\\app\\Controllers\\Home.php', 81)
 2 SYSTEMPATH\CodeIgniter.php(942): App\Controllers\Home->index()
 3 SYSTEMPATH\CodeIgniter.php(502): CodeIgniter\CodeIgniter->runController(Object(App\Controllers\Home))
 4 SYSTEMPATH\CodeIgniter.php(361): CodeIgniter\CodeIgniter->handleRequest(null, Object(Config\Cache), false)
 5 FCPATH\index.php(79): CodeIgniter\CodeIgniter->run()
CRITICAL - 2023-12-11 18:55:15 --> Too few arguments to function App\Controllers\Home::home(), 0 passed in C:\xampp-2\htdocs\magic_pro\website\system\CodeIgniter.php on line 942 and exactly 1 expected
in APPPATH\Controllers\Home.php on line 54.
 1 SYSTEMPATH\CodeIgniter.php(942): App\Controllers\Home->home()
 2 SYSTEMPATH\CodeIgniter.php(502): CodeIgniter\CodeIgniter->runController(Object(App\Controllers\Home))
 3 SYSTEMPATH\CodeIgniter.php(361): CodeIgniter\CodeIgniter->handleRequest(null, Object(Config\Cache), false)
 4 FCPATH\index.php(79): CodeIgniter\CodeIgniter->run()
CRITICAL - 2023-12-11 18:56:32 --> Too few arguments to function App\Controllers\Home::home(), 0 passed in C:\xampp-2\htdocs\magic_pro\website\system\CodeIgniter.php on line 942 and exactly 1 expected
in APPPATH\Controllers\Home.php on line 54.
 1 SYSTEMPATH\CodeIgniter.php(942): App\Controllers\Home->home()
 2 SYSTEMPATH\CodeIgniter.php(502): CodeIgniter\CodeIgniter->runController(Object(App\Controllers\Home))
 3 SYSTEMPATH\CodeIgniter.php(361): CodeIgniter\CodeIgniter->handleRequest(null, Object(Config\Cache), false)
 4 FCPATH\index.php(79): CodeIgniter\CodeIgniter->run()
CRITICAL - 2023-12-11 18:56:34 --> Too few arguments to function App\Controllers\Home::home(), 0 passed in C:\xampp-2\htdocs\magic_pro\website\system\CodeIgniter.php on line 942 and exactly 1 expected
in APPPATH\Controllers\Home.php on line 54.
 1 SYSTEMPATH\CodeIgniter.php(942): App\Controllers\Home->home()
 2 SYSTEMPATH\CodeIgniter.php(502): CodeIgniter\CodeIgniter->runController(Object(App\Controllers\Home))
 3 SYSTEMPATH\CodeIgniter.php(361): CodeIgniter\CodeIgniter->handleRequest(null, Object(Config\Cache), false)
 4 FCPATH\index.php(79): CodeIgniter\CodeIgniter->run()
CRITICAL - 2023-12-11 18:56:59 --> Too few arguments to function App\Controllers\Home::home(), 0 passed in C:\xampp-2\htdocs\magic_pro\website\system\CodeIgniter.php on line 942 and exactly 1 expected
in APPPATH\Controllers\Home.php on line 54.
 1 SYSTEMPATH\CodeIgniter.php(942): App\Controllers\Home->home()
 2 SYSTEMPATH\CodeIgniter.php(502): CodeIgniter\CodeIgniter->runController(Object(App\Controllers\Home))
 3 SYSTEMPATH\CodeIgniter.php(361): CodeIgniter\CodeIgniter->handleRequest(null, Object(Config\Cache), false)
 4 FCPATH\index.php(79): CodeIgniter\CodeIgniter->run()
CRITICAL - 2023-12-11 18:57:43 --> Too few arguments to function App\Controllers\Home::home(), 0 passed in C:\xampp-2\htdocs\magic_pro\website\system\CodeIgniter.php on line 942 and exactly 1 expected
in APPPATH\Controllers\Home.php on line 54.
 1 SYSTEMPATH\CodeIgniter.php(942): App\Controllers\Home->home()
 2 SYSTEMPATH\CodeIgniter.php(502): CodeIgniter\CodeIgniter->runController(Object(App\Controllers\Home))
 3 SYSTEMPATH\CodeIgniter.php(361): CodeIgniter\CodeIgniter->handleRequest(null, Object(Config\Cache), false)
 4 FCPATH\index.php(79): CodeIgniter\CodeIgniter->run()
CRITICAL - 2023-12-11 18:57:45 --> Too few arguments to function App\Controllers\Home::home(), 0 passed in C:\xampp-2\htdocs\magic_pro\website\system\CodeIgniter.php on line 942 and exactly 1 expected
in APPPATH\Controllers\Home.php on line 54.
 1 SYSTEMPATH\CodeIgniter.php(942): App\Controllers\Home->home()
 2 SYSTEMPATH\CodeIgniter.php(502): CodeIgniter\CodeIgniter->runController(Object(App\Controllers\Home))
 3 SYSTEMPATH\CodeIgniter.php(361): CodeIgniter\CodeIgniter->handleRequest(null, Object(Config\Cache), false)
 4 FCPATH\index.php(79): CodeIgniter\CodeIgniter->run()
CRITICAL - 2023-12-11 18:57:50 --> Too few arguments to function App\Controllers\Home::home(), 0 passed in C:\xampp-2\htdocs\magic_pro\website\system\CodeIgniter.php on line 942 and exactly 1 expected
in APPPATH\Controllers\Home.php on line 54.
 1 SYSTEMPATH\CodeIgniter.php(942): App\Controllers\Home->home()
 2 SYSTEMPATH\CodeIgniter.php(502): CodeIgniter\CodeIgniter->runController(Object(App\Controllers\Home))
 3 SYSTEMPATH\CodeIgniter.php(361): CodeIgniter\CodeIgniter->handleRequest(null, Object(Config\Cache), false)
 4 FCPATH\index.php(79): CodeIgniter\CodeIgniter->run()
WARNING - 2023-12-11 18:58:42 --> [DEPRECATED] Creation of dynamic property App\Controllers\Home::$comman_model is deprecated in APPPATH\Controllers\Home.php on line 28.
 1 SYSTEMPATH\CodeIgniter.php(914): App\Controllers\Home->__construct()
 2 SYSTEMPATH\CodeIgniter.php(493): CodeIgniter\CodeIgniter->createController()
 3 SYSTEMPATH\CodeIgniter.php(361): CodeIgniter\CodeIgniter->handleRequest(null, Object(Config\Cache), false)
 4 FCPATH\index.php(79): CodeIgniter\CodeIgniter->run()
INFO - 2023-12-11 18:58:42 --> Session: Class initialized using 'CodeIgniter\Session\Handlers\FileHandler' driver.
CRITICAL - 2023-12-11 18:58:42 --> Too few arguments to function App\Controllers\Home::home(), 0 passed in C:\xampp-2\htdocs\magic_pro\website\system\CodeIgniter.php on line 942 and exactly 1 expected
in APPPATH\Controllers\Home.php on line 54.
 1 SYSTEMPATH\CodeIgniter.php(942): App\Controllers\Home->home()
 2 SYSTEMPATH\CodeIgniter.php(502): CodeIgniter\CodeIgniter->runController(Object(App\Controllers\Home))
 3 SYSTEMPATH\CodeIgniter.php(361): CodeIgniter\CodeIgniter->handleRequest(null, Object(Config\Cache), false)
 4 FCPATH\index.php(79): CodeIgniter\CodeIgniter->run()
WARNING - 2023-12-11 18:59:18 --> [DEPRECATED] Creation of dynamic property App\Controllers\Home::$comman_model is deprecated in APPPATH\Controllers\Home.php on line 28.
 1 SYSTEMPATH\CodeIgniter.php(914): App\Controllers\Home->__construct()
 2 SYSTEMPATH\CodeIgniter.php(493): CodeIgniter\CodeIgniter->createController()
 3 SYSTEMPATH\CodeIgniter.php(361): CodeIgniter\CodeIgniter->handleRequest(null, Object(Config\Cache), false)
 4 FCPATH\index.php(79): CodeIgniter\CodeIgniter->run()
INFO - 2023-12-11 18:59:18 --> Session: Class initialized using 'CodeIgniter\Session\Handlers\FileHandler' driver.
CRITICAL - 2023-12-11 18:59:18 --> Too few arguments to function App\Controllers\Home::home(), 0 passed in C:\xampp-2\htdocs\magic_pro\website\system\CodeIgniter.php on line 942 and exactly 1 expected
in APPPATH\Controllers\Home.php on line 54.
 1 SYSTEMPATH\CodeIgniter.php(942): App\Controllers\Home->home()
 2 SYSTEMPATH\CodeIgniter.php(502): CodeIgniter\CodeIgniter->runController(Object(App\Controllers\Home))
 3 SYSTEMPATH\CodeIgniter.php(361): CodeIgniter\CodeIgniter->handleRequest(null, Object(Config\Cache), false)
 4 FCPATH\index.php(79): CodeIgniter\CodeIgniter->run()
WARNING - 2023-12-11 18:59:39 --> [DEPRECATED] Creation of dynamic property App\Controllers\Home::$comman_model is deprecated in APPPATH\Controllers\Home.php on line 28.
 1 SYSTEMPATH\CodeIgniter.php(914): App\Controllers\Home->__construct()
 2 SYSTEMPATH\CodeIgniter.php(493): CodeIgniter\CodeIgniter->createController()
 3 SYSTEMPATH\CodeIgniter.php(361): CodeIgniter\CodeIgniter->handleRequest(null, Object(Config\Cache), false)
 4 FCPATH\index.php(79): CodeIgniter\CodeIgniter->run()
INFO - 2023-12-11 18:59:39 --> Session: Class initialized using 'CodeIgniter\Session\Handlers\FileHandler' driver.
CRITICAL - 2023-12-11 18:59:39 --> Undefined variable $param
in APPPATH\Controllers\Home.php on line 66.
 1 APPPATH\Controllers\Home.php(66): CodeIgniter\Debug\Exceptions->errorHandler(2, 'Undefined variable $param', 'C:\\xampp-2\\htdocs\\magic_pro\\website\\app\\Controllers\\Home.php', 66)
 2 SYSTEMPATH\CodeIgniter.php(942): App\Controllers\Home->home()
 3 SYSTEMPATH\CodeIgniter.php(502): CodeIgniter\CodeIgniter->runController(Object(App\Controllers\Home))
 4 SYSTEMPATH\CodeIgniter.php(361): CodeIgniter\CodeIgniter->handleRequest(null, Object(Config\Cache), false)
 5 FCPATH\index.php(79): CodeIgniter\CodeIgniter->run()
WARNING - 2023-12-11 18:59:47 --> [DEPRECATED] Creation of dynamic property App\Controllers\Home::$comman_model is deprecated in APPPATH\Controllers\Home.php on line 28.
 1 SYSTEMPATH\CodeIgniter.php(914): App\Controllers\Home->__construct()
 2 SYSTEMPATH\CodeIgniter.php(493): CodeIgniter\CodeIgniter->createController()
 3 SYSTEMPATH\CodeIgniter.php(361): CodeIgniter\CodeIgniter->handleRequest(null, Object(Config\Cache), false)
 4 FCPATH\index.php(79): CodeIgniter\CodeIgniter->run()
INFO - 2023-12-11 18:59:47 --> Session: Class initialized using 'CodeIgniter\Session\Handlers\FileHandler' driver.
WARNING - 2023-12-11 18:59:48 --> [DEPRECATED] Creation of dynamic property App\Controllers\Home::$comman_model is deprecated in APPPATH\Controllers\Home.php on line 28.
 1 SYSTEMPATH\CodeIgniter.php(914): App\Controllers\Home->__construct()
 2 SYSTEMPATH\CodeIgniter.php(493): CodeIgniter\CodeIgniter->createController()
 3 SYSTEMPATH\CodeIgniter.php(361): CodeIgniter\CodeIgniter->handleRequest(null, Object(Config\Cache), false)
 4 FCPATH\index.php(79): CodeIgniter\CodeIgniter->run()
INFO - 2023-12-11 18:59:48 --> Session: Class initialized using 'CodeIgniter\Session\Handlers\FileHandler' driver.
WARNING - 2023-12-11 18:59:55 --> [DEPRECATED] Creation of dynamic property App\Controllers\Home::$comman_model is deprecated in APPPATH\Controllers\Home.php on line 28.
 1 SYSTEMPATH\CodeIgniter.php(914): App\Controllers\Home->__construct()
 2 SYSTEMPATH\CodeIgniter.php(493): CodeIgniter\CodeIgniter->createController()
 3 SYSTEMPATH\CodeIgniter.php(361): CodeIgniter\CodeIgniter->handleRequest(null, Object(Config\Cache), false)
 4 FCPATH\index.php(79): CodeIgniter\CodeIgniter->run()
INFO - 2023-12-11 18:59:55 --> Session: Class initialized using 'CodeIgniter\Session\Handlers\FileHandler' driver.
CRITICAL - 2023-12-11 18:59:55 --> Too few arguments to function App\Controllers\Home::home(), 0 passed in C:\xampp-2\htdocs\magic_pro\website\system\CodeIgniter.php on line 942 and exactly 1 expected
in APPPATH\Controllers\Home.php on line 54.
 1 SYSTEMPATH\CodeIgniter.php(942): App\Controllers\Home->home()
 2 SYSTEMPATH\CodeIgniter.php(502): CodeIgniter\CodeIgniter->runController(Object(App\Controllers\Home))
 3 SYSTEMPATH\CodeIgniter.php(361): CodeIgniter\CodeIgniter->handleRequest(null, Object(Config\Cache), false)
 4 FCPATH\index.php(79): CodeIgniter\CodeIgniter->run()
WARNING - 2023-12-11 19:00:03 --> [DEPRECATED] Creation of dynamic property App\Controllers\Home::$comman_model is deprecated in APPPATH\Controllers\Home.php on line 28.
 1 SYSTEMPATH\CodeIgniter.php(914): App\Controllers\Home->__construct()
 2 SYSTEMPATH\CodeIgniter.php(493): CodeIgniter\CodeIgniter->createController()
 3 SYSTEMPATH\CodeIgniter.php(361): CodeIgniter\CodeIgniter->handleRequest(null, Object(Config\Cache), false)
 4 FCPATH\index.php(79): CodeIgniter\CodeIgniter->run()
INFO - 2023-12-11 19:00:03 --> Session: Class initialized using 'CodeIgniter\Session\Handlers\FileHandler' driver.
CRITICAL - 2023-12-11 19:00:04 --> A dynamic controller is not allowed for security reasons. Route handler: "\App\Controllers\$1::$2/$3"
in SYSTEMPATH\Router\Router.php on line 485.
 1 SYSTEMPATH\Router\Router.php(485): CodeIgniter\Router\Exceptions\RouterException::forDynamicController('\\App\\Controllers\\$1::$2/$3')
 2 SYSTEMPATH\Router\Router.php(186): CodeIgniter\Router\Router->checkRoutes('Asset/assets/vendor_components/x-editable/dist/bootstrap3-editable/js/bootstrap-editable.js')
 3 SYSTEMPATH\CodeIgniter.php(823): CodeIgniter\Router\Router->handle('Asset/assets/vendor_components/x-editable/dist/bootstrap3-editable/js/bootstrap-editable.js')
 4 SYSTEMPATH\CodeIgniter.php(450): CodeIgniter\CodeIgniter->tryToRouteIt(Object(CodeIgniter\Router\RouteCollection))
 5 SYSTEMPATH\CodeIgniter.php(361): CodeIgniter\CodeIgniter->handleRequest(null, Object(Config\Cache), false)
 6 FCPATH\index.php(79): CodeIgniter\CodeIgniter->run()
WARNING - 2023-12-11 19:00:04 --> [DEPRECATED] Creation of dynamic property App\Controllers\Includes::$comman_model is deprecated in APPPATH\Controllers\Includes.php on line 14.
 1 SYSTEMPATH\CodeIgniter.php(914): App\Controllers\Includes->__construct()
 2 SYSTEMPATH\CodeIgniter.php(493): CodeIgniter\CodeIgniter->createController()
 3 SYSTEMPATH\CodeIgniter.php(361): CodeIgniter\CodeIgniter->handleRequest(null, Object(Config\Cache), false)
 4 FCPATH\index.php(79): CodeIgniter\CodeIgniter->run()
INFO - 2023-12-11 19:00:04 --> Session: Class initialized using 'CodeIgniter\Session\Handlers\FileHandler' driver.
WARNING - 2023-12-11 19:00:09 --> [DEPRECATED] Creation of dynamic property App\Controllers\Home::$comman_model is deprecated in APPPATH\Controllers\Home.php on line 28.
 1 SYSTEMPATH\CodeIgniter.php(914): App\Controllers\Home->__construct()
 2 SYSTEMPATH\CodeIgniter.php(493): CodeIgniter\CodeIgniter->createController()
 3 SYSTEMPATH\CodeIgniter.php(361): CodeIgniter\CodeIgniter->handleRequest(null, Object(Config\Cache), false)
 4 FCPATH\index.php(79): CodeIgniter\CodeIgniter->run()
INFO - 2023-12-11 19:00:09 --> Session: Class initialized using 'CodeIgniter\Session\Handlers\FileHandler' driver.
CRITICAL - 2023-12-11 19:00:09 --> Too few arguments to function App\Controllers\Home::home(), 0 passed in C:\xampp-2\htdocs\magic_pro\website\system\CodeIgniter.php on line 942 and exactly 1 expected
in APPPATH\Controllers\Home.php on line 54.
 1 SYSTEMPATH\CodeIgniter.php(942): App\Controllers\Home->home()
 2 SYSTEMPATH\CodeIgniter.php(502): CodeIgniter\CodeIgniter->runController(Object(App\Controllers\Home))
 3 SYSTEMPATH\CodeIgniter.php(361): CodeIgniter\CodeIgniter->handleRequest(null, Object(Config\Cache), false)
 4 FCPATH\index.php(79): CodeIgniter\CodeIgniter->run()
CRITICAL - 2023-12-11 19:00:51 --> A dynamic controller is not allowed for security reasons. Route handler: "\App\Controllers\$1::$2"
in SYSTEMPATH\Router\Router.php on line 485.
 1 SYSTEMPATH\Router\Router.php(485): CodeIgniter\Router\Exceptions\RouterException::forDynamicController('\\App\\Controllers\\$1::$2')
 2 SYSTEMPATH\Router\Router.php(186): CodeIgniter\Router\Router->checkRoutes('home/home')
 3 SYSTEMPATH\CodeIgniter.php(823): CodeIgniter\Router\Router->handle('home/home')
 4 SYSTEMPATH\CodeIgniter.php(450): CodeIgniter\CodeIgniter->tryToRouteIt(Object(CodeIgniter\Router\RouteCollection))
 5 SYSTEMPATH\CodeIgniter.php(361): CodeIgniter\CodeIgniter->handleRequest(null, Object(Config\Cache), false)
 6 FCPATH\index.php(79): CodeIgniter\CodeIgniter->run()
CRITICAL - 2023-12-11 19:00:58 --> A dynamic controller is not allowed for security reasons. Route handler: "\App\Controllers\$1::$2/$3"
in SYSTEMPATH\Router\Router.php on line 485.
 1 SYSTEMPATH\Router\Router.php(485): CodeIgniter\Router\Exceptions\RouterException::forDynamicController('\\App\\Controllers\\$1::$2/$3')
 2 SYSTEMPATH\Router\Router.php(186): CodeIgniter\Router\Router->checkRoutes('home/home')
 3 SYSTEMPATH\CodeIgniter.php(823): CodeIgniter\Router\Router->handle('home/home')
 4 SYSTEMPATH\CodeIgniter.php(450): CodeIgniter\CodeIgniter->tryToRouteIt(Object(CodeIgniter\Router\RouteCollection))
 5 SYSTEMPATH\CodeIgniter.php(361): CodeIgniter\CodeIgniter->handleRequest(null, Object(Config\Cache), false)
 6 FCPATH\index.php(79): CodeIgniter\CodeIgniter->run()
WARNING - 2023-12-11 19:03:15 --> [DEPRECATED] Creation of dynamic property App\Controllers\Home::$comman_model is deprecated in APPPATH\Controllers\Home.php on line 28.
 1 SYSTEMPATH\CodeIgniter.php(914): App\Controllers\Home->__construct()
 2 SYSTEMPATH\CodeIgniter.php(493): CodeIgniter\CodeIgniter->createController()
 3 SYSTEMPATH\CodeIgniter.php(361): CodeIgniter\CodeIgniter->handleRequest(null, Object(Config\Cache), false)
 4 FCPATH\index.php(79): CodeIgniter\CodeIgniter->run()
INFO - 2023-12-11 19:03:15 --> Session: Class initialized using 'CodeIgniter\Session\Handlers\FileHandler' driver.
CRITICAL - 2023-12-11 19:03:15 --> Too few arguments to function App\Controllers\Home::home(), 0 passed in C:\xampp-2\htdocs\magic_pro\website\system\CodeIgniter.php on line 942 and exactly 1 expected
in APPPATH\Controllers\Home.php on line 54.
 1 SYSTEMPATH\CodeIgniter.php(942): App\Controllers\Home->home()
 2 SYSTEMPATH\CodeIgniter.php(502): CodeIgniter\CodeIgniter->runController(Object(App\Controllers\Home))
 3 SYSTEMPATH\CodeIgniter.php(361): CodeIgniter\CodeIgniter->handleRequest(null, Object(Config\Cache), false)
 4 FCPATH\index.php(79): CodeIgniter\CodeIgniter->run()
CRITICAL - 2023-12-11 19:03:33 --> A dynamic controller is not allowed for security reasons. Route handler: "\App\Controllers\$1::$2/$3"
in SYSTEMPATH\Router\Router.php on line 485.
 1 SYSTEMPATH\Router\Router.php(485): CodeIgniter\Router\Exceptions\RouterException::forDynamicController('\\App\\Controllers\\$1::$2/$3')
 2 SYSTEMPATH\Router\Router.php(186): CodeIgniter\Router\Router->checkRoutes('home/home/page')
 3 SYSTEMPATH\CodeIgniter.php(823): CodeIgniter\Router\Router->handle('home/home/page')
 4 SYSTEMPATH\CodeIgniter.php(450): CodeIgniter\CodeIgniter->tryToRouteIt(Object(CodeIgniter\Router\RouteCollection))
 5 SYSTEMPATH\CodeIgniter.php(361): CodeIgniter\CodeIgniter->handleRequest(null, Object(Config\Cache), false)
 6 FCPATH\index.php(79): CodeIgniter\CodeIgniter->run()
CRITICAL - 2023-12-11 19:04:25 --> A dynamic controller is not allowed for security reasons. Route handler: "\App\Controllers\$1::$2/$3"
in SYSTEMPATH\Router\Router.php on line 485.
 1 SYSTEMPATH\Router\Router.php(485): CodeIgniter\Router\Exceptions\RouterException::forDynamicController('\\App\\Controllers\\$1::$2/$3')
 2 SYSTEMPATH\Router\Router.php(186): CodeIgniter\Router\Router->checkRoutes('home/home/get')
 3 SYSTEMPATH\CodeIgniter.php(823): CodeIgniter\Router\Router->handle('home/home/get')
 4 SYSTEMPATH\CodeIgniter.php(450): CodeIgniter\CodeIgniter->tryToRouteIt(Object(CodeIgniter\Router\RouteCollection))
 5 SYSTEMPATH\CodeIgniter.php(361): CodeIgniter\CodeIgniter->handleRequest(null, Object(Config\Cache), false)
 6 FCPATH\index.php(79): CodeIgniter\CodeIgniter->run()
WARNING - 2023-12-11 19:05:38 --> [DEPRECATED] Creation of dynamic property App\Controllers\Home::$comman_model is deprecated in APPPATH\Controllers\Home.php on line 28.
 1 SYSTEMPATH\CodeIgniter.php(914): App\Controllers\Home->__construct()
 2 SYSTEMPATH\CodeIgniter.php(493): CodeIgniter\CodeIgniter->createController()
 3 SYSTEMPATH\CodeIgniter.php(361): CodeIgniter\CodeIgniter->handleRequest(null, Object(Config\Cache), false)
 4 FCPATH\index.php(79): CodeIgniter\CodeIgniter->run()
INFO - 2023-12-11 19:05:38 --> Session: Class initialized using 'CodeIgniter\Session\Handlers\FileHandler' driver.
WARNING - 2023-12-11 19:32:08 --> [DEPRECATED] Creation of dynamic property App\Controllers\Home::$comman_model is deprecated in APPPATH\Controllers\Home.php on line 28.
 1 SYSTEMPATH\CodeIgniter.php(914): App\Controllers\Home->__construct()
 2 SYSTEMPATH\CodeIgniter.php(493): CodeIgniter\CodeIgniter->createController()
 3 SYSTEMPATH\CodeIgniter.php(361): CodeIgniter\CodeIgniter->handleRequest(null, Object(Config\Cache), false)
 4 FCPATH\index.php(79): CodeIgniter\CodeIgniter->run()
INFO - 2023-12-11 19:32:08 --> Session: Class initialized using 'CodeIgniter\Session\Handlers\FileHandler' driver.
CRITICAL - 2023-12-11 19:32:22 --> A dynamic controller is not allowed for security reasons. Route handler: "\App\Controllers\$1::$2/$3"
in SYSTEMPATH\Router\Router.php on line 485.
 1 SYSTEMPATH\Router\Router.php(485): CodeIgniter\Router\Exceptions\RouterException::forDynamicController('\\App\\Controllers\\$1::$2/$3')
 2 SYSTEMPATH\Router\Router.php(186): CodeIgniter\Router\Router->checkRoutes('home/page/hi1')
 3 SYSTEMPATH\CodeIgniter.php(823): CodeIgniter\Router\Router->handle('home/page/hi1')
 4 SYSTEMPATH\CodeIgniter.php(450): CodeIgniter\CodeIgniter->tryToRouteIt(Object(CodeIgniter\Router\RouteCollection))
 5 SYSTEMPATH\CodeIgniter.php(361): CodeIgniter\CodeIgniter->handleRequest(null, Object(Config\Cache), false)
 6 FCPATH\index.php(79): CodeIgniter\CodeIgniter->run()
CRITICAL - 2023-12-11 19:32:38 --> A dynamic controller is not allowed for security reasons. Route handler: "\App\Controllers\$1::$2/$3"
in SYSTEMPATH\Router\Router.php on line 485.
 1 SYSTEMPATH\Router\Router.php(485): CodeIgniter\Router\Exceptions\RouterException::forDynamicController('\\App\\Controllers\\$1::$2/$3')
 2 SYSTEMPATH\Router\Router.php(186): CodeIgniter\Router\Router->checkRoutes('home/page/hi1')
 3 SYSTEMPATH\CodeIgniter.php(823): CodeIgniter\Router\Router->handle('home/page/hi1')
 4 SYSTEMPATH\CodeIgniter.php(450): CodeIgniter\CodeIgniter->tryToRouteIt(Object(CodeIgniter\Router\RouteCollection))
 5 SYSTEMPATH\CodeIgniter.php(361): CodeIgniter\CodeIgniter->handleRequest(null, Object(Config\Cache), false)
 6 FCPATH\index.php(79): CodeIgniter\CodeIgniter->run()
WARNING - 2023-12-11 19:33:10 --> [DEPRECATED] Creation of dynamic property App\Controllers\Home::$comman_model is deprecated in APPPATH\Controllers\Home.php on line 28.
 1 SYSTEMPATH\CodeIgniter.php(914): App\Controllers\Home->__construct()
 2 SYSTEMPATH\CodeIgniter.php(493): CodeIgniter\CodeIgniter->createController()
 3 SYSTEMPATH\CodeIgniter.php(361): CodeIgniter\CodeIgniter->handleRequest(null, Object(Config\Cache), false)
 4 FCPATH\index.php(79): CodeIgniter\CodeIgniter->run()
INFO - 2023-12-11 19:33:10 --> Session: Class initialized using 'CodeIgniter\Session\Handlers\FileHandler' driver.
CRITICAL - 2023-12-11 19:33:10 --> include(src/hi1.html): Failed to open stream: No such file or directory
in APPPATH\Controllers\Home.php on line 68.
 1 APPPATH\Controllers\Home.php(68): CodeIgniter\Debug\Exceptions->errorHandler(2, 'include(src/hi1.html): Failed to open stream: No such file or directory', 'C:\\xampp-2\\htdocs\\magic_pro\\website\\app\\Controllers\\Home.php', 68)
 2 APPPATH\Controllers\Home.php(68): include()
 3 SYSTEMPATH\CodeIgniter.php(942): App\Controllers\Home->page('hi1')
 4 SYSTEMPATH\CodeIgniter.php(502): CodeIgniter\CodeIgniter->runController(Object(App\Controllers\Home))
 5 SYSTEMPATH\CodeIgniter.php(361): CodeIgniter\CodeIgniter->handleRequest(null, Object(Config\Cache), false)
 6 FCPATH\index.php(79): CodeIgniter\CodeIgniter->run()
WARNING - 2023-12-11 19:33:36 --> [DEPRECATED] Creation of dynamic property App\Controllers\Home::$comman_model is deprecated in APPPATH\Controllers\Home.php on line 28.
 1 SYSTEMPATH\CodeIgniter.php(914): App\Controllers\Home->__construct()
 2 SYSTEMPATH\CodeIgniter.php(493): CodeIgniter\CodeIgniter->createController()
 3 SYSTEMPATH\CodeIgniter.php(361): CodeIgniter\CodeIgniter->handleRequest(null, Object(Config\Cache), false)
 4 FCPATH\index.php(79): CodeIgniter\CodeIgniter->run()
INFO - 2023-12-11 19:33:36 --> Session: Class initialized using 'CodeIgniter\Session\Handlers\FileHandler' driver.
CRITICAL - 2023-12-11 19:33:36 --> include(src/hi1.html): Failed to open stream: No such file or directory
in APPPATH\Controllers\Home.php on line 68.
 1 APPPATH\Controllers\Home.php(68): CodeIgniter\Debug\Exceptions->errorHandler(2, 'include(src/hi1.html): Failed to open stream: No such file or directory', 'C:\\xampp-2\\htdocs\\magic_pro\\website\\app\\Controllers\\Home.php', 68)
 2 APPPATH\Controllers\Home.php(68): include()
 3 SYSTEMPATH\CodeIgniter.php(942): App\Controllers\Home->page('hi1')
 4 SYSTEMPATH\CodeIgniter.php(502): CodeIgniter\CodeIgniter->runController(Object(App\Controllers\Home))
 5 SYSTEMPATH\CodeIgniter.php(361): CodeIgniter\CodeIgniter->handleRequest(null, Object(Config\Cache), false)
 6 FCPATH\index.php(79): CodeIgniter\CodeIgniter->run()
WARNING - 2023-12-11 19:34:01 --> [DEPRECATED] Creation of dynamic property App\Controllers\Home::$comman_model is deprecated in APPPATH\Controllers\Home.php on line 28.
 1 SYSTEMPATH\CodeIgniter.php(914): App\Controllers\Home->__construct()
 2 SYSTEMPATH\CodeIgniter.php(493): CodeIgniter\CodeIgniter->createController()
 3 SYSTEMPATH\CodeIgniter.php(361): CodeIgniter\CodeIgniter->handleRequest(null, Object(Config\Cache), false)
 4 FCPATH\index.php(79): CodeIgniter\CodeIgniter->run()
INFO - 2023-12-11 19:34:01 --> Session: Class initialized using 'CodeIgniter\Session\Handlers\FileHandler' driver.
WARNING - 2023-12-11 19:34:18 --> [DEPRECATED] Creation of dynamic property App\Controllers\Home::$comman_model is deprecated in APPPATH\Controllers\Home.php on line 28.
 1 SYSTEMPATH\CodeIgniter.php(914): App\Controllers\Home->__construct()
 2 SYSTEMPATH\CodeIgniter.php(493): CodeIgniter\CodeIgniter->createController()
 3 SYSTEMPATH\CodeIgniter.php(361): CodeIgniter\CodeIgniter->handleRequest(null, Object(Config\Cache), false)
 4 FCPATH\index.php(79): CodeIgniter\CodeIgniter->run()
INFO - 2023-12-11 19:34:18 --> Session: Class initialized using 'CodeIgniter\Session\Handlers\FileHandler' driver.
WARNING - 2023-12-11 19:34:57 --> [DEPRECATED] Creation of dynamic property App\Controllers\Home::$comman_model is deprecated in APPPATH\Controllers\Home.php on line 28.
 1 SYSTEMPATH\CodeIgniter.php(914): App\Controllers\Home->__construct()
 2 SYSTEMPATH\CodeIgniter.php(493): CodeIgniter\CodeIgniter->createController()
 3 SYSTEMPATH\CodeIgniter.php(361): CodeIgniter\CodeIgniter->handleRequest(null, Object(Config\Cache), false)
 4 FCPATH\index.php(79): CodeIgniter\CodeIgniter->run()
INFO - 2023-12-11 19:34:57 --> Session: Class initialized using 'CodeIgniter\Session\Handlers\FileHandler' driver.
CRITICAL - 2023-12-11 19:34:57 --> include(src/Includes.html): Failed to open stream: No such file or directory
in APPPATH\Controllers\Home.php on line 67.
 1 APPPATH\Controllers\Home.php(67): CodeIgniter\Debug\Exceptions->errorHandler(2, 'include(src/Includes.html): Failed to open stream: No such file or directory', 'C:\\xampp-2\\htdocs\\magic_pro\\website\\app\\Controllers\\Home.php', 67)
 2 APPPATH\Controllers\Home.php(67): include()
 3 SYSTEMPATH\CodeIgniter.php(942): App\Controllers\Home->page('Includes', 'fetch_posts_undefined')
 4 SYSTEMPATH\CodeIgniter.php(502): CodeIgniter\CodeIgniter->runController(Object(App\Controllers\Home))
 5 SYSTEMPATH\CodeIgniter.php(361): CodeIgniter\CodeIgniter->handleRequest(null, Object(Config\Cache), false)
 6 FCPATH\index.php(79): CodeIgniter\CodeIgniter->run()
WARNING - 2023-12-11 19:35:22 --> [DEPRECATED] Creation of dynamic property App\Controllers\Home::$comman_model is deprecated in APPPATH\Controllers\Home.php on line 28.
 1 SYSTEMPATH\CodeIgniter.php(914): App\Controllers\Home->__construct()
 2 SYSTEMPATH\CodeIgniter.php(493): CodeIgniter\CodeIgniter->createController()
 3 SYSTEMPATH\CodeIgniter.php(361): CodeIgniter\CodeIgniter->handleRequest(null, Object(Config\Cache), false)
 4 FCPATH\index.php(79): CodeIgniter\CodeIgniter->run()
INFO - 2023-12-11 19:35:22 --> Session: Class initialized using 'CodeIgniter\Session\Handlers\FileHandler' driver.
CRITICAL - 2023-12-11 19:35:22 --> include(src/Includes.html): Failed to open stream: No such file or directory
in APPPATH\Controllers\Home.php on line 66.
 1 APPPATH\Controllers\Home.php(66): CodeIgniter\Debug\Exceptions->errorHandler(2, 'include(src/Includes.html): Failed to open stream: No such file or directory', 'C:\\xampp-2\\htdocs\\magic_pro\\website\\app\\Controllers\\Home.php', 66)
 2 APPPATH\Controllers\Home.php(66): include()
 3 SYSTEMPATH\CodeIgniter.php(942): App\Controllers\Home->page('Includes', 'fetch_posts_undefined')
 4 SYSTEMPATH\CodeIgniter.php(502): CodeIgniter\CodeIgniter->runController(Object(App\Controllers\Home))
 5 SYSTEMPATH\CodeIgniter.php(361): CodeIgniter\CodeIgniter->handleRequest(null, Object(Config\Cache), false)
 6 FCPATH\index.php(79): CodeIgniter\CodeIgniter->run()
WARNING - 2023-12-11 19:35:22 --> [DEPRECATED] Creation of dynamic property App\Controllers\Home::$comman_model is deprecated in APPPATH\Controllers\Home.php on line 28.
 1 SYSTEMPATH\CodeIgniter.php(914): App\Controllers\Home->__construct()
 2 SYSTEMPATH\CodeIgniter.php(493): CodeIgniter\CodeIgniter->createController()
 3 SYSTEMPATH\CodeIgniter.php(361): CodeIgniter\CodeIgniter->handleRequest(null, Object(Config\Cache), false)
 4 FCPATH\index.php(79): CodeIgniter\CodeIgniter->run()
INFO - 2023-12-11 19:35:22 --> Session: Class initialized using 'CodeIgniter\Session\Handlers\FileHandler' driver.
CRITICAL - 2023-12-11 19:35:22 --> include(src/Asset.html): Failed to open stream: No such file or directory
in APPPATH\Controllers\Home.php on line 66.
 1 APPPATH\Controllers\Home.php(66): CodeIgniter\Debug\Exceptions->errorHandler(2, 'include(src/Asset.html): Failed to open stream: No such file or directory', 'C:\\xampp-2\\htdocs\\magic_pro\\website\\app\\Controllers\\Home.php', 66)
 2 APPPATH\Controllers\Home.php(66): include()
 3 SYSTEMPATH\CodeIgniter.php(942): App\Controllers\Home->page('Asset', 'imgs', 'main_icons', 'svg-icon', 'settings.svg')
 4 SYSTEMPATH\CodeIgniter.php(502): CodeIgniter\CodeIgniter->runController(Object(App\Controllers\Home))
 5 SYSTEMPATH\CodeIgniter.php(361): CodeIgniter\CodeIgniter->handleRequest(null, Object(Config\Cache), false)
 6 FCPATH\index.php(79): CodeIgniter\CodeIgniter->run()
WARNING - 2023-12-11 19:35:23 --> [DEPRECATED] Creation of dynamic property App\Controllers\Home::$comman_model is deprecated in APPPATH\Controllers\Home.php on line 28.
 1 SYSTEMPATH\CodeIgniter.php(914): App\Controllers\Home->__construct()
 2 SYSTEMPATH\CodeIgniter.php(493): CodeIgniter\CodeIgniter->createController()
 3 SYSTEMPATH\CodeIgniter.php(361): CodeIgniter\CodeIgniter->handleRequest(null, Object(Config\Cache), false)
 4 FCPATH\index.php(79): CodeIgniter\CodeIgniter->run()
INFO - 2023-12-11 19:35:23 --> Session: Class initialized using 'CodeIgniter\Session\Handlers\FileHandler' driver.
WARNING - 2023-12-11 19:35:23 --> [DEPRECATED] Creation of dynamic property App\Controllers\Home::$comman_model is deprecated in APPPATH\Controllers\Home.php on line 28.
 1 SYSTEMPATH\CodeIgniter.php(914): App\Controllers\Home->__construct()
 2 SYSTEMPATH\CodeIgniter.php(493): CodeIgniter\CodeIgniter->createController()
 3 SYSTEMPATH\CodeIgniter.php(361): CodeIgniter\CodeIgniter->handleRequest(null, Object(Config\Cache), false)
 4 FCPATH\index.php(79): CodeIgniter\CodeIgniter->run()
INFO - 2023-12-11 19:35:23 --> Session: Class initialized using 'CodeIgniter\Session\Handlers\FileHandler' driver.
CRITICAL - 2023-12-11 19:35:23 --> include(src/Includes.html): Failed to open stream: No such file or directory
in APPPATH\Controllers\Home.php on line 66.
 1 APPPATH\Controllers\Home.php(66): CodeIgniter\Debug\Exceptions->errorHandler(2, 'include(src/Includes.html): Failed to open stream: No such file or directory', 'C:\\xampp-2\\htdocs\\magic_pro\\website\\app\\Controllers\\Home.php', 66)
 2 APPPATH\Controllers\Home.php(66): include()
 3 SYSTEMPATH\CodeIgniter.php(942): App\Controllers\Home->page('Includes', 'fetch_posts_undefined')
 4 SYSTEMPATH\CodeIgniter.php(502): CodeIgniter\CodeIgniter->runController(Object(App\Controllers\Home))
 5 SYSTEMPATH\CodeIgniter.php(361): CodeIgniter\CodeIgniter->handleRequest(null, Object(Config\Cache), false)
 6 FCPATH\index.php(79): CodeIgniter\CodeIgniter->run()
WARNING - 2023-12-11 19:35:24 --> [DEPRECATED] Creation of dynamic property App\Controllers\Home::$comman_model is deprecated in APPPATH\Controllers\Home.php on line 28.
 1 SYSTEMPATH\CodeIgniter.php(914): App\Controllers\Home->__construct()
 2 SYSTEMPATH\CodeIgniter.php(493): CodeIgniter\CodeIgniter->createController()
 3 SYSTEMPATH\CodeIgniter.php(361): CodeIgniter\CodeIgniter->handleRequest(null, Object(Config\Cache), false)
 4 FCPATH\index.php(79): CodeIgniter\CodeIgniter->run()
INFO - 2023-12-11 19:35:24 --> Session: Class initialized using 'CodeIgniter\Session\Handlers\FileHandler' driver.
CRITICAL - 2023-12-11 19:35:24 --> include(src/Includes.html): Failed to open stream: No such file or directory
in APPPATH\Controllers\Home.php on line 66.
 1 APPPATH\Controllers\Home.php(66): CodeIgniter\Debug\Exceptions->errorHandler(2, 'include(src/Includes.html): Failed to open stream: No such file or directory', 'C:\\xampp-2\\htdocs\\magic_pro\\website\\app\\Controllers\\Home.php', 66)
 2 APPPATH\Controllers\Home.php(66): include()
 3 SYSTEMPATH\CodeIgniter.php(942): App\Controllers\Home->page('Includes', 'fetch_posts_undefined')
 4 SYSTEMPATH\CodeIgniter.php(502): CodeIgniter\CodeIgniter->runController(Object(App\Controllers\Home))
 5 SYSTEMPATH\CodeIgniter.php(361): CodeIgniter\CodeIgniter->handleRequest(null, Object(Config\Cache), false)
 6 FCPATH\index.php(79): CodeIgniter\CodeIgniter->run()
WARNING - 2023-12-11 19:35:24 --> [DEPRECATED] Creation of dynamic property App\Controllers\Home::$comman_model is deprecated in APPPATH\Controllers\Home.php on line 28.
 1 SYSTEMPATH\CodeIgniter.php(914): App\Controllers\Home->__construct()
 2 SYSTEMPATH\CodeIgniter.php(493): CodeIgniter\CodeIgniter->createController()
 3 SYSTEMPATH\CodeIgniter.php(361): CodeIgniter\CodeIgniter->handleRequest(null, Object(Config\Cache), false)
 4 FCPATH\index.php(79): CodeIgniter\CodeIgniter->run()
INFO - 2023-12-11 19:35:24 --> Session: Class initialized using 'CodeIgniter\Session\Handlers\FileHandler' driver.
CRITICAL - 2023-12-11 19:35:24 --> include(src/Asset.html): Failed to open stream: No such file or directory
in APPPATH\Controllers\Home.php on line 66.
 1 APPPATH\Controllers\Home.php(66): CodeIgniter\Debug\Exceptions->errorHandler(2, 'include(src/Asset.html): Failed to open stream: No such file or directory', 'C:\\xampp-2\\htdocs\\magic_pro\\website\\app\\Controllers\\Home.php', 66)
 2 APPPATH\Controllers\Home.php(66): include()
 3 SYSTEMPATH\CodeIgniter.php(942): App\Controllers\Home->page('Asset', 'imgs', 'main_icons', 'svg-icon', 'settings.svg')
 4 SYSTEMPATH\CodeIgniter.php(502): CodeIgniter\CodeIgniter->runController(Object(App\Controllers\Home))
 5 SYSTEMPATH\CodeIgniter.php(361): CodeIgniter\CodeIgniter->handleRequest(null, Object(Config\Cache), false)
 6 FCPATH\index.php(79): CodeIgniter\CodeIgniter->run()
WARNING - 2023-12-11 19:35:34 --> [DEPRECATED] Creation of dynamic property App\Controllers\Home::$comman_model is deprecated in APPPATH\Controllers\Home.php on line 28.
 1 SYSTEMPATH\CodeIgniter.php(914): App\Controllers\Home->__construct()
 2 SYSTEMPATH\CodeIgniter.php(493): CodeIgniter\CodeIgniter->createController()
 3 SYSTEMPATH\CodeIgniter.php(361): CodeIgniter\CodeIgniter->handleRequest(null, Object(Config\Cache), false)
 4 FCPATH\index.php(79): CodeIgniter\CodeIgniter->run()
INFO - 2023-12-11 19:35:34 --> Session: Class initialized using 'CodeIgniter\Session\Handlers\FileHandler' driver.
WARNING - 2023-12-11 19:35:34 --> [DEPRECATED] Creation of dynamic property App\Controllers\Home::$comman_model is deprecated in APPPATH\Controllers\Home.php on line 28.
 1 SYSTEMPATH\CodeIgniter.php(914): App\Controllers\Home->__construct()
 2 SYSTEMPATH\CodeIgniter.php(493): CodeIgniter\CodeIgniter->createController()
 3 SYSTEMPATH\CodeIgniter.php(361): CodeIgniter\CodeIgniter->handleRequest(null, Object(Config\Cache), false)
 4 FCPATH\index.php(79): CodeIgniter\CodeIgniter->run()
INFO - 2023-12-11 19:35:34 --> Session: Class initialized using 'CodeIgniter\Session\Handlers\FileHandler' driver.
CRITICAL - 2023-12-11 19:35:34 --> include(src/Includes.html): Failed to open stream: No such file or directory
in APPPATH\Controllers\Home.php on line 65.
 1 APPPATH\Controllers\Home.php(65): CodeIgniter\Debug\Exceptions->errorHandler(2, 'include(src/Includes.html): Failed to open stream: No such file or directory', 'C:\\xampp-2\\htdocs\\magic_pro\\website\\app\\Controllers\\Home.php', 65)
 2 APPPATH\Controllers\Home.php(65): include()
 3 SYSTEMPATH\CodeIgniter.php(942): App\Controllers\Home->page('Includes', 'fetch_posts_undefined')
 4 SYSTEMPATH\CodeIgniter.php(502): CodeIgniter\CodeIgniter->runController(Object(App\Controllers\Home))
 5 SYSTEMPATH\CodeIgniter.php(361): CodeIgniter\CodeIgniter->handleRequest(null, Object(Config\Cache), false)
 6 FCPATH\index.php(79): CodeIgniter\CodeIgniter->run()
WARNING - 2023-12-11 19:35:34 --> [DEPRECATED] Creation of dynamic property App\Controllers\Home::$comman_model is deprecated in APPPATH\Controllers\Home.php on line 28.
 1 SYSTEMPATH\CodeIgniter.php(914): App\Controllers\Home->__construct()
 2 SYSTEMPATH\CodeIgniter.php(493): CodeIgniter\CodeIgniter->createController()
 3 SYSTEMPATH\CodeIgniter.php(361): CodeIgniter\CodeIgniter->handleRequest(null, Object(Config\Cache), false)
 4 FCPATH\index.php(79): CodeIgniter\CodeIgniter->run()
INFO - 2023-12-11 19:35:34 --> Session: Class initialized using 'CodeIgniter\Session\Handlers\FileHandler' driver.
CRITICAL - 2023-12-11 19:35:34 --> include(src/Asset.html): Failed to open stream: No such file or directory
in APPPATH\Controllers\Home.php on line 65.
 1 APPPATH\Controllers\Home.php(65): CodeIgniter\Debug\Exceptions->errorHandler(2, 'include(src/Asset.html): Failed to open stream: No such file or directory', 'C:\\xampp-2\\htdocs\\magic_pro\\website\\app\\Controllers\\Home.php', 65)
 2 APPPATH\Controllers\Home.php(65): include()
 3 SYSTEMPATH\CodeIgniter.php(942): App\Controllers\Home->page('Asset', 'imgs', 'main_icons', 'svg-icon', 'settings.svg')
 4 SYSTEMPATH\CodeIgniter.php(502): CodeIgniter\CodeIgniter->runController(Object(App\Controllers\Home))
 5 SYSTEMPATH\CodeIgniter.php(361): CodeIgniter\CodeIgniter->handleRequest(null, Object(Config\Cache), false)
 6 FCPATH\index.php(79): CodeIgniter\CodeIgniter->run()
WARNING - 2023-12-11 19:36:38 --> [DEPRECATED] Creation of dynamic property App\Controllers\Home::$comman_model is deprecated in APPPATH\Controllers\Home.php on line 28.
 1 SYSTEMPATH\CodeIgniter.php(914): App\Controllers\Home->__construct()
 2 SYSTEMPATH\CodeIgniter.php(493): CodeIgniter\CodeIgniter->createController()
 3 SYSTEMPATH\CodeIgniter.php(361): CodeIgniter\CodeIgniter->handleRequest(null, Object(Config\Cache), false)
 4 FCPATH\index.php(79): CodeIgniter\CodeIgniter->run()
INFO - 2023-12-11 19:36:38 --> Session: Class initialized using 'CodeIgniter\Session\Handlers\FileHandler' driver.
CRITICAL - 2023-12-11 19:36:38 --> include(src/my-pages.html): Failed to open stream: No such file or directory
in APPPATH\Controllers\Home.php on line 65.
 1 APPPATH\Controllers\Home.php(65): CodeIgniter\Debug\Exceptions->errorHandler(2, 'include(src/my-pages.html): Failed to open stream: No such file or directory', 'C:\\xampp-2\\htdocs\\magic_pro\\website\\app\\Controllers\\Home.php', 65)
 2 APPPATH\Controllers\Home.php(65): include()
 3 SYSTEMPATH\CodeIgniter.php(942): App\Controllers\Home->page('my-pages', 'my-page')
 4 SYSTEMPATH\CodeIgniter.php(502): CodeIgniter\CodeIgniter->runController(Object(App\Controllers\Home))
 5 SYSTEMPATH\CodeIgniter.php(361): CodeIgniter\CodeIgniter->handleRequest(null, Object(Config\Cache), false)
 6 FCPATH\index.php(79): CodeIgniter\CodeIgniter->run()
WARNING - 2023-12-11 19:37:30 --> [DEPRECATED] Creation of dynamic property App\Controllers\Home::$comman_model is deprecated in APPPATH\Controllers\Home.php on line 28.
 1 SYSTEMPATH\CodeIgniter.php(914): App\Controllers\Home->__construct()
 2 SYSTEMPATH\CodeIgniter.php(493): CodeIgniter\CodeIgniter->createController()
 3 SYSTEMPATH\CodeIgniter.php(361): CodeIgniter\CodeIgniter->handleRequest(null, Object(Config\Cache), false)
 4 FCPATH\index.php(79): CodeIgniter\CodeIgniter->run()
INFO - 2023-12-11 19:37:30 --> Session: Class initialized using 'CodeIgniter\Session\Handlers\FileHandler' driver.
CRITICAL - 2023-12-11 19:37:30 --> include(src/my-pages.html): Failed to open stream: No such file or directory
in APPPATH\Controllers\Home.php on line 65.
 1 APPPATH\Controllers\Home.php(65): CodeIgniter\Debug\Exceptions->errorHandler(2, 'include(src/my-pages.html): Failed to open stream: No such file or directory', 'C:\\xampp-2\\htdocs\\magic_pro\\website\\app\\Controllers\\Home.php', 65)
 2 APPPATH\Controllers\Home.php(65): include()
 3 SYSTEMPATH\CodeIgniter.php(942): App\Controllers\Home->page('my-pages', 'my-page')
 4 SYSTEMPATH\CodeIgniter.php(502): CodeIgniter\CodeIgniter->runController(Object(App\Controllers\Home))
 5 SYSTEMPATH\CodeIgniter.php(361): CodeIgniter\CodeIgniter->handleRequest(null, Object(Config\Cache), false)
 6 FCPATH\index.php(79): CodeIgniter\CodeIgniter->run()
WARNING - 2023-12-11 19:37:31 --> [DEPRECATED] Creation of dynamic property App\Controllers\Home::$comman_model is deprecated in APPPATH\Controllers\Home.php on line 28.
 1 SYSTEMPATH\CodeIgniter.php(914): App\Controllers\Home->__construct()
 2 SYSTEMPATH\CodeIgniter.php(493): CodeIgniter\CodeIgniter->createController()
 3 SYSTEMPATH\CodeIgniter.php(361): CodeIgniter\CodeIgniter->handleRequest(null, Object(Config\Cache), false)
 4 FCPATH\index.php(79): CodeIgniter\CodeIgniter->run()
INFO - 2023-12-11 19:37:31 --> Session: Class initialized using 'CodeIgniter\Session\Handlers\FileHandler' driver.
CRITICAL - 2023-12-11 19:37:31 --> include(src/my-pages.html): Failed to open stream: No such file or directory
in APPPATH\Controllers\Home.php on line 65.
 1 APPPATH\Controllers\Home.php(65): CodeIgniter\Debug\Exceptions->errorHandler(2, 'include(src/my-pages.html): Failed to open stream: No such file or directory', 'C:\\xampp-2\\htdocs\\magic_pro\\website\\app\\Controllers\\Home.php', 65)
 2 APPPATH\Controllers\Home.php(65): include()
 3 SYSTEMPATH\CodeIgniter.php(942): App\Controllers\Home->page('my-pages', 'my-page')
 4 SYSTEMPATH\CodeIgniter.php(502): CodeIgniter\CodeIgniter->runController(Object(App\Controllers\Home))
 5 SYSTEMPATH\CodeIgniter.php(361): CodeIgniter\CodeIgniter->handleRequest(null, Object(Config\Cache), false)
 6 FCPATH\index.php(79): CodeIgniter\CodeIgniter->run()
WARNING - 2023-12-11 19:38:45 --> [DEPRECATED] Creation of dynamic property App\Controllers\Home::$comman_model is deprecated in APPPATH\Controllers\Home.php on line 28.
 1 SYSTEMPATH\CodeIgniter.php(914): App\Controllers\Home->__construct()
 2 SYSTEMPATH\CodeIgniter.php(493): CodeIgniter\CodeIgniter->createController()
 3 SYSTEMPATH\CodeIgniter.php(361): CodeIgniter\CodeIgniter->handleRequest(null, Object(Config\Cache), false)
 4 FCPATH\index.php(79): CodeIgniter\CodeIgniter->run()
INFO - 2023-12-11 19:38:45 --> Session: Class initialized using 'CodeIgniter\Session\Handlers\FileHandler' driver.
CRITICAL - 2023-12-11 19:38:45 --> include(src/h2.html): Failed to open stream: No such file or directory
in APPPATH\Controllers\Home.php on line 65.
 1 APPPATH\Controllers\Home.php(65): CodeIgniter\Debug\Exceptions->errorHandler(2, 'include(src/h2.html): Failed to open stream: No such file or directory', 'C:\\xampp-2\\htdocs\\magic_pro\\website\\app\\Controllers\\Home.php', 65)
 2 APPPATH\Controllers\Home.php(65): include()
 3 SYSTEMPATH\CodeIgniter.php(942): App\Controllers\Home->page('h2')
 4 SYSTEMPATH\CodeIgniter.php(502): CodeIgniter\CodeIgniter->runController(Object(App\Controllers\Home))
 5 SYSTEMPATH\CodeIgniter.php(361): CodeIgniter\CodeIgniter->handleRequest(null, Object(Config\Cache), false)
 6 FCPATH\index.php(79): CodeIgniter\CodeIgniter->run()
WARNING - 2023-12-11 19:38:53 --> [DEPRECATED] Creation of dynamic property App\Controllers\Home::$comman_model is deprecated in APPPATH\Controllers\Home.php on line 28.
 1 SYSTEMPATH\CodeIgniter.php(914): App\Controllers\Home->__construct()
 2 SYSTEMPATH\CodeIgniter.php(493): CodeIgniter\CodeIgniter->createController()
 3 SYSTEMPATH\CodeIgniter.php(361): CodeIgniter\CodeIgniter->handleRequest(null, Object(Config\Cache), false)
 4 FCPATH\index.php(79): CodeIgniter\CodeIgniter->run()
INFO - 2023-12-11 19:38:53 --> Session: Class initialized using 'CodeIgniter\Session\Handlers\FileHandler' driver.
WARNING - 2023-12-11 19:38:53 --> [DEPRECATED] Creation of dynamic property App\Controllers\Home::$comman_model is deprecated in APPPATH\Controllers\Home.php on line 28.
 1 SYSTEMPATH\CodeIgniter.php(914): App\Controllers\Home->__construct()
 2 SYSTEMPATH\CodeIgniter.php(493): CodeIgniter\CodeIgniter->createController()
 3 SYSTEMPATH\CodeIgniter.php(361): CodeIgniter\CodeIgniter->handleRequest(null, Object(Config\Cache), false)
 4 FCPATH\index.php(79): CodeIgniter\CodeIgniter->run()
INFO - 2023-12-11 19:38:53 --> Session: Class initialized using 'CodeIgniter\Session\Handlers\FileHandler' driver.
CRITICAL - 2023-12-11 19:38:53 --> include(src/Includes.html): Failed to open stream: No such file or directory
in APPPATH\Controllers\Home.php on line 65.
 1 APPPATH\Controllers\Home.php(65): CodeIgniter\Debug\Exceptions->errorHandler(2, 'include(src/Includes.html): Failed to open stream: No such file or directory', 'C:\\xampp-2\\htdocs\\magic_pro\\website\\app\\Controllers\\Home.php', 65)
 2 APPPATH\Controllers\Home.php(65): include()
 3 SYSTEMPATH\CodeIgniter.php(942): App\Controllers\Home->page('Includes', 'fetch_posts_undefined')
 4 SYSTEMPATH\CodeIgniter.php(502): CodeIgniter\CodeIgniter->runController(Object(App\Controllers\Home))
 5 SYSTEMPATH\CodeIgniter.php(361): CodeIgniter\CodeIgniter->handleRequest(null, Object(Config\Cache), false)
 6 FCPATH\index.php(79): CodeIgniter\CodeIgniter->run()
WARNING - 2023-12-11 19:38:54 --> [DEPRECATED] Creation of dynamic property App\Controllers\Home::$comman_model is deprecated in APPPATH\Controllers\Home.php on line 28.
 1 SYSTEMPATH\CodeIgniter.php(914): App\Controllers\Home->__construct()
 2 SYSTEMPATH\CodeIgniter.php(493): CodeIgniter\CodeIgniter->createController()
 3 SYSTEMPATH\CodeIgniter.php(361): CodeIgniter\CodeIgniter->handleRequest(null, Object(Config\Cache), false)
 4 FCPATH\index.php(79): CodeIgniter\CodeIgniter->run()
INFO - 2023-12-11 19:38:54 --> Session: Class initialized using 'CodeIgniter\Session\Handlers\FileHandler' driver.
CRITICAL - 2023-12-11 19:38:54 --> include(src/Asset.html): Failed to open stream: No such file or directory
in APPPATH\Controllers\Home.php on line 65.
 1 APPPATH\Controllers\Home.php(65): CodeIgniter\Debug\Exceptions->errorHandler(2, 'include(src/Asset.html): Failed to open stream: No such file or directory', 'C:\\xampp-2\\htdocs\\magic_pro\\website\\app\\Controllers\\Home.php', 65)
 2 APPPATH\Controllers\Home.php(65): include()
 3 SYSTEMPATH\CodeIgniter.php(942): App\Controllers\Home->page('Asset', 'imgs', 'main_icons', 'svg-icon', 'settings.svg')
 4 SYSTEMPATH\CodeIgniter.php(502): CodeIgniter\CodeIgniter->runController(Object(App\Controllers\Home))
 5 SYSTEMPATH\CodeIgniter.php(361): CodeIgniter\CodeIgniter->handleRequest(null, Object(Config\Cache), false)
 6 FCPATH\index.php(79): CodeIgniter\CodeIgniter->run()
