CRITICAL - 2023-12-17 19:02:07 --> include(src/Includes.html): Failed to open stream: No such file or directory
in APPPATH\Controllers\Home.php on line 43.
 1 APPPATH\Controllers\Home.php(43): CodeIgniter\Debug\Exceptions->errorHandler(2, 'include(src/Includes.html): Failed to open stream: No such file or directory', 'C:\\xampp-2\\htdocs\\magic_pro\\website\\app\\Controllers\\Home.php', 43)
 2 APPPATH\Controllers\Home.php(43): include()
 3 SYSTEMPATH\CodeIgniter.php(942): App\Controllers\Home->page('Includes', 'fetch_posts_undefined')
 4 SYSTEMPATH\CodeIgniter.php(502): CodeIgniter\CodeIgniter->runController(Object(App\Controllers\Home))
 5 SYSTEMPATH\CodeIgniter.php(361): CodeIgniter\CodeIgniter->handleRequest(null, Object(Config\Cache), false)
 6 FCPATH\index.php(79): CodeIgniter\CodeIgniter->run()
CRITICAL - 2023-12-17 19:02:07 --> include(src/Asset.html): Failed to open stream: No such file or directory
in APPPATH\Controllers\Home.php on line 43.
 1 APPPATH\Controllers\Home.php(43): CodeIgniter\Debug\Exceptions->errorHandler(2, 'include(src/Asset.html): Failed to open stream: No such file or directory', 'C:\\xampp-2\\htdocs\\magic_pro\\website\\app\\Controllers\\Home.php', 43)
 2 APPPATH\Controllers\Home.php(43): include()
 3 SYSTEMPATH\CodeIgniter.php(942): App\Controllers\Home->page('Asset', 'imgs', 'main_icons', 'svg-icon', 'settings.svg')
 4 SYSTEMPATH\CodeIgniter.php(502): CodeIgniter\CodeIgniter->runController(Object(App\Controllers\Home))
 5 SYSTEMPATH\CodeIgniter.php(361): CodeIgniter\CodeIgniter->handleRequest(null, Object(Config\Cache), false)
 6 FCPATH\index.php(79): CodeIgniter\CodeIgniter->run()
CRITICAL - 2023-12-17 20:24:29 --> Invalid file: "includes/header_loads.php"
in SYSTEMPATH\Exceptions\FrameworkException.php on line 39.
 1 SYSTEMPATH\View\View.php(216): CodeIgniter\Exceptions\FrameworkException::forInvalidFile('includes/header_loads.php')
 2 SYSTEMPATH\Common.php(1190): CodeIgniter\View\View->render('includes/header_loads', [], true)
 3 APPPATH\Views\home\home.php(5): view('includes/header_loads')
 4 SYSTEMPATH\View\View.php(228): include('C:\\xampp-2\\htdocs\\magic_pro\\website\\app\\Views\\home\\home.php')
 5 SYSTEMPATH\View\View.php(231): CodeIgniter\View\View->CodeIgniter\View\{closure}()
 6 SYSTEMPATH\Common.php(1190): CodeIgniter\View\View->render('home/home', [], true)
 7 APPPATH\Controllers\Home.php(58): view('home/home', [...])
 8 SYSTEMPATH\CodeIgniter.php(942): App\Controllers\Home->index()
 9 SYSTEMPATH\CodeIgniter.php(502): CodeIgniter\CodeIgniter->runController(Object(App\Controllers\Home))
10 SYSTEMPATH\CodeIgniter.php(361): CodeIgniter\CodeIgniter->handleRequest(null, Object(Config\Cache), false)
11 FCPATH\index.php(79): CodeIgniter\CodeIgniter->run()
ERROR - 2023-12-17 20:36:17 --> mysqli_sql_exception: Table 'website.transaction' doesn't exist in C:\xampp-2\htdocs\magic_pro\website\system\Database\MySQLi\Connection.php:306
Stack trace:
#0 C:\xampp-2\htdocs\magic_pro\website\system\Database\MySQLi\Connection.php(306): mysqli->query('SELECT * FROM t...', 0)
#1 C:\xampp-2\htdocs\magic_pro\website\system\Database\BaseConnection.php(693): CodeIgniter\Database\MySQLi\Connection->execute('SELECT * FROM t...')
#2 C:\xampp-2\htdocs\magic_pro\website\system\Database\BaseConnection.php(607): CodeIgniter\Database\BaseConnection->simpleQuery('SELECT * FROM t...')
#3 C:\xampp-2\htdocs\magic_pro\website\app\Models\Comman_model.php(54): CodeIgniter\Database\BaseConnection->query('SELECT * FROM t...')
#4 C:\xampp-2\htdocs\magic_pro\website\app\Controllers\Includes.php(52): App\Models\Comman_model->get_all_data_by_query('SELECT * FROM t...')
#5 C:\xampp-2\htdocs\magic_pro\website\system\CodeIgniter.php(942): App\Controllers\Includes->fetch_posts_home()
#6 C:\xampp-2\htdocs\magic_pro\website\system\CodeIgniter.php(502): CodeIgniter\CodeIgniter->runController(Object(App\Controllers\Includes))
#7 C:\xampp-2\htdocs\magic_pro\website\system\CodeIgniter.php(361): CodeIgniter\CodeIgniter->handleRequest(NULL, Object(Config\Cache), false)
#8 C:\xampp-2\htdocs\magic_pro\website\public\index.php(79): CodeIgniter\CodeIgniter->run()
#9 {main}
CRITICAL - 2023-12-17 20:36:17 --> Table 'website.transaction' doesn't exist
in SYSTEMPATH\Database\BaseConnection.php on line 647.
 1 APPPATH\Models\Comman_model.php(54): CodeIgniter\Database\BaseConnection->query('SELECT * FROM transaction ORDER BY date DESC LIMIT 0,10')
 2 APPPATH\Controllers\Includes.php(52): App\Models\Comman_model->get_all_data_by_query('SELECT * FROM transaction ORDER BY date DESC LIMIT 0,10')
 3 SYSTEMPATH\CodeIgniter.php(942): App\Controllers\Includes->fetch_posts_home()
 4 SYSTEMPATH\CodeIgniter.php(502): CodeIgniter\CodeIgniter->runController(Object(App\Controllers\Includes))
 5 SYSTEMPATH\CodeIgniter.php(361): CodeIgniter\CodeIgniter->handleRequest(null, Object(Config\Cache), false)
 6 FCPATH\index.php(79): CodeIgniter\CodeIgniter->run()
ERROR - 2023-12-17 20:38:33 --> mysqli_sql_exception: Table 'website.transaction' doesn't exist in C:\xampp-2\htdocs\magic_pro\website\system\Database\MySQLi\Connection.php:306
Stack trace:
#0 C:\xampp-2\htdocs\magic_pro\website\system\Database\MySQLi\Connection.php(306): mysqli->query('SELECT * FROM t...', 0)
#1 C:\xampp-2\htdocs\magic_pro\website\system\Database\BaseConnection.php(693): CodeIgniter\Database\MySQLi\Connection->execute('SELECT * FROM t...')
#2 C:\xampp-2\htdocs\magic_pro\website\system\Database\BaseConnection.php(607): CodeIgniter\Database\BaseConnection->simpleQuery('SELECT * FROM t...')
#3 C:\xampp-2\htdocs\magic_pro\website\app\Models\Comman_model.php(54): CodeIgniter\Database\BaseConnection->query('SELECT * FROM t...')
#4 C:\xampp-2\htdocs\magic_pro\website\app\Controllers\Includes.php(52): App\Models\Comman_model->get_all_data_by_query('SELECT * FROM t...')
#5 C:\xampp-2\htdocs\magic_pro\website\system\CodeIgniter.php(942): App\Controllers\Includes->fetch_posts_home()
#6 C:\xampp-2\htdocs\magic_pro\website\system\CodeIgniter.php(502): CodeIgniter\CodeIgniter->runController(Object(App\Controllers\Includes))
#7 C:\xampp-2\htdocs\magic_pro\website\system\CodeIgniter.php(361): CodeIgniter\CodeIgniter->handleRequest(NULL, Object(Config\Cache), false)
#8 C:\xampp-2\htdocs\magic_pro\website\public\index.php(79): CodeIgniter\CodeIgniter->run()
#9 {main}
CRITICAL - 2023-12-17 20:38:33 --> Table 'website.transaction' doesn't exist
in SYSTEMPATH\Database\BaseConnection.php on line 647.
 1 APPPATH\Models\Comman_model.php(54): CodeIgniter\Database\BaseConnection->query('SELECT * FROM transaction ORDER BY date DESC LIMIT 0,10')
 2 APPPATH\Controllers\Includes.php(52): App\Models\Comman_model->get_all_data_by_query('SELECT * FROM transaction ORDER BY date DESC LIMIT 0,10')
 3 SYSTEMPATH\CodeIgniter.php(942): App\Controllers\Includes->fetch_posts_home()
 4 SYSTEMPATH\CodeIgniter.php(502): CodeIgniter\CodeIgniter->runController(Object(App\Controllers\Includes))
 5 SYSTEMPATH\CodeIgniter.php(361): CodeIgniter\CodeIgniter->handleRequest(null, Object(Config\Cache), false)
 6 FCPATH\index.php(79): CodeIgniter\CodeIgniter->run()
ERROR - 2023-12-17 20:39:00 --> mysqli_sql_exception: Table 'website.transaction' doesn't exist in C:\xampp-2\htdocs\magic_pro\website\system\Database\MySQLi\Connection.php:306
Stack trace:
#0 C:\xampp-2\htdocs\magic_pro\website\system\Database\MySQLi\Connection.php(306): mysqli->query('SELECT * FROM t...', 0)
#1 C:\xampp-2\htdocs\magic_pro\website\system\Database\BaseConnection.php(693): CodeIgniter\Database\MySQLi\Connection->execute('SELECT * FROM t...')
#2 C:\xampp-2\htdocs\magic_pro\website\system\Database\BaseConnection.php(607): CodeIgniter\Database\BaseConnection->simpleQuery('SELECT * FROM t...')
#3 C:\xampp-2\htdocs\magic_pro\website\app\Models\Comman_model.php(54): CodeIgniter\Database\BaseConnection->query('SELECT * FROM t...')
#4 C:\xampp-2\htdocs\magic_pro\website\app\Controllers\Includes.php(52): App\Models\Comman_model->get_all_data_by_query('SELECT * FROM t...')
#5 C:\xampp-2\htdocs\magic_pro\website\system\CodeIgniter.php(942): App\Controllers\Includes->fetch_posts_home()
#6 C:\xampp-2\htdocs\magic_pro\website\system\CodeIgniter.php(502): CodeIgniter\CodeIgniter->runController(Object(App\Controllers\Includes))
#7 C:\xampp-2\htdocs\magic_pro\website\system\CodeIgniter.php(361): CodeIgniter\CodeIgniter->handleRequest(NULL, Object(Config\Cache), false)
#8 C:\xampp-2\htdocs\magic_pro\website\public\index.php(79): CodeIgniter\CodeIgniter->run()
#9 {main}
CRITICAL - 2023-12-17 20:39:00 --> Table 'website.transaction' doesn't exist
in SYSTEMPATH\Database\BaseConnection.php on line 647.
 1 APPPATH\Models\Comman_model.php(54): CodeIgniter\Database\BaseConnection->query('SELECT * FROM transaction ORDER BY date DESC LIMIT 0,10')
 2 APPPATH\Controllers\Includes.php(52): App\Models\Comman_model->get_all_data_by_query('SELECT * FROM transaction ORDER BY date DESC LIMIT 0,10')
 3 SYSTEMPATH\CodeIgniter.php(942): App\Controllers\Includes->fetch_posts_home()
 4 SYSTEMPATH\CodeIgniter.php(502): CodeIgniter\CodeIgniter->runController(Object(App\Controllers\Includes))
 5 SYSTEMPATH\CodeIgniter.php(361): CodeIgniter\CodeIgniter->handleRequest(null, Object(Config\Cache), false)
 6 FCPATH\index.php(79): CodeIgniter\CodeIgniter->run()
CRITICAL - 2023-12-17 20:50:16 --> Using $this when not in object context
in APPPATH\Helpers\functions_zone_helper.php on line 292.
 1 APPPATH\Controllers\Includes.php(65): table_view('team', '', '')
 2 SYSTEMPATH\CodeIgniter.php(942): App\Controllers\Includes->fetch_table()
 3 SYSTEMPATH\CodeIgniter.php(502): CodeIgniter\CodeIgniter->runController(Object(App\Controllers\Includes))
 4 SYSTEMPATH\CodeIgniter.php(361): CodeIgniter\CodeIgniter->handleRequest(null, Object(Config\Cache), false)
 5 FCPATH\index.php(79): CodeIgniter\CodeIgniter->run()
CRITICAL - 2023-12-17 20:52:19 --> Call to undefined function get_instance()
in APPPATH\Helpers\functions_zone_helper.php on line 263.
 1 APPPATH\Controllers\Includes.php(65): table_view('team', '', '')
 2 SYSTEMPATH\CodeIgniter.php(942): App\Controllers\Includes->fetch_table()
 3 SYSTEMPATH\CodeIgniter.php(502): CodeIgniter\CodeIgniter->runController(Object(App\Controllers\Includes))
 4 SYSTEMPATH\CodeIgniter.php(361): CodeIgniter\CodeIgniter->handleRequest(null, Object(Config\Cache), false)
 5 FCPATH\index.php(79): CodeIgniter\CodeIgniter->run()
CRITICAL - 2023-12-17 20:55:47 --> Undefined property: CodeIgniter\HTTP\IncomingRequest::$request
in APPPATH\Helpers\functions_zone_helper.php on line 292.
 1 APPPATH\Helpers\functions_zone_helper.php(292): CodeIgniter\Debug\Exceptions->errorHandler(2, 'Undefined property: CodeIgniter\\HTTP\\IncomingRequest::$request', 'C:\\xampp-2\\htdocs\\magic_pro\\website\\app\\Helpers\\functions_zone_helper.php', 292)
 2 APPPATH\Controllers\Includes.php(65): table_view('team', '', '')
 3 SYSTEMPATH\CodeIgniter.php(942): App\Controllers\Includes->fetch_table()
 4 SYSTEMPATH\CodeIgniter.php(502): CodeIgniter\CodeIgniter->runController(Object(App\Controllers\Includes))
 5 SYSTEMPATH\CodeIgniter.php(361): CodeIgniter\CodeIgniter->handleRequest(null, Object(Config\Cache), false)
 6 FCPATH\index.php(79): CodeIgniter\CodeIgniter->run()
CRITICAL - 2023-12-17 20:58:15 --> Undefined property: CodeIgniter\HTTP\IncomingRequest::$request
in APPPATH\Helpers\functions_zone_helper.php on line 292.
 1 APPPATH\Helpers\functions_zone_helper.php(292): CodeIgniter\Debug\Exceptions->errorHandler(2, 'Undefined property: CodeIgniter\\HTTP\\IncomingRequest::$request', 'C:\\xampp-2\\htdocs\\magic_pro\\website\\app\\Helpers\\functions_zone_helper.php', 292)
 2 APPPATH\Controllers\Includes.php(65): table_view('team', '', '')
 3 SYSTEMPATH\CodeIgniter.php(942): App\Controllers\Includes->fetch_table()
 4 SYSTEMPATH\CodeIgniter.php(502): CodeIgniter\CodeIgniter->runController(Object(App\Controllers\Includes))
 5 SYSTEMPATH\CodeIgniter.php(361): CodeIgniter\CodeIgniter->handleRequest(null, Object(Config\Cache), false)
 6 FCPATH\index.php(79): CodeIgniter\CodeIgniter->run()
